#
# A fatal error has been detected by the Java Runtime Environment:
#
#  EXCEPTION_ACCESS_VIOLATION (0xc0000005) at pc=0x00007fff878de0a9, pid=6748, tid=6660
#
# JRE version: OpenJDK Runtime Environment Microsoft-8035246 (17.0.8+7) (build 17.0.8+7-LTS)
# Java VM: OpenJDK 64-Bit Server VM Microsoft-8035246 (17.0.8+7-LTS, mixed mode, sharing, tiered, compressed oops, compressed class ptrs, g1 gc, windows-amd64)
# Problematic frame:
# V  [jvm.dll+0x2be0a9]
#
# No core dump will be written. Minidumps are not enabled by default on client versions of Windows
#
# If you would like to submit a bug report, please visit:
#   https://github.com/microsoft/openjdk/issues
#

---------------  S U M M A R Y ------------

Command Line: -XX:MaxMetaspaceSize=512m --add-opens=java.base/java.util=ALL-UNNAMED --add-opens=java.base/java.lang=ALL-UNNAMED --add-opens=java.base/java.lang.invoke=ALL-UNNAMED --add-opens=java.base/java.util=ALL-UNNAMED --add-opens=java.prefs/java.util.prefs=ALL-UNNAMED --add-opens=java.prefs/java.util.prefs=ALL-UNNAMED --add-opens=java.base/java.nio.charset=ALL-UNNAMED --add-opens=java.base/java.net=ALL-UNNAMED --add-opens=java.base/java.util.concurrent.atomic=ALL-UNNAMED -Xmx2048m -Dfile.encoding=windows-1252 -Duser.country=ZA -Duser.language=en -Duser.variant org.gradle.launcher.daemon.bootstrap.GradleDaemon 7.3.3

Host: Intel(R) Xeon(R) Platinum 8272CL CPU @ 2.60GHz, 4 cores, 15G,  Windows 11 , 64 bit Build 22000 (10.0.22000.2538)
Time: Wed Nov 20 22:31:19 2024 South Africa Standard Time elapsed time: 47.605549 seconds (0d 0h 0m 47s)

---------------  T H R E A D  ---------------

Current thread (0x000001b73f86a7d0):  JavaThread "C2 CompilerThread0" daemon [_thread_in_native, id=6660, stack(0x000000a78b500000,0x000000a78b600000)]


Current CompileTask:
C2:  47605 14410       4       org.gradle.cache.internal.CacheAccessWorker$1::call (10 bytes)

Stack: [0x000000a78b500000,0x000000a78b600000],  sp=0x000000a78b5fb250,  free space=1004k
Native frames: (J=compiled Java code, j=interpreted, Vv=VM code, C=native code)
V  [jvm.dll+0x2be0a9]
V  [jvm.dll+0x21ba8b]
V  [jvm.dll+0x21944b]
V  [jvm.dll+0x1a56b6]
V  [jvm.dll+0x2291ea]
V  [jvm.dll+0x22724c]
V  [jvm.dll+0x7efd0c]
V  [jvm.dll+0x7ea13a]
V  [jvm.dll+0x67ad85]
C  [ucrtbase.dll+0x26c0c]
C  [KERNEL32.DLL+0x153e0]
C  [ntdll.dll+0x485b]


siginfo: EXCEPTION_ACCESS_VIOLATION (0xc0000005), reading address 0x0000000000000028


Register to memory mapping:

RIP=0x00007fff878de0a9 jvm.dll
RAX=0x000001b76547a300 points into unknown readable memory: 0x0000000000000000 | 00 00 00 00 00 00 00 00
RBX=0x0000000000001718 is an unknown value
RCX=0x0 is NULL
RDX=0x0 is NULL
RSP=0x000000a78b5fb250 is pointing into the stack for thread: 0x000001b73f86a7d0
RBP=0x000000a78b5fb2c0 is pointing into the stack for thread: 0x000001b73f86a7d0
RSI=0x0 is NULL
RDI=0x0000000000000047 is an unknown value
R8 =0x000000000000ffe0 is an unknown value
R9 =0x0 is NULL
R10=0x00007ffff6900000 VCRUNTIME140.dll
R11=0x000001b76547a320 points into unknown readable memory: 0x0000000000000000 | 00 00 00 00 00 00 00 00
R12=0x0000000000000050 is an unknown value
R13=0x0 is NULL
R14=0x0 is NULL
R15=0x000000a78b5fe470 is pointing into the stack for thread: 0x000001b73f86a7d0


Registers:
RAX=0x000001b76547a300, RBX=0x0000000000001718, RCX=0x0000000000000000, RDX=0x0000000000000000
RSP=0x000000a78b5fb250, RBP=0x000000a78b5fb2c0, RSI=0x0000000000000000, RDI=0x0000000000000047
R8 =0x000000000000ffe0, R9 =0x0000000000000000, R10=0x00007ffff6900000, R11=0x000001b76547a320
R12=0x0000000000000050, R13=0x0000000000000000, R14=0x0000000000000000, R15=0x000000a78b5fe470
RIP=0x00007fff878de0a9, EFLAGS=0x0000000000010202

Top of Stack: (sp=0x000000a78b5fb250)
0x000000a78b5fb250:   0000000000001718 0000000000000000
0x000000a78b5fb260:   000000a78b5fe470 00007fff878438d1
0x000000a78b5fb270:   000001b73f85df70 00007fff00002000
0x000000a78b5fb280:   000001b76547a300 0000000000000000
0x000000a78b5fb290:   0000000000000002 000001b7650b00e0
0x000000a78b5fb2a0:   0000000000000002 000001b73f85df70
0x000000a78b5fb2b0:   0000000000000000 0000000000000000
0x000000a78b5fb2c0:   000001b73f841fd0 000001b721c68e40
0x000000a78b5fb2d0:   0000000000000047 00007fff87f64c08
0x000000a78b5fb2e0:   000000a78b5fb3f0 00007fff8783ba8b
0x000000a78b5fb2f0:   000000a78b5fe470 00007fff87f64c08
0x000000a78b5fb300:   000000a78b5fe470 000000a78b5fb3f0
0x000000a78b5fb310:   000000a700000000 000000a78b5fefd0
0x000000a78b5fb320:   000000a70000000f 000000a78b5fe470
0x000000a78b5fb330:   000000a78b5fb4a0 00007fff00000000
0x000000a78b5fb340:   000001b700000100 00007fff87f64c08 

Instructions: (pc=0x00007fff878de0a9)
0x00007fff878ddfa9:   3b d0 75 0b ff c1 41 3b c9 7c dc 48 8b c2 c3 33
0x00007fff878ddfb9:   c0 c3 cc cc cc cc cc 48 89 5c 24 18 55 56 57 41
0x00007fff878ddfc9:   55 41 57 48 8b ec 48 83 ec 70 65 48 8b 04 25 58
0x00007fff878ddfd9:   00 00 00 48 8b f2 44 8b 05 d2 8b 90 00 4c 8b f9
0x00007fff878ddfe9:   4a 8b 1c c0 b8 50 00 00 00 80 3c 18 00 75 05 e8
0x00007fff878ddff9:   8b 6f 5d 00 b8 20 00 00 00 48 8b 04 18 48 8b 98
0x00007fff878de009:   38 02 00 00 48 89 5d b0 c7 45 b8 04 00 00 00 48
0x00007fff878de019:   8b 43 18 48 83 f8 df 76 18 4c 8d 05 37 a9 65 00
0x00007fff878de029:   ba 20 00 00 00 48 8b cb e8 5a eb de ff 48 8b 43
0x00007fff878de039:   18 48 8d 48 20 48 3b 4b 20 76 11 45 33 c0 48 8b
0x00007fff878de049:   cb 41 8d 50 20 e8 fd e8 de ff eb 04 48 89 4b 18
0x00007fff878de059:   44 8b 45 b8 33 d2 49 c1 e0 03 48 8b c8 48 89 45
0x00007fff878de069:   c0 e8 e3 80 5d 00 45 33 ed 48 8d 4d d0 44 89 6d
0x00007fff878de079:   c8 e8 01 59 56 00 41 8b 9f 40 02 00 00 41 2b 9f
0x00007fff878de089:   68 02 00 00 44 89 6d f0 3b 5d b8 72 0b 8b d3 48
0x00007fff878de099:   8d 4d b0 e8 6f b3 39 00 48 8b 45 c0 4c 89 2c d8
0x00007fff878de0a9:   8b 7e 28 8b df c1 eb 05 3b 5d d0 72 0b 8b d3 48
0x00007fff878de0b9:   8d 4d d0 e8 1f 59 56 00 48 8b 45 d8 83 e7 1f 48
0x00007fff878de0c9:   8d 14 98 40 0f b6 cf 41 b8 01 00 00 00 41 d3 e0
0x00007fff878de0d9:   8b 0a 8b c1 41 0b c0 89 02 41 85 c8 75 21 8b 5d
0x00007fff878de0e9:   c8 8d 43 01 89 45 c8 3b 5d b8 72 0b 8b d3 48 8d
0x00007fff878de0f9:   4d b0 e8 10 b3 39 00 48 8b 45 c0 48 89 34 d8 44
0x00007fff878de109:   39 6d c8 0f 86 77 01 00 00 4c 89 a4 24 a0 00 00
0x00007fff878de119:   00 4c 89 b4 24 a8 00 00 00 48 8b 45 c0 41 8b cd
0x00007fff878de129:   48 8b 34 c8 8b 46 2c 25 ff 1f 00 00 3d 04 10 00
0x00007fff878de139:   00 0f 85 a7 00 00 00 bb 01 00 00 00 39 5e 18 76
0x00007fff878de149:   39 66 0f 1f 44 00 00 48 8b 46 08 8b cb 48 8b 14
0x00007fff878de159:   c8 48 85 d2 74 1d 48 83 7a 10 00 74 16 80 7a 2c
0x00007fff878de169:   84 74 10 e8 7f 7e ee ff 48 8b d0 49 8b cf e8 a4
0x00007fff878de179:   61 f6 ff ff c3 3b 5e 18 72 cd 48 8b 5e 10 8b 46
0x00007fff878de189:   20 4c 8d 34 c3 49 3b de 73 54 48 8b 3b 8b 47 2c
0x00007fff878de199:   83 e0 03 3c 03 75 2e 48 8b 07 48 8b cf ff 90 88 


Stack slot to memory mapping:
stack at sp + 0 slots: 0x0000000000001718 is an unknown value
stack at sp + 1 slots: 0x0 is NULL
stack at sp + 2 slots: 0x000000a78b5fe470 is pointing into the stack for thread: 0x000001b73f86a7d0
stack at sp + 3 slots: 0x00007fff878438d1 jvm.dll
stack at sp + 4 slots: 0x000001b73f85df70 points into unknown readable memory: 0x000001b700000006 | 06 00 00 00 b7 01 00 00
stack at sp + 5 slots: 0x00007fff00002000 is an unknown value
stack at sp + 6 slots: 0x000001b76547a300 points into unknown readable memory: 0x0000000000000000 | 00 00 00 00 00 00 00 00
stack at sp + 7 slots: 0x0 is NULL


---------------  P R O C E S S  ---------------

Threads class SMR info:
_java_thread_list=0x000001b765473a20, length=90, elements={
0x000001b721c52130, 0x000001b73f844e60, 0x000001b73f845a20, 0x000001b73f85f300,
0x000001b73f85fcc0, 0x000001b73f860680, 0x000001b73f863f90, 0x000001b73f86a7d0,
0x000001b73f86c4a0, 0x000001b73f86d160, 0x000001b73faa5d40, 0x000001b73faa6c60,
0x000001b76041e5b0, 0x000001b76097b6d0, 0x000001b760597a10, 0x000001b760da7650,
0x000001b75f9cefb0, 0x000001b7609b02f0, 0x000001b7609af8d0, 0x000001b7609b0800,
0x000001b7609aeeb0, 0x000001b7609ad050, 0x000001b7609af3c0, 0x000001b7609afde0,
0x000001b7609ada70, 0x000001b7609adf80, 0x000001b7609ae490, 0x000001b7609ae9a0,
0x000001b761ae0ab0, 0x000001b761adb4a0, 0x000001b761adaa80, 0x000001b761adb9b0,
0x000001b761ae0090, 0x000001b761ae0fc0, 0x000001b761adf670, 0x000001b761adc8e0,
0x000001b761adfb80, 0x000001b761adcdf0, 0x000001b761ae05a0, 0x000001b761add810,
0x000001b761add300, 0x000001b761ade230, 0x000001b761ae14d0, 0x000001b761ade740,
0x000001b761addd20, 0x000001b761ae19e0, 0x000001b761ada570, 0x000001b761adaf90,
0x000001b761adbec0, 0x000001b761adc3d0, 0x000001b761adec50, 0x000001b760444770,
0x000001b760444260, 0x000001b760444c80, 0x000001b76043fb80, 0x000001b760441ef0,
0x000001b76043ec50, 0x000001b760440fc0, 0x000001b760445bb0, 0x000001b7604456a0,
0x000001b760440090, 0x000001b760442400, 0x000001b7604405a0, 0x000001b7604460c0,
0x000001b760443840, 0x000001b7604419e0, 0x000001b760440ab0, 0x000001b7604465d0,
0x000001b760442910, 0x000001b7604414d0, 0x000001b76043f160, 0x000001b760442e20,
0x000001b760445190, 0x000001b76043f670, 0x000001b760443330, 0x000001b7646613a0,
0x000001b764661dc0, 0x000001b7646622d0, 0x000001b7646627e0, 0x000001b764660e90,
0x000001b764662cf0, 0x000001b76465f540, 0x000001b76465fa50, 0x000001b76465ff60,
0x000001b761fcdec0, 0x000001b762127030, 0x000001b761fccf90, 0x000001b764660470,
0x000001b764660980, 0x000001b7646618b0
}

Java Threads: ( => current thread )
  0x000001b721c52130 JavaThread "main" [_thread_blocked, id=6924, stack(0x000000a78a800000,0x000000a78a900000)]
  0x000001b73f844e60 JavaThread "Reference Handler" daemon [_thread_blocked, id=4884, stack(0x000000a78af00000,0x000000a78b000000)]
  0x000001b73f845a20 JavaThread "Finalizer" daemon [_thread_blocked, id=6656, stack(0x000000a78b000000,0x000000a78b100000)]
  0x000001b73f85f300 JavaThread "Signal Dispatcher" daemon [_thread_blocked, id=4664, stack(0x000000a78b100000,0x000000a78b200000)]
  0x000001b73f85fcc0 JavaThread "Attach Listener" daemon [_thread_blocked, id=10308, stack(0x000000a78b200000,0x000000a78b300000)]
  0x000001b73f860680 JavaThread "Service Thread" daemon [_thread_blocked, id=11908, stack(0x000000a78b300000,0x000000a78b400000)]
  0x000001b73f863f90 JavaThread "Monitor Deflation Thread" daemon [_thread_blocked, id=2920, stack(0x000000a78b400000,0x000000a78b500000)]
=>0x000001b73f86a7d0 JavaThread "C2 CompilerThread0" daemon [_thread_in_native, id=6660, stack(0x000000a78b500000,0x000000a78b600000)]
  0x000001b73f86c4a0 JavaThread "C1 CompilerThread0" daemon [_thread_blocked, id=5368, stack(0x000000a78b600000,0x000000a78b700000)]
  0x000001b73f86d160 JavaThread "Sweeper thread" daemon [_thread_blocked, id=1204, stack(0x000000a78b700000,0x000000a78b800000)]
  0x000001b73faa5d40 JavaThread "Common-Cleaner" daemon [_thread_blocked, id=10064, stack(0x000000a78b800000,0x000000a78b900000)]
  0x000001b73faa6c60 JavaThread "Notification Thread" daemon [_thread_blocked, id=5180, stack(0x000000a78b900000,0x000000a78ba00000)]
  0x000001b76041e5b0 JavaThread "Daemon health stats" [_thread_blocked, id=1684, stack(0x000000a78bf00000,0x000000a78c000000)]
  0x000001b76097b6d0 JavaThread "Incoming local TCP Connector on port 50419" [_thread_in_native, id=11624, stack(0x000000a78c000000,0x000000a78c100000)]
  0x000001b760597a10 JavaThread "Daemon periodic checks" [_thread_blocked, id=3204, stack(0x000000a78c100000,0x000000a78c200000)]
  0x000001b760da7650 JavaThread "Daemon" [_thread_blocked, id=7652, stack(0x000000a78c200000,0x000000a78c300000)]
  0x000001b75f9cefb0 JavaThread "Handler for socket connection from /127.0.0.1:50419 to /127.0.0.1:50420" [_thread_in_native, id=2636, stack(0x000000a78c300000,0x000000a78c400000)]
  0x000001b7609b02f0 JavaThread "Cancel handler" [_thread_blocked, id=2464, stack(0x000000a78c400000,0x000000a78c500000)]
  0x000001b7609af8d0 JavaThread "Daemon worker" [_thread_blocked, id=7104, stack(0x000000a78c500000,0x000000a78c600000)]
  0x000001b7609b0800 JavaThread "Asynchronous log dispatcher for DefaultDaemonConnection: socket connection from /127.0.0.1:50419 to /127.0.0.1:50420" [_thread_blocked, id=6704, stack(0x000000a78c600000,0x000000a78c700000)]
  0x000001b7609aeeb0 JavaThread "Stdin handler" [_thread_blocked, id=11816, stack(0x000000a78c700000,0x000000a78c800000)]
  0x000001b7609ad050 JavaThread "Daemon client event forwarder" [_thread_blocked, id=4244, stack(0x000000a78c800000,0x000000a78c900000)]
  0x000001b7609af3c0 JavaThread "Cache worker for journal cache (C:\Users\lab_services_student\.gradle\caches\journal-1)" [_thread_blocked, id=9148, stack(0x000000a78c900000,0x000000a78ca00000)]
  0x000001b7609afde0 JavaThread "File lock request listener" [_thread_in_native, id=1548, stack(0x000000a78ca00000,0x000000a78cb00000)]
  0x000001b7609ada70 JavaThread "Cache worker for file hash cache (C:\Users\lab_services_student\.gradle\caches\7.3.3\fileHashes)" [_thread_blocked, id=12064, stack(0x000000a78cb00000,0x000000a78cc00000)]
  0x000001b7609adf80 JavaThread "Cache worker for file hash cache (C:\Users\lab_services_student\Desktop\VS PROJECTS\PART2\android\.gradle\7.3.3\fileHashes)" [_thread_blocked, id=11012, stack(0x000000a78cc00000,0x000000a78cd00000)]
  0x000001b7609ae490 JavaThread "File watcher server" daemon [_thread_in_native, id=440, stack(0x000000a78cd00000,0x000000a78ce00000)]
  0x000001b7609ae9a0 JavaThread "File watcher consumer" daemon [_thread_blocked, id=9920, stack(0x000000a78ce00000,0x000000a78cf00000)]
  0x000001b761ae0ab0 JavaThread "Cache worker for checksums cache (C:\Users\lab_services_student\Desktop\VS PROJECTS\PART2\android\.gradle\7.3.3\checksums)" [_thread_blocked, id=8664, stack(0x000000a78cf00000,0x000000a78d000000)]
  0x000001b761adb4a0 JavaThread "Cache worker for cache directory md-supplier (C:\Users\lab_services_student\.gradle\caches\7.3.3\md-supplier)" [_thread_blocked, id=3884, stack(0x000000a78d000000,0x000000a78d100000)]
  0x000001b761adaa80 JavaThread "Cache worker for cache directory md-rule (C:\Users\lab_services_student\.gradle\caches\7.3.3\md-rule)" [_thread_blocked, id=9708, stack(0x000000a78d100000,0x000000a78d200000)]
  0x000001b761adb9b0 JavaThread "Cache worker for execution history cache (C:\Users\lab_services_student\.gradle\caches\7.3.3\executionHistory)" [_thread_blocked, id=9112, stack(0x000000a78d200000,0x000000a78d300000)]
  0x000001b761ae0090 JavaThread "jar transforms" [_thread_blocked, id=11944, stack(0x000000a78d300000,0x000000a78d400000)]
  0x000001b761ae0fc0 JavaThread "jar transforms Thread 2" [_thread_blocked, id=10992, stack(0x000000a78bb00000,0x000000a78bc00000)]
  0x000001b761adf670 JavaThread "Cache worker for file content cache (C:\Users\lab_services_student\.gradle\caches\7.3.3\fileContent)" [_thread_blocked, id=11640, stack(0x000000a78d500000,0x000000a78d600000)]
  0x000001b761adc8e0 JavaThread "jar transforms Thread 3" [_thread_blocked, id=11720, stack(0x000000a78d600000,0x000000a78d700000)]
  0x000001b761adfb80 JavaThread "jar transforms Thread 4" [_thread_blocked, id=9776, stack(0x000000a78d700000,0x000000a78d800000)]
  0x000001b761adcdf0 JavaThread "Cache worker for kotlin-dsl (C:\Users\lab_services_student\.gradle\caches\7.3.3\kotlin-dsl)" [_thread_blocked, id=11100, stack(0x000000a78d800000,0x000000a78d900000)]
  0x000001b761ae05a0 JavaThread "Cache worker for dependencies-accessors (C:\Users\lab_services_student\Desktop\VS PROJECTS\PART2\android\.gradle\7.3.3\dependencies-accessors)" [_thread_blocked, id=9812, stack(0x000000a78d900000,0x000000a78da00000)]
  0x000001b761add810 JavaThread "Cache worker for Build Output Cleanup Cache (C:\Users\lab_services_student\Desktop\VS PROJECTS\PART2\node_modules\react-native-gradle-plugin\.gradle\buildOutputCleanup)" [_thread_blocked, id=11940, stack(0x000000a78da00000,0x000000a78db00000)]
  0x000001b761add300 JavaThread "Unconstrained build operations" [_thread_in_native, id=5760, stack(0x000000a78db00000,0x000000a78dc00000)]
  0x000001b761ade230 JavaThread "Unconstrained build operations Thread 2" [_thread_blocked, id=6672, stack(0x000000a78dc00000,0x000000a78dd00000)]
  0x000001b761ae14d0 JavaThread "Unconstrained build operations Thread 3" [_thread_in_Java, id=4708, stack(0x000000a78dd00000,0x000000a78de00000)]
  0x000001b761ade740 JavaThread "Unconstrained build operations Thread 4" [_thread_blocked, id=2404, stack(0x000000a78de00000,0x000000a78df00000)]
  0x000001b761addd20 JavaThread "Unconstrained build operations Thread 5" [_thread_blocked, id=8168, stack(0x000000a78df00000,0x000000a78e000000)]
  0x000001b761ae19e0 JavaThread "Unconstrained build operations Thread 6" [_thread_blocked, id=8760, stack(0x000000a78e000000,0x000000a78e100000)]
  0x000001b761ada570 JavaThread "Unconstrained build operations Thread 7" [_thread_blocked, id=9200, stack(0x000000a78e100000,0x000000a78e200000)]
  0x000001b761adaf90 JavaThread "Unconstrained build operations Thread 8" [_thread_blocked, id=9876, stack(0x000000a78e200000,0x000000a78e300000)]
  0x000001b761adbec0 JavaThread "Unconstrained build operations Thread 9" [_thread_blocked, id=7608, stack(0x000000a78e300000,0x000000a78e400000)]
  0x000001b761adc3d0 JavaThread "Unconstrained build operations Thread 10" [_thread_blocked, id=4860, stack(0x000000a78e400000,0x000000a78e500000)]
  0x000001b761adec50 JavaThread "Unconstrained build operations Thread 11" [_thread_blocked, id=10088, stack(0x000000a78e500000,0x000000a78e600000)]
  0x000001b760444770 JavaThread "Unconstrained build operations Thread 12" [_thread_blocked, id=9864, stack(0x000000a78e600000,0x000000a78e700000)]
  0x000001b760444260 JavaThread "Unconstrained build operations Thread 13" [_thread_blocked, id=4568, stack(0x000000a78e700000,0x000000a78e800000)]
  0x000001b760444c80 JavaThread "Unconstrained build operations Thread 14" [_thread_blocked, id=6680, stack(0x000000a78e800000,0x000000a78e900000)]
  0x000001b76043fb80 JavaThread "Unconstrained build operations Thread 15" [_thread_blocked, id=5708, stack(0x000000a78e900000,0x000000a78ea00000)]
  0x000001b760441ef0 JavaThread "Unconstrained build operations Thread 16" [_thread_blocked, id=5504, stack(0x000000a78ea00000,0x000000a78eb00000)]
  0x000001b76043ec50 JavaThread "Unconstrained build operations Thread 17" [_thread_blocked, id=9384, stack(0x000000a78eb00000,0x000000a78ec00000)]
  0x000001b760440fc0 JavaThread "Unconstrained build operations Thread 18" [_thread_blocked, id=9996, stack(0x000000a78ec00000,0x000000a78ed00000)]
  0x000001b760445bb0 JavaThread "Unconstrained build operations Thread 19" [_thread_blocked, id=1736, stack(0x000000a78ed00000,0x000000a78ee00000)]
  0x000001b7604456a0 JavaThread "Unconstrained build operations Thread 20" [_thread_blocked, id=9324, stack(0x000000a78ee00000,0x000000a78ef00000)]
  0x000001b760440090 JavaThread "Unconstrained build operations Thread 21" [_thread_blocked, id=6804, stack(0x000000a78ef00000,0x000000a78f000000)]
  0x000001b760442400 JavaThread "Unconstrained build operations Thread 22" [_thread_blocked, id=10076, stack(0x000000a78f000000,0x000000a78f100000)]
  0x000001b7604405a0 JavaThread "Unconstrained build operations Thread 23" [_thread_blocked, id=7628, stack(0x000000a78f100000,0x000000a78f200000)]
  0x000001b7604460c0 JavaThread "Unconstrained build operations Thread 24" [_thread_blocked, id=7352, stack(0x000000a78f200000,0x000000a78f300000)]
  0x000001b760443840 JavaThread "Unconstrained build operations Thread 25" [_thread_blocked, id=2300, stack(0x000000a78f300000,0x000000a78f400000)]
  0x000001b7604419e0 JavaThread "Unconstrained build operations Thread 26" [_thread_blocked, id=7392, stack(0x000000a78f400000,0x000000a78f500000)]
  0x000001b760440ab0 JavaThread "Unconstrained build operations Thread 27" [_thread_blocked, id=1756, stack(0x000000a78f500000,0x000000a78f600000)]
  0x000001b7604465d0 JavaThread "Unconstrained build operations Thread 28" [_thread_blocked, id=4988, stack(0x000000a78f600000,0x000000a78f700000)]
  0x000001b760442910 JavaThread "Unconstrained build operations Thread 29" [_thread_blocked, id=9412, stack(0x000000a78f700000,0x000000a78f800000)]
  0x000001b7604414d0 JavaThread "Unconstrained build operations Thread 30" [_thread_blocked, id=10028, stack(0x000000a78f800000,0x000000a78f900000)]
  0x000001b76043f160 JavaThread "Unconstrained build operations Thread 31" [_thread_blocked, id=8436, stack(0x000000a78f900000,0x000000a78fa00000)]
  0x000001b760442e20 JavaThread "Unconstrained build operations Thread 32" [_thread_blocked, id=7804, stack(0x000000a78fa00000,0x000000a78fb00000)]
  0x000001b760445190 JavaThread "Unconstrained build operations Thread 33" [_thread_blocked, id=10144, stack(0x000000a78fb00000,0x000000a78fc00000)]
  0x000001b76043f670 JavaThread "build event listener" [_thread_blocked, id=11628, stack(0x000000a78fc00000,0x000000a78fd00000)]
  0x000001b760443330 JavaThread "Memory manager" [_thread_blocked, id=2384, stack(0x000000a78fd00000,0x000000a78fe00000)]
  0x000001b7646613a0 JavaThread "Cache worker for Build Output Cleanup Cache (C:\Users\lab_services_student\Desktop\VS PROJECTS\PART2\android\.gradle\buildOutputCleanup)" [_thread_blocked, id=2628, stack(0x000000a78fe00000,0x000000a78ff00000)]
  0x000001b764661dc0 JavaThread "included builds" [_thread_blocked, id=7048, stack(0x000000a78ff00000,0x000000a790000000)]
  0x000001b7646622d0 JavaThread "Cache worker for execution history cache (C:\Users\lab_services_student\Desktop\VS PROJECTS\PART2\node_modules\react-native-gradle-plugin\.gradle\7.3.3\executionHistory)" [_thread_blocked, id=6856, stack(0x000000a790300000,0x000000a790400000)]
  0x000001b7646627e0 JavaThread "Unconstrained build operations Thread 34" [_thread_blocked, id=10300, stack(0x000000a790400000,0x000000a790500000)]
  0x000001b764660e90 JavaThread "Unconstrained build operations Thread 35" [_thread_blocked, id=10768, stack(0x000000a790500000,0x000000a790600000)]
  0x000001b764662cf0 JavaThread "Unconstrained build operations Thread 36" [_thread_blocked, id=9392, stack(0x000000a790600000,0x000000a790700000)]
  0x000001b76465f540 JavaThread "Unconstrained build operations Thread 37" [_thread_blocked, id=7796, stack(0x000000a790700000,0x000000a790800000)]
  0x000001b76465fa50 JavaThread "Unconstrained build operations Thread 38" [_thread_blocked, id=10220, stack(0x000000a78d400000,0x000000a78d500000)]
  0x000001b76465ff60 JavaThread "Unconstrained build operations Thread 39" [_thread_in_native, id=956, stack(0x000000a790800000,0x000000a790900000)]
  0x000001b761fcdec0 JavaThread "Unconstrained build operations Thread 40" [_thread_blocked, id=2708, stack(0x000000a790900000,0x000000a790a00000)]
  0x000001b762127030 JavaThread "C2 CompilerThread1" daemon [_thread_in_native, id=6808, stack(0x000000a790200000,0x000000a790300000)]
  0x000001b761fccf90 JavaThread "Execution worker for ':'" [_thread_blocked, id=9828, stack(0x000000a790a00000,0x000000a790b00000)]
  0x000001b764660470 JavaThread "Execution worker for ':' Thread 2" [_thread_blocked, id=12012, stack(0x000000a790b00000,0x000000a790c00000)]
  0x000001b764660980 JavaThread "Execution worker for ':' Thread 3" [_thread_blocked, id=3108, stack(0x000000a790c00000,0x000000a790d00000)]
  0x000001b7646618b0 JavaThread "Cache worker for execution history cache (C:\Users\lab_services_student\Desktop\VS PROJECTS\PART2\android\.gradle\7.3.3\executionHistory)" [_thread_blocked, id=11476, stack(0x000000a790d00000,0x000000a790e00000)]

Other Threads:
  0x000001b73f841060 VMThread "VM Thread" [stack: 0x000000a78ae00000,0x000000a78af00000] [id=10040]
  0x000001b73faa7550 WatcherThread [stack: 0x000000a78ba00000,0x000000a78bb00000] [id=6168]
  0x000001b721cac1c0 GCTaskThread "GC Thread#0" [stack: 0x000000a78a900000,0x000000a78aa00000] [id=11600]
  0x000001b75f480380 GCTaskThread "GC Thread#1" [stack: 0x000000a78bc00000,0x000000a78bd00000] [id=3232]
  0x000001b75f2ac970 GCTaskThread "GC Thread#2" [stack: 0x000000a78bd00000,0x000000a78be00000] [id=1268]
  0x000001b73fd7ea80 GCTaskThread "GC Thread#3" [stack: 0x000000a78be00000,0x000000a78bf00000] [id=9972]
  0x000001b721cbd110 ConcurrentGCThread "G1 Main Marker" [stack: 0x000000a78aa00000,0x000000a78ab00000] [id=10092]
  0x000001b721cbdb20 ConcurrentGCThread "G1 Conc#0" [stack: 0x000000a78ab00000,0x000000a78ac00000] [id=10188]
  0x000001b721d0e630 ConcurrentGCThread "G1 Refine#0" [stack: 0x000000a78ac00000,0x000000a78ad00000] [id=10304]
  0x000001b73f6fa300 ConcurrentGCThread "G1 Service" [stack: 0x000000a78ad00000,0x000000a78ae00000] [id=10344]

Threads with active compile tasks:
C2 CompilerThread0    47665 14410       4       org.gradle.cache.internal.CacheAccessWorker$1::call (10 bytes)
C2 CompilerThread1    47665 14482       4       org.gradle.internal.snapshot.LargeChildMap::withNode (45 bytes)

VM state: not at safepoint (normal execution)

VM Mutex/Monitor currently owned by a thread: None

Heap address: 0x0000000080000000, size: 2048 MB, Compressed Oops mode: 32-bit

CDS archive(s) mapped at: [0x000001b740000000-0x000001b740bd0000-0x000001b740bd0000), size 12386304, SharedBaseAddress: 0x000001b740000000, ArchiveRelocationMode: 1.
Compressed class space mapped at: 0x000001b741000000-0x000001b75b000000, reserved size: 436207616
Narrow klass base: 0x000001b740000000, Narrow klass shift: 0, Narrow klass range: 0x100000000

GC Precious Log:
 CPUs: 4 total, 4 available
 Memory: 16382M
 Large Page Support: Disabled
 NUMA Support: Disabled
 Compressed Oops: Enabled (32-bit)
 Heap Region Size: 1M
 Heap Min Capacity: 8M
 Heap Initial Capacity: 256M
 Heap Max Capacity: 2G
 Pre-touch: Disabled
 Parallel Workers: 4
 Concurrent Workers: 1
 Concurrent Refinement Workers: 4
 Periodic GC: Disabled

Heap:
 garbage-first heap   total 258048K, used 201075K [0x0000000080000000, 0x0000000100000000)
  region size 1024K, 57 young (58368K), 1 survivors (1024K)
 Metaspace       used 98545K, committed 99520K, reserved 557056K
  class space    used 13401K, committed 13888K, reserved 425984K

Heap Regions: E=young(eden), S=young(survivor), O=old, HS=humongous(starts), HC=humongous(continues), CS=collection set, F=free, OA=open archive, CA=closed archive, TAMS=top-at-mark-start (previous, next)
|   0|0x0000000080000000, 0x0000000080100000, 0x0000000080100000|100%|HS|  |TAMS 0x0000000080100000, 0x0000000080000000| Complete 
|   1|0x0000000080100000, 0x0000000080200000, 0x0000000080200000|100%|HC|  |TAMS 0x0000000080200000, 0x0000000080100000| Complete 
|   2|0x0000000080200000, 0x0000000080300000, 0x0000000080300000|100%|HC|  |TAMS 0x0000000080300000, 0x0000000080200000| Complete 
|   3|0x0000000080300000, 0x0000000080400000, 0x0000000080400000|100%| O|  |TAMS 0x0000000080400000, 0x0000000080300000| Untracked 
|   4|0x0000000080400000, 0x0000000080500000, 0x0000000080500000|100%| O|  |TAMS 0x0000000080500000, 0x0000000080400000| Untracked 
|   5|0x0000000080500000, 0x0000000080600000, 0x0000000080600000|100%| O|  |TAMS 0x0000000080600000, 0x0000000080500000| Untracked 
|   6|0x0000000080600000, 0x0000000080700000, 0x0000000080700000|100%| O|  |TAMS 0x0000000080700000, 0x0000000080600000| Untracked 
|   7|0x0000000080700000, 0x0000000080800000, 0x0000000080800000|100%| O|  |TAMS 0x0000000080800000, 0x0000000080700000| Untracked 
|   8|0x0000000080800000, 0x0000000080900000, 0x0000000080900000|100%| O|  |TAMS 0x0000000080900000, 0x0000000080800000| Untracked 
|   9|0x0000000080900000, 0x0000000080a00000, 0x0000000080a00000|100%| O|  |TAMS 0x0000000080a00000, 0x0000000080900000| Untracked 
|  10|0x0000000080a00000, 0x0000000080b00000, 0x0000000080b00000|100%| O|  |TAMS 0x0000000080b00000, 0x0000000080a00000| Untracked 
|  11|0x0000000080b00000, 0x0000000080c00000, 0x0000000080c00000|100%| O|  |TAMS 0x0000000080c00000, 0x0000000080b00000| Untracked 
|  12|0x0000000080c00000, 0x0000000080d00000, 0x0000000080d00000|100%| O|  |TAMS 0x0000000080d00000, 0x0000000080c00000| Untracked 
|  13|0x0000000080d00000, 0x0000000080e00000, 0x0000000080e00000|100%| O|  |TAMS 0x0000000080e00000, 0x0000000080d00000| Untracked 
|  14|0x0000000080e00000, 0x0000000080f00000, 0x0000000080f00000|100%| O|  |TAMS 0x0000000080f00000, 0x0000000080e00000| Untracked 
|  15|0x0000000080f00000, 0x0000000081000000, 0x0000000081000000|100%| O|  |TAMS 0x0000000081000000, 0x0000000080f00000| Untracked 
|  16|0x0000000081000000, 0x0000000081100000, 0x0000000081100000|100%| O|  |TAMS 0x0000000081100000, 0x0000000081000000| Untracked 
|  17|0x0000000081100000, 0x0000000081200000, 0x0000000081200000|100%| O|  |TAMS 0x0000000081200000, 0x0000000081100000| Untracked 
|  18|0x0000000081200000, 0x0000000081300000, 0x0000000081300000|100%| O|  |TAMS 0x0000000081300000, 0x0000000081200000| Untracked 
|  19|0x0000000081300000, 0x0000000081400000, 0x0000000081400000|100%| O|  |TAMS 0x0000000081400000, 0x0000000081300000| Untracked 
|  20|0x0000000081400000, 0x0000000081500000, 0x0000000081500000|100%| O|  |TAMS 0x0000000081500000, 0x0000000081400000| Untracked 
|  21|0x0000000081500000, 0x0000000081600000, 0x0000000081600000|100%| O|  |TAMS 0x0000000081600000, 0x0000000081500000| Untracked 
|  22|0x0000000081600000, 0x0000000081700000, 0x0000000081700000|100%| O|  |TAMS 0x0000000081700000, 0x0000000081600000| Untracked 
|  23|0x0000000081700000, 0x0000000081800000, 0x0000000081800000|100%| O|  |TAMS 0x0000000081800000, 0x0000000081700000| Untracked 
|  24|0x0000000081800000, 0x0000000081900000, 0x0000000081900000|100%| O|  |TAMS 0x0000000081900000, 0x0000000081800000| Untracked 
|  25|0x0000000081900000, 0x0000000081a00000, 0x0000000081a00000|100%| O|  |TAMS 0x0000000081a00000, 0x0000000081900000| Untracked 
|  26|0x0000000081a00000, 0x0000000081b00000, 0x0000000081b00000|100%|HS|  |TAMS 0x0000000081b00000, 0x0000000081a00000| Complete 
|  27|0x0000000081b00000, 0x0000000081c00000, 0x0000000081c00000|100%| O|  |TAMS 0x0000000081c00000, 0x0000000081b00000| Untracked 
|  28|0x0000000081c00000, 0x0000000081d00000, 0x0000000081d00000|100%| O|  |TAMS 0x0000000081d00000, 0x0000000081c00000| Untracked 
|  29|0x0000000081d00000, 0x0000000081e00000, 0x0000000081e00000|100%| O|  |TAMS 0x0000000081e00000, 0x0000000081d00000| Untracked 
|  30|0x0000000081e00000, 0x0000000081f00000, 0x0000000081f00000|100%| O|  |TAMS 0x0000000081f00000, 0x0000000081e00000| Untracked 
|  31|0x0000000081f00000, 0x0000000082000000, 0x0000000082000000|100%| O|  |TAMS 0x0000000082000000, 0x0000000081f00000| Untracked 
|  32|0x0000000082000000, 0x0000000082100000, 0x0000000082100000|100%|HS|  |TAMS 0x0000000082100000, 0x0000000082000000| Complete 
|  33|0x0000000082100000, 0x0000000082200000, 0x0000000082200000|100%|HS|  |TAMS 0x0000000082200000, 0x0000000082100000| Complete 
|  34|0x0000000082200000, 0x0000000082300000, 0x0000000082300000|100%|HC|  |TAMS 0x0000000082300000, 0x0000000082200000| Complete 
|  35|0x0000000082300000, 0x0000000082400000, 0x0000000082400000|100%|HC|  |TAMS 0x0000000082400000, 0x0000000082300000| Complete 
|  36|0x0000000082400000, 0x0000000082500000, 0x0000000082500000|100%| O|  |TAMS 0x0000000082500000, 0x0000000082400000| Untracked 
|  37|0x0000000082500000, 0x0000000082600000, 0x0000000082600000|100%| O|  |TAMS 0x0000000082600000, 0x0000000082500000| Untracked 
|  38|0x0000000082600000, 0x0000000082700000, 0x0000000082700000|100%| O|  |TAMS 0x0000000082700000, 0x0000000082600000| Untracked 
|  39|0x0000000082700000, 0x0000000082800000, 0x0000000082800000|100%| O|  |TAMS 0x0000000082800000, 0x0000000082700000| Untracked 
|  40|0x0000000082800000, 0x0000000082900000, 0x0000000082900000|100%| O|  |TAMS 0x0000000082900000, 0x0000000082800000| Untracked 
|  41|0x0000000082900000, 0x0000000082a00000, 0x0000000082a00000|100%| O|  |TAMS 0x0000000082a00000, 0x0000000082900000| Untracked 
|  42|0x0000000082a00000, 0x0000000082b00000, 0x0000000082b00000|100%| O|  |TAMS 0x0000000082b00000, 0x0000000082a00000| Untracked 
|  43|0x0000000082b00000, 0x0000000082c00000, 0x0000000082c00000|100%| O|  |TAMS 0x0000000082c00000, 0x0000000082b00000| Untracked 
|  44|0x0000000082c00000, 0x0000000082d00000, 0x0000000082d00000|100%| O|  |TAMS 0x0000000082d00000, 0x0000000082c00000| Untracked 
|  45|0x0000000082d00000, 0x0000000082e00000, 0x0000000082e00000|100%| O|  |TAMS 0x0000000082e00000, 0x0000000082d00000| Untracked 
|  46|0x0000000082e00000, 0x0000000082f00000, 0x0000000082f00000|100%| O|  |TAMS 0x0000000082f00000, 0x0000000082e00000| Untracked 
|  47|0x0000000082f00000, 0x0000000083000000, 0x0000000083000000|100%| O|  |TAMS 0x0000000083000000, 0x0000000082f00000| Untracked 
|  48|0x0000000083000000, 0x0000000083100000, 0x0000000083100000|100%| O|  |TAMS 0x0000000083100000, 0x0000000083000000| Untracked 
|  49|0x0000000083100000, 0x0000000083200000, 0x0000000083200000|100%| O|  |TAMS 0x0000000083200000, 0x0000000083100000| Untracked 
|  50|0x0000000083200000, 0x0000000083300000, 0x0000000083300000|100%| O|  |TAMS 0x0000000083300000, 0x0000000083200000| Untracked 
|  51|0x0000000083300000, 0x0000000083400000, 0x0000000083400000|100%| O|  |TAMS 0x0000000083400000, 0x0000000083300000| Untracked 
|  52|0x0000000083400000, 0x0000000083500000, 0x0000000083500000|100%| O|  |TAMS 0x0000000083500000, 0x0000000083400000| Untracked 
|  53|0x0000000083500000, 0x0000000083600000, 0x0000000083600000|100%|HS|  |TAMS 0x0000000083600000, 0x0000000083500000| Complete 
|  54|0x0000000083600000, 0x0000000083700000, 0x0000000083700000|100%|HS|  |TAMS 0x0000000083700000, 0x0000000083600000| Complete 
|  55|0x0000000083700000, 0x0000000083800000, 0x0000000083800000|100%| O|  |TAMS 0x0000000083800000, 0x0000000083700000| Untracked 
|  56|0x0000000083800000, 0x0000000083900000, 0x0000000083900000|100%| O|  |TAMS 0x0000000083900000, 0x0000000083800000| Untracked 
|  57|0x0000000083900000, 0x0000000083a00000, 0x0000000083a00000|100%| O|  |TAMS 0x0000000083a00000, 0x0000000083900000| Untracked 
|  58|0x0000000083a00000, 0x0000000083b00000, 0x0000000083b00000|100%|HS|  |TAMS 0x0000000083b00000, 0x0000000083a00000| Complete 
|  59|0x0000000083b00000, 0x0000000083c00000, 0x0000000083c00000|100%|HC|  |TAMS 0x0000000083c00000, 0x0000000083b00000| Complete 
|  60|0x0000000083c00000, 0x0000000083d00000, 0x0000000083d00000|100%| O|  |TAMS 0x0000000083d00000, 0x0000000083c00000| Untracked 
|  61|0x0000000083d00000, 0x0000000083e00000, 0x0000000083e00000|100%| O|  |TAMS 0x0000000083e00000, 0x0000000083d00000| Untracked 
|  62|0x0000000083e00000, 0x0000000083f00000, 0x0000000083f00000|100%| O|  |TAMS 0x0000000083f00000, 0x0000000083e00000| Untracked 
|  63|0x0000000083f00000, 0x0000000084000000, 0x0000000084000000|100%| O|  |TAMS 0x0000000084000000, 0x0000000083f00000| Untracked 
|  64|0x0000000084000000, 0x0000000084100000, 0x0000000084100000|100%| O|  |TAMS 0x0000000084100000, 0x0000000084000000| Untracked 
|  65|0x0000000084100000, 0x0000000084200000, 0x0000000084200000|100%| O|  |TAMS 0x0000000084200000, 0x0000000084100000| Untracked 
|  66|0x0000000084200000, 0x0000000084300000, 0x0000000084300000|100%| O|  |TAMS 0x0000000084300000, 0x0000000084200000| Untracked 
|  67|0x0000000084300000, 0x0000000084400000, 0x0000000084400000|100%| O|  |TAMS 0x0000000084400000, 0x0000000084300000| Untracked 
|  68|0x0000000084400000, 0x0000000084500000, 0x0000000084500000|100%| O|  |TAMS 0x0000000084500000, 0x0000000084400000| Untracked 
|  69|0x0000000084500000, 0x0000000084600000, 0x0000000084600000|100%| O|  |TAMS 0x0000000084600000, 0x0000000084500000| Untracked 
|  70|0x0000000084600000, 0x0000000084700000, 0x0000000084700000|100%| O|  |TAMS 0x0000000084700000, 0x0000000084600000| Untracked 
|  71|0x0000000084700000, 0x0000000084800000, 0x0000000084800000|100%| O|  |TAMS 0x0000000084800000, 0x0000000084700000| Untracked 
|  72|0x0000000084800000, 0x0000000084900000, 0x0000000084900000|100%| O|  |TAMS 0x0000000084900000, 0x0000000084800000| Untracked 
|  73|0x0000000084900000, 0x0000000084a00000, 0x0000000084a00000|100%| O|  |TAMS 0x0000000084a00000, 0x0000000084900000| Untracked 
|  74|0x0000000084a00000, 0x0000000084b00000, 0x0000000084b00000|100%| O|  |TAMS 0x0000000084b00000, 0x0000000084a00000| Untracked 
|  75|0x0000000084b00000, 0x0000000084c00000, 0x0000000084c00000|100%| O|  |TAMS 0x0000000084c00000, 0x0000000084b00000| Untracked 
|  76|0x0000000084c00000, 0x0000000084c00000, 0x0000000084d00000|  0%| F|  |TAMS 0x0000000084c00000, 0x0000000084c00000| Untracked 
|  77|0x0000000084d00000, 0x0000000084e00000, 0x0000000084e00000|100%|HS|  |TAMS 0x0000000084e00000, 0x0000000084d00000| Complete 
|  78|0x0000000084e00000, 0x0000000084f00000, 0x0000000084f00000|100%|HS|  |TAMS 0x0000000084f00000, 0x0000000084e00000| Complete 
|  79|0x0000000084f00000, 0x0000000085000000, 0x0000000085000000|100%| O|  |TAMS 0x0000000085000000, 0x0000000084f00000| Untracked 
|  80|0x0000000085000000, 0x0000000085100000, 0x0000000085100000|100%| O|  |TAMS 0x0000000085100000, 0x0000000085000000| Untracked 
|  81|0x0000000085100000, 0x0000000085200000, 0x0000000085200000|100%| O|  |TAMS 0x0000000085200000, 0x0000000085100000| Untracked 
|  82|0x0000000085200000, 0x0000000085300000, 0x0000000085300000|100%| O|  |TAMS 0x0000000085300000, 0x0000000085200000| Untracked 
|  83|0x0000000085300000, 0x0000000085400000, 0x0000000085400000|100%| O|  |TAMS 0x0000000085400000, 0x0000000085300000| Untracked 
|  84|0x0000000085400000, 0x0000000085500000, 0x0000000085500000|100%| O|  |TAMS 0x0000000085500000, 0x0000000085400000| Untracked 
|  85|0x0000000085500000, 0x0000000085600000, 0x0000000085600000|100%| O|  |TAMS 0x0000000085600000, 0x0000000085500000| Untracked 
|  86|0x0000000085600000, 0x0000000085700000, 0x0000000085700000|100%| O|  |TAMS 0x0000000085700000, 0x0000000085600000| Untracked 
|  87|0x0000000085700000, 0x0000000085800000, 0x0000000085800000|100%| O|  |TAMS 0x0000000085800000, 0x0000000085700000| Untracked 
|  88|0x0000000085800000, 0x0000000085900000, 0x0000000085900000|100%| O|  |TAMS 0x0000000085900000, 0x0000000085800000| Untracked 
|  89|0x0000000085900000, 0x0000000085a00000, 0x0000000085a00000|100%| O|  |TAMS 0x0000000085900000, 0x0000000085900000| Untracked 
|  90|0x0000000085a00000, 0x0000000085b00000, 0x0000000085b00000|100%| O|  |TAMS 0x0000000085b00000, 0x0000000085a00000| Untracked 
|  91|0x0000000085b00000, 0x0000000085c00000, 0x0000000085c00000|100%|HS|  |TAMS 0x0000000085c00000, 0x0000000085b00000| Complete 
|  92|0x0000000085c00000, 0x0000000085d00000, 0x0000000085d00000|100%|HS|  |TAMS 0x0000000085d00000, 0x0000000085c00000| Complete 
|  93|0x0000000085d00000, 0x0000000085e00000, 0x0000000085e00000|100%|HS|  |TAMS 0x0000000085e00000, 0x0000000085d00000| Complete 
|  94|0x0000000085e00000, 0x0000000085f00000, 0x0000000085f00000|100%|HC|  |TAMS 0x0000000085f00000, 0x0000000085e00000| Complete 
|  95|0x0000000085f00000, 0x0000000086000000, 0x0000000086000000|100%|HC|  |TAMS 0x0000000086000000, 0x0000000085f00000| Complete 
|  96|0x0000000086000000, 0x0000000086100000, 0x0000000086100000|100%| O|  |TAMS 0x0000000086100000, 0x0000000086000000| Untracked 
|  97|0x0000000086100000, 0x0000000086200000, 0x0000000086200000|100%|HS|  |TAMS 0x0000000086200000, 0x0000000086100000| Complete 
|  98|0x0000000086200000, 0x0000000086300000, 0x0000000086300000|100%|HC|  |TAMS 0x0000000086300000, 0x0000000086200000| Complete 
|  99|0x0000000086300000, 0x0000000086400000, 0x0000000086400000|100%|HS|  |TAMS 0x0000000086400000, 0x0000000086300000| Complete 
| 100|0x0000000086400000, 0x0000000086500000, 0x0000000086500000|100%| O|  |TAMS 0x0000000086500000, 0x0000000086400000| Untracked 
| 101|0x0000000086500000, 0x0000000086600000, 0x0000000086600000|100%| O|  |TAMS 0x0000000086600000, 0x0000000086500000| Untracked 
| 102|0x0000000086600000, 0x0000000086700000, 0x0000000086700000|100%|HS|  |TAMS 0x0000000086700000, 0x0000000086600000| Complete 
| 103|0x0000000086700000, 0x0000000086800000, 0x0000000086800000|100%|HC|  |TAMS 0x0000000086800000, 0x0000000086700000| Complete 
| 104|0x0000000086800000, 0x0000000086900000, 0x0000000086900000|100%|HC|  |TAMS 0x0000000086900000, 0x0000000086800000| Complete 
| 105|0x0000000086900000, 0x0000000086a00000, 0x0000000086a00000|100%|HC|  |TAMS 0x0000000086a00000, 0x0000000086900000| Complete 
| 106|0x0000000086a00000, 0x0000000086b00000, 0x0000000086b00000|100%| O|  |TAMS 0x0000000086b00000, 0x0000000086a00000| Untracked 
| 107|0x0000000086b00000, 0x0000000086c00000, 0x0000000086c00000|100%| O|  |TAMS 0x0000000086c00000, 0x0000000086b00000| Untracked 
| 108|0x0000000086c00000, 0x0000000086d00000, 0x0000000086d00000|100%| O|  |TAMS 0x0000000086d00000, 0x0000000086c00000| Untracked 
| 109|0x0000000086d00000, 0x0000000086e00000, 0x0000000086e00000|100%| O|  |TAMS 0x0000000086e00000, 0x0000000086d00000| Untracked 
| 110|0x0000000086e00000, 0x0000000086f00000, 0x0000000086f00000|100%| O|  |TAMS 0x0000000086f00000, 0x0000000086e00000| Untracked 
| 111|0x0000000086f00000, 0x0000000087000000, 0x0000000087000000|100%| O|  |TAMS 0x0000000087000000, 0x0000000086f00000| Untracked 
| 112|0x0000000087000000, 0x0000000087100000, 0x0000000087100000|100%| O|  |TAMS 0x0000000087100000, 0x0000000087000000| Untracked 
| 113|0x0000000087100000, 0x0000000087200000, 0x0000000087200000|100%| O|  |TAMS 0x0000000087200000, 0x0000000087100000| Untracked 
| 114|0x0000000087200000, 0x0000000087300000, 0x0000000087300000|100%| O|  |TAMS 0x0000000087300000, 0x0000000087200000| Untracked 
| 115|0x0000000087300000, 0x0000000087400000, 0x0000000087400000|100%| O|  |TAMS 0x0000000087400000, 0x0000000087300000| Untracked 
| 116|0x0000000087400000, 0x0000000087500000, 0x0000000087500000|100%| O|  |TAMS 0x0000000087500000, 0x0000000087400000| Untracked 
| 117|0x0000000087500000, 0x0000000087600000, 0x0000000087600000|100%| O|  |TAMS 0x0000000087600000, 0x0000000087500000| Untracked 
| 118|0x0000000087600000, 0x0000000087700000, 0x0000000087700000|100%| O|  |TAMS 0x0000000087700000, 0x0000000087600000| Untracked 
| 119|0x0000000087700000, 0x0000000087800000, 0x0000000087800000|100%| O|  |TAMS 0x0000000087800000, 0x0000000087700000| Untracked 
| 120|0x0000000087800000, 0x0000000087900000, 0x0000000087900000|100%| O|  |TAMS 0x0000000087900000, 0x0000000087800000| Untracked 
| 121|0x0000000087900000, 0x0000000087a00000, 0x0000000087a00000|100%| O|  |TAMS 0x0000000087a00000, 0x0000000087900000| Untracked 
| 122|0x0000000087a00000, 0x0000000087a00000, 0x0000000087b00000|  0%| F|  |TAMS 0x0000000087a00000, 0x0000000087a00000| Untracked 
| 123|0x0000000087b00000, 0x0000000087c00000, 0x0000000087c00000|100%| O|  |TAMS 0x0000000087c00000, 0x0000000087b00000| Untracked 
| 124|0x0000000087c00000, 0x0000000087d00000, 0x0000000087d00000|100%| O|  |TAMS 0x0000000087d00000, 0x0000000087c00000| Untracked 
| 125|0x0000000087d00000, 0x0000000087e00000, 0x0000000087e00000|100%| O|  |TAMS 0x0000000087e00000, 0x0000000087d00000| Untracked 
| 126|0x0000000087e00000, 0x0000000087f00000, 0x0000000087f00000|100%| O|  |TAMS 0x0000000087f00000, 0x0000000087e00000| Untracked 
| 127|0x0000000087f00000, 0x0000000088000000, 0x0000000088000000|100%| O|  |TAMS 0x0000000088000000, 0x0000000087f00000| Untracked 
| 128|0x0000000088000000, 0x0000000088100000, 0x0000000088100000|100%| O|  |TAMS 0x0000000088100000, 0x0000000088000000| Untracked 
| 129|0x0000000088100000, 0x0000000088200000, 0x0000000088200000|100%| O|  |TAMS 0x0000000088200000, 0x0000000088100000| Untracked 
| 130|0x0000000088200000, 0x0000000088300000, 0x0000000088300000|100%| O|  |TAMS 0x0000000088300000, 0x0000000088200000| Untracked 
| 131|0x0000000088300000, 0x0000000088400000, 0x0000000088400000|100%| O|  |TAMS 0x0000000088400000, 0x0000000088300000| Untracked 
| 132|0x0000000088400000, 0x0000000088500000, 0x0000000088500000|100%| O|  |TAMS 0x0000000088500000, 0x0000000088400000| Untracked 
| 133|0x0000000088500000, 0x0000000088600000, 0x0000000088600000|100%| O|  |TAMS 0x0000000088600000, 0x0000000088500000| Untracked 
| 134|0x0000000088600000, 0x0000000088700000, 0x0000000088700000|100%| O|  |TAMS 0x0000000088700000, 0x0000000088600000| Untracked 
| 135|0x0000000088700000, 0x0000000088800000, 0x0000000088800000|100%| O|  |TAMS 0x000000008877f600, 0x0000000088700000| Untracked 
| 136|0x0000000088800000, 0x0000000088900000, 0x0000000088900000|100%| O|  |TAMS 0x0000000088800000, 0x0000000088800000| Untracked 
| 137|0x0000000088900000, 0x0000000088a00000, 0x0000000088a00000|100%| O|  |TAMS 0x0000000088900000, 0x0000000088900000| Untracked 
| 138|0x0000000088a00000, 0x0000000088b00000, 0x0000000088b00000|100%| O|  |TAMS 0x0000000088a00000, 0x0000000088a00000| Untracked 
| 139|0x0000000088b00000, 0x0000000088c00000, 0x0000000088c00000|100%| O|  |TAMS 0x0000000088b00000, 0x0000000088b00000| Untracked 
| 140|0x0000000088c00000, 0x0000000088d00000, 0x0000000088d00000|100%| O|  |TAMS 0x0000000088c00000, 0x0000000088c00000| Untracked 
| 141|0x0000000088d00000, 0x0000000088e00000, 0x0000000088e00000|100%| O|  |TAMS 0x0000000088d00000, 0x0000000088d00000| Untracked 
| 142|0x0000000088e00000, 0x0000000088f00000, 0x0000000088f00000|100%| O|  |TAMS 0x0000000088e00000, 0x0000000088e00000| Untracked 
| 143|0x0000000088f00000, 0x0000000088f91200, 0x0000000089000000| 56%| O|  |TAMS 0x0000000088f00000, 0x0000000088f00000| Untracked 
| 144|0x0000000089000000, 0x0000000089000000, 0x0000000089100000|  0%| F|  |TAMS 0x0000000089000000, 0x0000000089000000| Untracked 
| 145|0x0000000089100000, 0x0000000089100000, 0x0000000089200000|  0%| F|  |TAMS 0x0000000089100000, 0x0000000089100000| Untracked 
| 146|0x0000000089200000, 0x0000000089200000, 0x0000000089300000|  0%| F|  |TAMS 0x0000000089200000, 0x0000000089200000| Untracked 
| 147|0x0000000089300000, 0x0000000089300000, 0x0000000089400000|  0%| F|  |TAMS 0x0000000089300000, 0x0000000089300000| Untracked 
| 148|0x0000000089400000, 0x0000000089400000, 0x0000000089500000|  0%| F|  |TAMS 0x0000000089400000, 0x0000000089400000| Untracked 
| 149|0x0000000089500000, 0x0000000089500000, 0x0000000089600000|  0%| F|  |TAMS 0x0000000089500000, 0x0000000089500000| Untracked 
| 150|0x0000000089600000, 0x0000000089600000, 0x0000000089700000|  0%| F|  |TAMS 0x0000000089600000, 0x0000000089600000| Untracked 
| 151|0x0000000089700000, 0x0000000089700000, 0x0000000089800000|  0%| F|  |TAMS 0x0000000089700000, 0x0000000089700000| Untracked 
| 152|0x0000000089800000, 0x0000000089800000, 0x0000000089900000|  0%| F|  |TAMS 0x0000000089800000, 0x0000000089800000| Untracked 
| 153|0x0000000089900000, 0x0000000089900000, 0x0000000089a00000|  0%| F|  |TAMS 0x0000000089900000, 0x0000000089900000| Untracked 
| 154|0x0000000089a00000, 0x0000000089a00000, 0x0000000089b00000|  0%| F|  |TAMS 0x0000000089a00000, 0x0000000089a00000| Untracked 
| 155|0x0000000089b00000, 0x0000000089b00000, 0x0000000089c00000|  0%| F|  |TAMS 0x0000000089b00000, 0x0000000089b00000| Untracked 
| 156|0x0000000089c00000, 0x0000000089c00000, 0x0000000089d00000|  0%| F|  |TAMS 0x0000000089c00000, 0x0000000089c00000| Untracked 
| 157|0x0000000089d00000, 0x0000000089d00000, 0x0000000089e00000|  0%| F|  |TAMS 0x0000000089d00000, 0x0000000089d00000| Untracked 
| 158|0x0000000089e00000, 0x0000000089e00000, 0x0000000089f00000|  0%| F|  |TAMS 0x0000000089e00000, 0x0000000089e00000| Untracked 
| 159|0x0000000089f00000, 0x0000000089f00000, 0x000000008a000000|  0%| F|  |TAMS 0x0000000089f00000, 0x0000000089f00000| Untracked 
| 160|0x000000008a000000, 0x000000008a000000, 0x000000008a100000|  0%| F|  |TAMS 0x000000008a000000, 0x000000008a000000| Untracked 
| 161|0x000000008a100000, 0x000000008a100000, 0x000000008a200000|  0%| F|  |TAMS 0x000000008a100000, 0x000000008a100000| Untracked 
| 162|0x000000008a200000, 0x000000008a200000, 0x000000008a300000|  0%| F|  |TAMS 0x000000008a200000, 0x000000008a200000| Untracked 
| 163|0x000000008a300000, 0x000000008a300000, 0x000000008a400000|  0%| F|  |TAMS 0x000000008a300000, 0x000000008a300000| Untracked 
| 164|0x000000008a400000, 0x000000008a400000, 0x000000008a500000|  0%| F|  |TAMS 0x000000008a400000, 0x000000008a400000| Untracked 
| 165|0x000000008a500000, 0x000000008a500000, 0x000000008a600000|  0%| F|  |TAMS 0x000000008a500000, 0x000000008a500000| Untracked 
| 166|0x000000008a600000, 0x000000008a600000, 0x000000008a700000|  0%| F|  |TAMS 0x000000008a600000, 0x000000008a600000| Untracked 
| 167|0x000000008a700000, 0x000000008a700000, 0x000000008a800000|  0%| F|  |TAMS 0x000000008a700000, 0x000000008a700000| Untracked 
| 168|0x000000008a800000, 0x000000008a800000, 0x000000008a900000|  0%| F|  |TAMS 0x000000008a800000, 0x000000008a800000| Untracked 
| 169|0x000000008a900000, 0x000000008a900000, 0x000000008aa00000|  0%| F|  |TAMS 0x000000008a900000, 0x000000008a900000| Untracked 
| 170|0x000000008aa00000, 0x000000008aa00000, 0x000000008ab00000|  0%| F|  |TAMS 0x000000008aa00000, 0x000000008aa00000| Untracked 
| 171|0x000000008ab00000, 0x000000008ab00000, 0x000000008ac00000|  0%| F|  |TAMS 0x000000008ab00000, 0x000000008ab00000| Untracked 
| 172|0x000000008ac00000, 0x000000008ac00000, 0x000000008ad00000|  0%| F|  |TAMS 0x000000008ac00000, 0x000000008ac00000| Untracked 
| 173|0x000000008ad00000, 0x000000008ad00000, 0x000000008ae00000|  0%| F|  |TAMS 0x000000008ad00000, 0x000000008ad00000| Untracked 
| 174|0x000000008ae00000, 0x000000008ae00000, 0x000000008af00000|  0%| F|  |TAMS 0x000000008ae00000, 0x000000008ae00000| Untracked 
| 175|0x000000008af00000, 0x000000008af00000, 0x000000008b000000|  0%| F|  |TAMS 0x000000008af00000, 0x000000008af00000| Untracked 
| 176|0x000000008b000000, 0x000000008b000000, 0x000000008b100000|  0%| F|  |TAMS 0x000000008b000000, 0x000000008b000000| Untracked 
| 177|0x000000008b100000, 0x000000008b100000, 0x000000008b200000|  0%| F|  |TAMS 0x000000008b100000, 0x000000008b100000| Untracked 
| 178|0x000000008b200000, 0x000000008b200000, 0x000000008b300000|  0%| F|  |TAMS 0x000000008b200000, 0x000000008b200000| Untracked 
| 179|0x000000008b300000, 0x000000008b300000, 0x000000008b400000|  0%| F|  |TAMS 0x000000008b300000, 0x000000008b300000| Untracked 
| 180|0x000000008b400000, 0x000000008b400000, 0x000000008b500000|  0%| F|  |TAMS 0x000000008b400000, 0x000000008b400000| Untracked 
| 181|0x000000008b500000, 0x000000008b500000, 0x000000008b600000|  0%| F|  |TAMS 0x000000008b500000, 0x000000008b500000| Untracked 
| 182|0x000000008b600000, 0x000000008b600000, 0x000000008b700000|  0%| F|  |TAMS 0x000000008b600000, 0x000000008b600000| Untracked 
| 183|0x000000008b700000, 0x000000008b700000, 0x000000008b800000|  0%| F|  |TAMS 0x000000008b700000, 0x000000008b700000| Untracked 
| 184|0x000000008b800000, 0x000000008b800000, 0x000000008b900000|  0%| F|  |TAMS 0x000000008b800000, 0x000000008b800000| Untracked 
| 185|0x000000008b900000, 0x000000008b900000, 0x000000008ba00000|  0%| F|  |TAMS 0x000000008b900000, 0x000000008b900000| Untracked 
| 186|0x000000008ba00000, 0x000000008ba00000, 0x000000008bb00000|  0%| F|  |TAMS 0x000000008ba00000, 0x000000008ba00000| Untracked 
| 187|0x000000008bb00000, 0x000000008bb00000, 0x000000008bc00000|  0%| F|  |TAMS 0x000000008bb00000, 0x000000008bb00000| Untracked 
| 188|0x000000008bc00000, 0x000000008bc00000, 0x000000008bd00000|  0%| F|  |TAMS 0x000000008bc00000, 0x000000008bc00000| Untracked 
| 189|0x000000008bd00000, 0x000000008bd00000, 0x000000008be00000|  0%| F|  |TAMS 0x000000008bd00000, 0x000000008bd00000| Untracked 
| 190|0x000000008be00000, 0x000000008be00000, 0x000000008bf00000|  0%| F|  |TAMS 0x000000008be00000, 0x000000008be00000| Untracked 
| 191|0x000000008bf00000, 0x000000008bf00000, 0x000000008c000000|  0%| F|  |TAMS 0x000000008bf00000, 0x000000008bf00000| Untracked 
| 192|0x000000008c000000, 0x000000008c000000, 0x000000008c100000|  0%| F|  |TAMS 0x000000008c000000, 0x000000008c000000| Untracked 
| 193|0x000000008c100000, 0x000000008c100000, 0x000000008c200000|  0%| F|  |TAMS 0x000000008c100000, 0x000000008c100000| Untracked 
| 194|0x000000008c200000, 0x000000008c200000, 0x000000008c300000|  0%| F|  |TAMS 0x000000008c200000, 0x000000008c200000| Untracked 
| 195|0x000000008c300000, 0x000000008c3baea8, 0x000000008c400000| 73%| E|  |TAMS 0x000000008c300000, 0x000000008c300000| Complete 
| 196|0x000000008c400000, 0x000000008c500000, 0x000000008c500000|100%| E|CS|TAMS 0x000000008c400000, 0x000000008c400000| Complete 
| 197|0x000000008c500000, 0x000000008c600000, 0x000000008c600000|100%| E|CS|TAMS 0x000000008c500000, 0x000000008c500000| Complete 
| 198|0x000000008c600000, 0x000000008c700000, 0x000000008c700000|100%| E|CS|TAMS 0x000000008c600000, 0x000000008c600000| Complete 
| 199|0x000000008c700000, 0x000000008c800000, 0x000000008c800000|100%| E|CS|TAMS 0x000000008c700000, 0x000000008c700000| Complete 
| 200|0x000000008c800000, 0x000000008c900000, 0x000000008c900000|100%| E|CS|TAMS 0x000000008c800000, 0x000000008c800000| Complete 
| 201|0x000000008c900000, 0x000000008ca00000, 0x000000008ca00000|100%| E|CS|TAMS 0x000000008c900000, 0x000000008c900000| Complete 
| 202|0x000000008ca00000, 0x000000008cb00000, 0x000000008cb00000|100%| E|CS|TAMS 0x000000008ca00000, 0x000000008ca00000| Complete 
| 203|0x000000008cb00000, 0x000000008cc00000, 0x000000008cc00000|100%| E|CS|TAMS 0x000000008cb00000, 0x000000008cb00000| Complete 
| 204|0x000000008cc00000, 0x000000008cd00000, 0x000000008cd00000|100%| E|CS|TAMS 0x000000008cc00000, 0x000000008cc00000| Complete 
| 205|0x000000008cd00000, 0x000000008ce00000, 0x000000008ce00000|100%| E|CS|TAMS 0x000000008cd00000, 0x000000008cd00000| Complete 
| 206|0x000000008ce00000, 0x000000008cf00000, 0x000000008cf00000|100%| E|CS|TAMS 0x000000008ce00000, 0x000000008ce00000| Complete 
| 207|0x000000008cf00000, 0x000000008d000000, 0x000000008d000000|100%| E|CS|TAMS 0x000000008cf00000, 0x000000008cf00000| Complete 
| 208|0x000000008d000000, 0x000000008d100000, 0x000000008d100000|100%| E|CS|TAMS 0x000000008d000000, 0x000000008d000000| Complete 
| 209|0x000000008d100000, 0x000000008d200000, 0x000000008d200000|100%| E|CS|TAMS 0x000000008d100000, 0x000000008d100000| Complete 
| 210|0x000000008d200000, 0x000000008d300000, 0x000000008d300000|100%| E|CS|TAMS 0x000000008d200000, 0x000000008d200000| Complete 
| 211|0x000000008d300000, 0x000000008d400000, 0x000000008d400000|100%| E|CS|TAMS 0x000000008d300000, 0x000000008d300000| Complete 
| 212|0x000000008d400000, 0x000000008d500000, 0x000000008d500000|100%| E|CS|TAMS 0x000000008d400000, 0x000000008d400000| Complete 
| 213|0x000000008d500000, 0x000000008d600000, 0x000000008d600000|100%| E|CS|TAMS 0x000000008d500000, 0x000000008d500000| Complete 
| 214|0x000000008d600000, 0x000000008d700000, 0x000000008d700000|100%| E|CS|TAMS 0x000000008d600000, 0x000000008d600000| Complete 
| 215|0x000000008d700000, 0x000000008d800000, 0x000000008d800000|100%| E|CS|TAMS 0x000000008d700000, 0x000000008d700000| Complete 
| 216|0x000000008d800000, 0x000000008d900000, 0x000000008d900000|100%| E|CS|TAMS 0x000000008d800000, 0x000000008d800000| Complete 
| 217|0x000000008d900000, 0x000000008da00000, 0x000000008da00000|100%| E|CS|TAMS 0x000000008d900000, 0x000000008d900000| Complete 
| 218|0x000000008da00000, 0x000000008db00000, 0x000000008db00000|100%| E|  |TAMS 0x000000008da00000, 0x000000008da00000| Complete 
| 219|0x000000008db00000, 0x000000008dc00000, 0x000000008dc00000|100%| E|CS|TAMS 0x000000008db00000, 0x000000008db00000| Complete 
| 220|0x000000008dc00000, 0x000000008dd00000, 0x000000008dd00000|100%| E|CS|TAMS 0x000000008dc00000, 0x000000008dc00000| Complete 
| 221|0x000000008dd00000, 0x000000008de00000, 0x000000008de00000|100%| E|CS|TAMS 0x000000008dd00000, 0x000000008dd00000| Complete 
| 222|0x000000008de00000, 0x000000008df00000, 0x000000008df00000|100%| E|CS|TAMS 0x000000008de00000, 0x000000008de00000| Complete 
| 223|0x000000008df00000, 0x000000008e000000, 0x000000008e000000|100%| E|CS|TAMS 0x000000008df00000, 0x000000008df00000| Complete 
| 224|0x000000008e000000, 0x000000008e100000, 0x000000008e100000|100%| E|CS|TAMS 0x000000008e000000, 0x000000008e000000| Complete 
| 225|0x000000008e100000, 0x000000008e200000, 0x000000008e200000|100%| E|CS|TAMS 0x000000008e100000, 0x000000008e100000| Complete 
| 226|0x000000008e200000, 0x000000008e300000, 0x000000008e300000|100%| E|CS|TAMS 0x000000008e200000, 0x000000008e200000| Complete 
| 227|0x000000008e300000, 0x000000008e400000, 0x000000008e400000|100%| E|CS|TAMS 0x000000008e300000, 0x000000008e300000| Complete 
| 228|0x000000008e400000, 0x000000008e500000, 0x000000008e500000|100%| E|CS|TAMS 0x000000008e400000, 0x000000008e400000| Complete 
| 229|0x000000008e500000, 0x000000008e600000, 0x000000008e600000|100%| E|CS|TAMS 0x000000008e500000, 0x000000008e500000| Complete 
| 230|0x000000008e600000, 0x000000008e700000, 0x000000008e700000|100%| E|CS|TAMS 0x000000008e600000, 0x000000008e600000| Complete 
| 231|0x000000008e700000, 0x000000008e800000, 0x000000008e800000|100%| E|CS|TAMS 0x000000008e700000, 0x000000008e700000| Complete 
| 232|0x000000008e800000, 0x000000008e900000, 0x000000008e900000|100%| E|CS|TAMS 0x000000008e800000, 0x000000008e800000| Complete 
| 233|0x000000008e900000, 0x000000008ea00000, 0x000000008ea00000|100%| E|CS|TAMS 0x000000008e900000, 0x000000008e900000| Complete 
| 234|0x000000008ea00000, 0x000000008eb00000, 0x000000008eb00000|100%| E|CS|TAMS 0x000000008ea00000, 0x000000008ea00000| Complete 
| 235|0x000000008eb00000, 0x000000008ec00000, 0x000000008ec00000|100%| E|CS|TAMS 0x000000008eb00000, 0x000000008eb00000| Complete 
| 236|0x000000008ec00000, 0x000000008ed00000, 0x000000008ed00000|100%| E|CS|TAMS 0x000000008ec00000, 0x000000008ec00000| Complete 
| 237|0x000000008ed00000, 0x000000008ee00000, 0x000000008ee00000|100%| E|CS|TAMS 0x000000008ed00000, 0x000000008ed00000| Complete 
| 238|0x000000008ee00000, 0x000000008ef00000, 0x000000008ef00000|100%| E|CS|TAMS 0x000000008ee00000, 0x000000008ee00000| Complete 
| 239|0x000000008ef00000, 0x000000008f000000, 0x000000008f000000|100%| E|CS|TAMS 0x000000008ef00000, 0x000000008ef00000| Complete 
| 240|0x000000008f000000, 0x000000008f100000, 0x000000008f100000|100%| E|CS|TAMS 0x000000008f000000, 0x000000008f000000| Complete 
| 241|0x000000008f100000, 0x000000008f200000, 0x000000008f200000|100%| E|CS|TAMS 0x000000008f100000, 0x000000008f100000| Complete 
| 242|0x000000008f200000, 0x000000008f300000, 0x000000008f300000|100%| E|CS|TAMS 0x000000008f200000, 0x000000008f200000| Complete 
| 243|0x000000008f300000, 0x000000008f3cbb88, 0x000000008f400000| 79%| S|CS|TAMS 0x000000008f300000, 0x000000008f300000| Complete 
| 244|0x000000008f400000, 0x000000008f500000, 0x000000008f500000|100%| E|CS|TAMS 0x000000008f400000, 0x000000008f400000| Complete 
| 245|0x000000008f500000, 0x000000008f600000, 0x000000008f600000|100%| E|CS|TAMS 0x000000008f500000, 0x000000008f500000| Complete 
| 246|0x000000008f600000, 0x000000008f700000, 0x000000008f700000|100%| E|CS|TAMS 0x000000008f600000, 0x000000008f600000| Complete 
| 247|0x000000008f700000, 0x000000008f800000, 0x000000008f800000|100%| E|CS|TAMS 0x000000008f700000, 0x000000008f700000| Complete 
| 248|0x000000008f800000, 0x000000008f900000, 0x000000008f900000|100%| E|CS|TAMS 0x000000008f800000, 0x000000008f800000| Complete 
| 249|0x000000008f900000, 0x000000008fa00000, 0x000000008fa00000|100%| E|CS|TAMS 0x000000008f900000, 0x000000008f900000| Complete 
| 250|0x000000008fa00000, 0x000000008fb00000, 0x000000008fb00000|100%| E|CS|TAMS 0x000000008fa00000, 0x000000008fa00000| Complete 
| 255|0x000000008ff00000, 0x0000000090000000, 0x0000000090000000|100%| E|CS|TAMS 0x000000008ff00000, 0x000000008ff00000| Complete 

Card table byte_map: [0x000001b738b50000,0x000001b738f50000] _byte_map_base: 0x000001b738750000

Marking Bits (Prev, Next): (CMBitMap*) 0x000001b721cac7e0, (CMBitMap*) 0x000001b721cac820
 Prev Bits: [0x000001b739350000, 0x000001b73b350000)
 Next Bits: [0x000001b73b350000, 0x000001b73d350000)

Polling page: 0x000001b71fb70000

Metaspace:

Usage:
  Non-class:     83.15 MB used.
      Class:     13.09 MB used.
       Both:     96.24 MB used.

Virtual space:
  Non-class space:      128.00 MB reserved,      83.62 MB ( 65%) committed,  2 nodes.
      Class space:      416.00 MB reserved,      13.56 MB (  3%) committed,  1 nodes.
             Both:      544.00 MB reserved,      97.19 MB ( 18%) committed. 

Chunk freelists:
   Non-Class:  12.38 MB
       Class:  2.35 MB
        Both:  14.72 MB

MaxMetaspaceSize: 512.00 MB
CompressedClassSpaceSize: 416.00 MB
Initial GC threshold: 21.00 MB
Current GC threshold: 161.19 MB
CDS: on
MetaspaceReclaimPolicy: balanced
 - commit_granule_bytes: 65536.
 - commit_granule_words: 8192.
 - virtual_space_node_default_size: 8388608.
 - enlarge_chunks_in_place: 1.
 - new_chunks_are_fully_committed: 0.
 - uncommit_free_chunks: 1.
 - use_allocation_guard: 0.
 - handle_deallocations: 1.


Internal statistics:

num_allocs_failed_limit: 6.
num_arena_births: 1084.
num_arena_deaths: 0.
num_vsnodes_births: 3.
num_vsnodes_deaths: 0.
num_space_committed: 1555.
num_space_uncommitted: 0.
num_chunks_returned_to_freelist: 6.
num_chunks_taken_from_freelist: 5099.
num_chunk_merges: 6.
num_chunk_splits: 3349.
num_chunks_enlarged: 2217.
num_inconsistent_stats: 0.

CodeHeap 'non-profiled nmethods': size=120000Kb used=8375Kb max_used=8403Kb free=111624Kb
 bounds [0x000001b731220000, 0x000001b731a60000, 0x000001b738750000]
CodeHeap 'profiled nmethods': size=120000Kb used=23640Kb max_used=24748Kb free=96359Kb
 bounds [0x000001b729750000, 0x000001b72af80000, 0x000001b730c80000]
CodeHeap 'non-nmethods': size=5760Kb used=2449Kb max_used=2524Kb free=3311Kb
 bounds [0x000001b730c80000, 0x000001b730f10000, 0x000001b731220000]
 total_blobs=13139 nmethods=12162 adapters=889
 compilation: enabled
              stopped_count=0, restarted_count=0
 full_count=0

Compilation events (20 events):
Event: 47.508 Thread 0x000001b73f86c4a0 14406       3       org.gradle.api.internal.artifacts.ivyservice.resolveengine.artifact.DefaultArtifactSet$LazyArtifactSupplier::calculateValue (34 bytes)
Event: 47.509 Thread 0x000001b73f86c4a0 nmethod 14406 0x000001b72a8c7f10 code [0x000001b72a8c8160, 0x000001b72a8c8cc8]
Event: 47.509 Thread 0x000001b73f86c4a0 14407       3       org.gradle.api.internal.artifacts.ivyservice.ivyresolve.CachingModuleComponentRepository$LocateInCacheRepositoryAccess::resolveArtifact (38 bytes)
Event: 47.510 Thread 0x000001b73f86c4a0 nmethod 14407 0x000001b729bab290 code [0x000001b729bab480, 0x000001b729bab9c8]
Event: 47.511 Thread 0x000001b762127030 nmethod 14401 0x000001b731589390 code [0x000001b731589560, 0x000001b731589c78]
Event: 47.511 Thread 0x000001b762127030 14405       4       org.gradle.internal.file.impl.DefaultFileMetadata::file (15 bytes)
Event: 47.511 Thread 0x000001b73f86a7d0 nmethod 14402 0x000001b73188e410 code [0x000001b73188e5e0, 0x000001b73188ecf8]
Event: 47.512 Thread 0x000001b73f86a7d0 14408       4       com.google.common.collect.ImmutableSortedMap$Builder::put (9 bytes)
Event: 47.512 Thread 0x000001b762127030 nmethod 14405 0x000001b73163d110 code [0x000001b73163d2a0, 0x000001b73163d378]
Event: 47.514 Thread 0x000001b762127030 14409   !   4       org.gradle.cache.internal.CacheAccessWorker::read (42 bytes)
Event: 47.518 Thread 0x000001b73f86a7d0 nmethod 14408 0x000001b73188d890 code [0x000001b73188da20, 0x000001b73188e0f8]
Event: 47.518 Thread 0x000001b73f86a7d0 14410       4       org.gradle.cache.internal.CacheAccessWorker$1::call (10 bytes)
Event: 47.557 Thread 0x000001b762127030 nmethod 14409 0x000001b731719010 code [0x000001b7317192c0, 0x000001b73171af28]
Event: 47.557 Thread 0x000001b762127030 14412       4       java.nio.ByteBuffer::allocate (20 bytes)
Event: 47.560 Thread 0x000001b762127030 nmethod 14412 0x000001b731588d90 code [0x000001b731588f20, 0x000001b7315891d8]
Event: 47.560 Thread 0x000001b762127030 14411       4       java.nio.ByteBuffer::order (48 bytes)
Event: 47.560 Thread 0x000001b762127030 nmethod 14411 0x000001b73163ce10 code [0x000001b73163cf80, 0x000001b73163d038]
Event: 47.566 Thread 0x000001b762127030 14413       4       java.security.MessageDigest$Delegate::clone (51 bytes)
Event: 47.575 Thread 0x000001b762127030 nmethod 14413 0x000001b73137d010 code [0x000001b73137d1e0, 0x000001b73137dba8]
Event: 47.575 Thread 0x000001b762127030 14414       4       sun.security.provider.MD5::clone (24 bytes)

GC Heap History (20 events):
Event: 35.168 GC heap before
{Heap before GC invocations=42 (full 0):
 garbage-first heap   total 148480K, used 93600K [0x0000000080000000, 0x0000000100000000)
  region size 1024K, 7 young (7168K), 5 survivors (5120K)
 Metaspace       used 77252K, committed 78080K, reserved 557056K
  class space    used 10698K, committed 11072K, reserved 425984K
}
Event: 35.179 GC heap after
{Heap after GC invocations=43 (full 0):
 garbage-first heap   total 148480K, used 92226K [0x0000000080000000, 0x0000000100000000)
  region size 1024K, 1 young (1024K), 1 survivors (1024K)
 Metaspace       used 77252K, committed 78080K, reserved 557056K
  class space    used 10698K, committed 11072K, reserved 425984K
}
Event: 35.556 GC heap before
{Heap before GC invocations=43 (full 0):
 garbage-first heap   total 148480K, used 104514K [0x0000000080000000, 0x0000000100000000)
  region size 1024K, 14 young (14336K), 1 survivors (1024K)
 Metaspace       used 77331K, committed 78144K, reserved 557056K
  class space    used 10699K, committed 11072K, reserved 425984K
}
Event: 35.561 GC heap after
{Heap after GC invocations=44 (full 0):
 garbage-first heap   total 231424K, used 92769K [0x0000000080000000, 0x0000000100000000)
  region size 1024K, 2 young (2048K), 2 survivors (2048K)
 Metaspace       used 77331K, committed 78144K, reserved 557056K
  class space    used 10699K, committed 11072K, reserved 425984K
}
Event: 38.598 GC heap before
{Heap before GC invocations=44 (full 0):
 garbage-first heap   total 231424K, used 157281K [0x0000000080000000, 0x0000000100000000)
  region size 1024K, 57 young (58368K), 2 survivors (2048K)
 Metaspace       used 79777K, committed 80640K, reserved 557056K
  class space    used 11001K, committed 11392K, reserved 425984K
}
Event: 38.611 GC heap after
{Heap after GC invocations=45 (full 0):
 garbage-first heap   total 231424K, used 114067K [0x0000000080000000, 0x0000000100000000)
  region size 1024K, 11 young (11264K), 11 survivors (11264K)
 Metaspace       used 79777K, committed 80640K, reserved 557056K
  class space    used 11001K, committed 11392K, reserved 425984K
}
Event: 40.564 GC heap before
{Heap before GC invocations=45 (full 0):
 garbage-first heap   total 231424K, used 178579K [0x0000000080000000, 0x0000000100000000)
  region size 1024K, 70 young (71680K), 11 survivors (11264K)
 Metaspace       used 84687K, committed 85504K, reserved 557056K
  class space    used 11673K, committed 12032K, reserved 425984K
}
Event: 40.579 GC heap after
{Heap after GC invocations=46 (full 0):
 garbage-first heap   total 231424K, used 126183K [0x0000000080000000, 0x0000000100000000)
  region size 1024K, 8 young (8192K), 8 survivors (8192K)
 Metaspace       used 84687K, committed 85504K, reserved 557056K
  class space    used 11673K, committed 12032K, reserved 425984K
}
Event: 42.481 GC heap before
{Heap before GC invocations=46 (full 0):
 garbage-first heap   total 231424K, used 182503K [0x0000000080000000, 0x0000000100000000)
  region size 1024K, 63 young (64512K), 8 survivors (8192K)
 Metaspace       used 90044K, committed 90944K, reserved 557056K
  class space    used 12355K, committed 12800K, reserved 425984K
}
Event: 42.500 GC heap after
{Heap after GC invocations=47 (full 0):
 garbage-first heap   total 231424K, used 132353K [0x0000000080000000, 0x0000000100000000)
  region size 1024K, 7 young (7168K), 7 survivors (7168K)
 Metaspace       used 90044K, committed 90944K, reserved 557056K
  class space    used 12355K, committed 12800K, reserved 425984K
}
Event: 44.650 GC heap before
{Heap before GC invocations=48 (full 0):
 garbage-first heap   total 232448K, used 186625K [0x0000000080000000, 0x0000000100000000)
  region size 1024K, 60 young (61440K), 7 survivors (7168K)
 Metaspace       used 96064K, committed 97024K, reserved 557056K
  class space    used 13084K, committed 13568K, reserved 425984K
}
Event: 44.670 GC heap after
{Heap after GC invocations=49 (full 0):
 garbage-first heap   total 232448K, used 138314K [0x0000000080000000, 0x0000000100000000)
  region size 1024K, 7 young (7168K), 7 survivors (7168K)
 Metaspace       used 96064K, committed 97024K, reserved 557056K
  class space    used 13084K, committed 13568K, reserved 425984K
}
Event: 44.748 GC heap before
{Heap before GC invocations=49 (full 0):
 garbage-first heap   total 232448K, used 141386K [0x0000000080000000, 0x0000000100000000)
  region size 1024K, 11 young (11264K), 7 survivors (7168K)
 Metaspace       used 96380K, committed 97280K, reserved 557056K
  class space    used 13131K, committed 13568K, reserved 425984K
}
Event: 44.759 GC heap after
{Heap after GC invocations=50 (full 0):
 garbage-first heap   total 232448K, used 139066K [0x0000000080000000, 0x0000000100000000)
  region size 1024K, 2 young (2048K), 2 survivors (2048K)
 Metaspace       used 96380K, committed 97280K, reserved 557056K
  class space    used 13131K, committed 13568K, reserved 425984K
}
Event: 45.455 GC heap before
{Heap before GC invocations=50 (full 0):
 garbage-first heap   total 232448K, used 189242K [0x0000000080000000, 0x0000000100000000)
  region size 1024K, 51 young (52224K), 2 survivors (2048K)
 Metaspace       used 97978K, committed 98880K, reserved 557056K
  class space    used 13382K, committed 13824K, reserved 425984K
}
Event: 45.468 GC heap after
{Heap after GC invocations=51 (full 0):
 garbage-first heap   total 232448K, used 143035K [0x0000000080000000, 0x0000000100000000)
  region size 1024K, 6 young (6144K), 6 survivors (6144K)
 Metaspace       used 97978K, committed 98880K, reserved 557056K
  class space    used 13382K, committed 13824K, reserved 425984K
}
Event: 46.457 GC heap before
{Heap before GC invocations=52 (full 0):
 garbage-first heap   total 258048K, used 187067K [0x0000000080000000, 0x0000000100000000)
  region size 1024K, 50 young (51200K), 6 survivors (6144K)
 Metaspace       used 98151K, committed 99136K, reserved 557056K
  class space    used 13387K, committed 13888K, reserved 425984K
}
Event: 46.470 GC heap after
{Heap after GC invocations=53 (full 0):
 garbage-first heap   total 258048K, used 145782K [0x0000000080000000, 0x0000000100000000)
  region size 1024K, 4 young (4096K), 4 survivors (4096K)
 Metaspace       used 98151K, committed 99136K, reserved 557056K
  class space    used 13387K, committed 13888K, reserved 425984K
}
Event: 46.721 GC heap before
{Heap before GC invocations=53 (full 0):
 garbage-first heap   total 258048K, used 152950K [0x0000000080000000, 0x0000000100000000)
  region size 1024K, 12 young (12288K), 4 survivors (4096K)
 Metaspace       used 98234K, committed 99200K, reserved 557056K
  class space    used 13391K, committed 13888K, reserved 425984K
}
Event: 46.729 GC heap after
{Heap after GC invocations=54 (full 0):
 garbage-first heap   total 258048K, used 145779K [0x0000000080000000, 0x0000000100000000)
  region size 1024K, 1 young (1024K), 1 survivors (1024K)
 Metaspace       used 98234K, committed 99200K, reserved 557056K
  class space    used 13391K, committed 13888K, reserved 425984K
}

Dll operation events (12 events):
Event: 0.008 Loaded shared library C:\Program Files\Microsoft\jdk-17.0.8.7-hotspot\bin\java.dll
Event: 0.037 Loaded shared library C:\Program Files\Microsoft\jdk-17.0.8.7-hotspot\bin\jsvml.dll
Event: 0.096 Loaded shared library C:\Program Files\Microsoft\jdk-17.0.8.7-hotspot\bin\net.dll
Event: 0.098 Loaded shared library C:\Program Files\Microsoft\jdk-17.0.8.7-hotspot\bin\nio.dll
Event: 0.102 Loaded shared library C:\Program Files\Microsoft\jdk-17.0.8.7-hotspot\bin\zip.dll
Event: 0.457 Loaded shared library C:\Program Files\Microsoft\jdk-17.0.8.7-hotspot\bin\jimage.dll
Event: 0.577 Loaded shared library C:\Program Files\Microsoft\jdk-17.0.8.7-hotspot\bin\verify.dll
Event: 0.850 Loaded shared library C:\Users\lab_services_student\.gradle\native\e1d6ef7f7dcc3fd88c89a11ec53ec762bb8ba0a96d01ffa2cd45eb1d1d8dd5c5\windows-amd64\native-platform.dll
Event: 0.857 Loaded shared library C:\Users\lab_services_student\.gradle\native\5664cfc778a61ccfe75a443a1ab52a65af34e5dc3c78e0209fed803814484fcb\windows-amd64\native-platform-file-events.dll
Event: 2.321 Loaded shared library C:\Program Files\Microsoft\jdk-17.0.8.7-hotspot\bin\management.dll
Event: 2.324 Loaded shared library C:\Program Files\Microsoft\jdk-17.0.8.7-hotspot\bin\management_ext.dll
Event: 2.931 Loaded shared library C:\Program Files\Microsoft\jdk-17.0.8.7-hotspot\bin\sunmscapi.dll

Deoptimization events (20 events):
Event: 47.367 Thread 0x000001b761adc3d0 Uncommon trap: trap_request=0xffffff45 fr.pc=0x000001b731934bdc relative=0x000000000000133c
Event: 47.367 Thread 0x000001b761adc3d0 Uncommon trap: reason=unstable_if action=reinterpret pc=0x000001b731934bdc method=java.util.concurrent.ConcurrentHashMap.putVal(Ljava/lang/Object;Ljava/lang/Object;Z)Ljava/lang/Object; @ 112 c2
Event: 47.367 Thread 0x000001b761adc3d0 DEOPT PACKING pc=0x000001b731934bdc sp=0x000000a78e4fe430
Event: 47.367 Thread 0x000001b761adc3d0 DEOPT UNPACKING pc=0x000001b730cda1a3 sp=0x000000a78e4fe3d0 mode 2
Event: 47.368 Thread 0x000001b7604465d0 Uncommon trap: trap_request=0xffffffd6 fr.pc=0x000001b73149b614 relative=0x0000000000001bb4
Event: 47.368 Thread 0x000001b7604465d0 Uncommon trap: reason=array_check action=maybe_recompile pc=0x000001b73149b614 method=java.util.TimSort.reverseRange([Ljava/lang/Object;II)V @ 27 c2
Event: 47.368 Thread 0x000001b7604465d0 DEOPT PACKING pc=0x000001b73149b614 sp=0x000000a78f6fd0d0
Event: 47.368 Thread 0x000001b7604465d0 DEOPT UNPACKING pc=0x000001b730cda1a3 sp=0x000000a78f6fcf88 mode 2
Event: 47.441 Thread 0x000001b760442e20 Uncommon trap: trap_request=0xffffffde fr.pc=0x000001b7316a9a7c relative=0x0000000000003f7c
Event: 47.441 Thread 0x000001b760442e20 Uncommon trap: reason=class_check action=maybe_recompile pc=0x000001b7316a9a7c method=com.google.common.cache.LocalCache$Segment.storeLoadedValue(Ljava/lang/Object;ILcom/google/common/cache/LocalCache$LoadingValueReference;Ljava/lang/Object;)Z @ 282 c2
Event: 47.441 Thread 0x000001b760442e20 DEOPT PACKING pc=0x000001b7316a9a7c sp=0x000000a78fafef30
Event: 47.441 Thread 0x000001b760442e20 DEOPT UNPACKING pc=0x000001b730cda1a3 sp=0x000000a78fafef38 mode 2
Event: 47.453 Thread 0x000001b761ade230 Uncommon trap: trap_request=0xffffff45 fr.pc=0x000001b731540d64 relative=0x0000000000000724
Event: 47.453 Thread 0x000001b761ade230 Uncommon trap: reason=unstable_if action=reinterpret pc=0x000001b731540d64 method=java.util.concurrent.ArrayBlockingQueue.enqueue(Ljava/lang/Object;)V @ 25 c2
Event: 47.453 Thread 0x000001b761ade230 DEOPT PACKING pc=0x000001b731540d64 sp=0x000000a78dcfb6c0
Event: 47.453 Thread 0x000001b761ade230 DEOPT UNPACKING pc=0x000001b730cda1a3 sp=0x000000a78dcfb690 mode 2
Event: 47.453 Thread 0x000001b7609ada70 Uncommon trap: trap_request=0xffffff45 fr.pc=0x000001b73166a88c relative=0x0000000000000e2c
Event: 47.453 Thread 0x000001b7609ada70 Uncommon trap: reason=unstable_if action=reinterpret pc=0x000001b73166a88c method=java.util.concurrent.ArrayBlockingQueue.dequeue()Ljava/lang/Object; @ 32 c2
Event: 47.453 Thread 0x000001b7609ada70 DEOPT PACKING pc=0x000001b73166a88c sp=0x000000a78cbfef30
Event: 47.453 Thread 0x000001b7609ada70 DEOPT UNPACKING pc=0x000001b730cda1a3 sp=0x000000a78cbfeea0 mode 2

Classes unloaded (0 events):
No events

Classes redefined (0 events):
No events

Internal exceptions (20 events):
Event: 41.575 Thread 0x000001b7609af8d0 Implicit null exception at 0x000001b73188da88 to 0x000001b73188ea6c
Event: 41.918 Thread 0x000001b7609af8d0 Implicit null exception at 0x000001b73144ab72 to 0x000001b73144b388
Event: 42.504 Thread 0x000001b73f845a20 Implicit null exception at 0x000001b73147ba80 to 0x000001b73147c10c
Event: 43.023 Thread 0x000001b7609af8d0 Exception <a 'sun/nio/fs/WindowsException'{0x000000008d8d9888}> (0x000000008d8d9888) 
thrown [s\src\hotspot\share\prims\jni.cpp, line 516]
Event: 45.171 Thread 0x000001b7609af8d0 Implicit null exception at 0x000001b7318a8fe3 to 0x000001b7318a9904
Event: 45.184 Thread 0x000001b764660470 Exception <a 'java/lang/NoSuchMethodError'{0x000000008b8e7470}: 'void java.lang.invoke.DirectMethodHandle$Holder.invokeVirtual(java.lang.Object, java.lang.Object)'> (0x000000008b8e7470) 
thrown [s\src\hotspot\share\interpreter\linkResolver.cpp, line 759]
Event: 45.215 Thread 0x000001b764660470 Exception <a 'java/lang/ClassNotFoundException'{0x000000008b7f58c8}: groovy/util/FileTreeBuilderBeanInfo> (0x000000008b7f58c8) 
thrown [s\src\hotspot\share\classfile\systemDictionary.cpp, line 256]
Event: 45.217 Thread 0x000001b764660470 Exception <a 'java/lang/ClassNotFoundException'{0x000000008b657198}: groovy/util/FileTreeBuilderCustomizer> (0x000000008b657198) 
thrown [s\src\hotspot\share\classfile\systemDictionary.cpp, line 256]
Event: 45.223 Thread 0x000001b764660470 Exception <a 'java/lang/ClassNotFoundException'{0x000000008b68b798}: java/io/BufferedWriterBeanInfo> (0x000000008b68b798) 
thrown [s\src\hotspot\share\classfile\systemDictionary.cpp, line 256]
Event: 45.223 Thread 0x000001b764660470 Exception <a 'java/lang/ClassNotFoundException'{0x000000008b690bf0}: java/io/WriterBeanInfo> (0x000000008b690bf0) 
thrown [s\src\hotspot\share\classfile\systemDictionary.cpp, line 256]
Event: 45.223 Thread 0x000001b764660470 Exception <a 'java/lang/ClassNotFoundException'{0x000000008b696068}: java/io/WriterCustomizer> (0x000000008b696068) 
thrown [s\src\hotspot\share\classfile\systemDictionary.cpp, line 256]
Event: 45.224 Thread 0x000001b764660470 Exception <a 'java/lang/ClassNotFoundException'{0x000000008b6a4410}: java/io/BufferedWriterCustomizer> (0x000000008b6a4410) 
thrown [s\src\hotspot\share\classfile\systemDictionary.cpp, line 256]
Event: 45.304 Thread 0x000001b764660470 Exception <a 'java/lang/NoSuchMethodError'{0x000000008b473c60}: static Lcom/android/build/api/variant/BuildConfigField;.<clinit>()V> (0x000000008b473c60) 
thrown [s\src\hotspot\share\prims\jni.cpp, line 1107]
Event: 45.348 Thread 0x000001b7609af8d0 Exception <a 'java/lang/NoSuchMethodError'{0x000000008b8a0030}: 'void java.lang.invoke.DirectMethodHandle$Holder.invokeStatic(java.lang.Object, java.lang.Object, java.lang.Object, java.lang.Object, int, java.lang.Object, java.lang.Object)'> (0x000000008b8a0030) 
thrown [s\src\hotspot\share\interpreter\linkResolver.cpp, line 759]
Event: 45.390 Thread 0x000001b7604456a0 Exception <a 'java/lang/NoSuchMethodError'{0x000000008b14f650}: 'java.lang.Object java.lang.invoke.DirectMethodHandle$Holder.invokeSpecialIFC(java.lang.Object, java.lang.Object, java.lang.Object)'> (0x000000008b14f650) 
thrown [s\src\hotspot\share\interpreter\linkResolver.cpp, line 759]
Event: 45.390 Thread 0x000001b760445bb0 Exception <a 'java/lang/NoSuchMethodError'{0x000000008b1536a8}: 'java.lang.Object java.lang.invoke.DirectMethodHandle$Holder.invokeSpecialIFC(java.lang.Object, java.lang.Object, java.lang.Object)'> (0x000000008b1536a8) 
thrown [s\src\hotspot\share\interpreter\linkResolver.cpp, line 759]
Event: 45.391 Thread 0x000001b76043fb80 Exception <a 'java/lang/NoSuchMethodError'{0x000000008b1596d8}: 'java.lang.Object java.lang.invoke.DirectMethodHandle$Holder.invokeSpecialIFC(java.lang.Object, java.lang.Object, java.lang.Object)'> (0x000000008b1596d8) 
thrown [s\src\hotspot\share\interpreter\linkResolver.cpp, line 759]
Event: 45.391 Thread 0x000001b7609af8d0 Exception <a 'java/lang/NoSuchMethodError'{0x000000008b288f90}: 'java.lang.Object java.lang.invoke.DirectMethodHandle$Holder.invokeSpecialIFC(java.lang.Object, java.lang.Object, java.lang.Object)'> (0x000000008b288f90) 
thrown [s\src\hotspot\share\interpreter\linkResolver.cpp, line 759]
Event: 46.859 Thread 0x000001b7609af8d0 Exception <a 'java/lang/NoSuchMethodError'{0x000000008f4d1bf8}: static Lcom/android/build/api/variant/impl/ResValueKeyImpl;.<clinit>()V> (0x000000008f4d1bf8) 
thrown [s\src\hotspot\share\prims\jni.cpp, line 1107]
Event: 46.861 Thread 0x000001b7609af8d0 Exception <a 'java/lang/NoSuchMethodError'{0x000000008f4e5090}: static Lcom/android/build/api/variant/ResValue;.<clinit>()V> (0x000000008f4e5090) 
thrown [s\src\hotspot\share\prims\jni.cpp, line 1107]

VM Operations (20 events):
Event: 46.457 Executing VM operation: G1CollectForAllocation
Event: 46.470 Executing VM operation: G1CollectForAllocation done
Event: 46.515 Executing VM operation: HandshakeAllThreads
Event: 46.516 Executing VM operation: HandshakeAllThreads done
Event: 46.558 Executing VM operation: HandshakeAllThreads
Event: 46.558 Executing VM operation: HandshakeAllThreads done
Event: 46.602 Executing VM operation: HandshakeAllThreads
Event: 46.602 Executing VM operation: HandshakeAllThreads done
Event: 46.602 Executing VM operation: HandshakeAllThreads
Event: 46.603 Executing VM operation: HandshakeAllThreads done
Event: 46.606 Executing VM operation: HandshakeAllThreads
Event: 46.606 Executing VM operation: HandshakeAllThreads done
Event: 46.721 Executing VM operation: G1CollectForAllocation
Event: 46.732 Executing VM operation: G1CollectForAllocation done
Event: 46.890 Executing VM operation: HandshakeAllThreads
Event: 46.891 Executing VM operation: HandshakeAllThreads done
Event: 47.083 Executing VM operation: ICBufferFull
Event: 47.084 Executing VM operation: ICBufferFull done
Event: 47.440 Executing VM operation: ICBufferFull
Event: 47.441 Executing VM operation: ICBufferFull done

Events (20 events):
Event: 46.633 Thread 0x000001b73f86d160 flushing nmethod 0x000001b72ad2e090
Event: 46.633 Thread 0x000001b73f86d160 flushing nmethod 0x000001b72ad33b10
Event: 46.633 Thread 0x000001b73f86d160 flushing nmethod 0x000001b72ad50690
Event: 46.633 Thread 0x000001b73f86d160 flushing nmethod 0x000001b72ad58590
Event: 46.633 Thread 0x000001b73f86d160 flushing nmethod 0x000001b72ad5b710
Event: 46.633 Thread 0x000001b73f86d160 flushing nmethod 0x000001b72ad79190
Event: 46.633 Thread 0x000001b73f86d160 flushing nmethod 0x000001b72ad79f10
Event: 46.633 Thread 0x000001b73f86d160 flushing nmethod 0x000001b72ae02b90
Event: 46.634 Thread 0x000001b73f86d160 flushing nmethod 0x000001b72aea0d10
Event: 46.634 Thread 0x000001b73f86d160 flushing nmethod 0x000001b72aea7e10
Event: 46.634 Thread 0x000001b73f86d160 flushing nmethod 0x000001b72aea9990
Event: 46.635 Thread 0x000001b73f86d160 flushing nmethod 0x000001b72af13790
Event: 46.880 loading class java/util/stream/SortedOps
Event: 46.884 loading class java/util/stream/SortedOps done
Event: 46.884 loading class java/util/stream/SortedOps$OfRef
Event: 46.888 loading class java/util/stream/SortedOps$OfRef done
Event: 46.891 loading class java/util/stream/SortedOps$SizedRefSortingSink
Event: 46.894 loading class java/util/stream/SortedOps$AbstractRefSortingSink
Event: 46.897 loading class java/util/stream/SortedOps$AbstractRefSortingSink done
Event: 46.897 loading class java/util/stream/SortedOps$SizedRefSortingSink done


Dynamic libraries:
0x00007ff7c89c0000 - 0x00007ff7c89ce000 	C:\Program Files\Microsoft\jdk-17.0.8.7-hotspot\bin\java.exe
0x00007ffffd7a0000 - 0x00007ffffd9a9000 	C:\Windows\SYSTEM32\ntdll.dll
0x00007ffffba30000 - 0x00007ffffbaed000 	C:\Windows\System32\KERNEL32.DLL
0x00007ffffac30000 - 0x00007ffffafb4000 	C:\Windows\System32\KERNELBASE.dll
0x00007ffffb080000 - 0x00007ffffb191000 	C:\Windows\System32\ucrtbase.dll
0x00007ffff6900000 - 0x00007ffff691b000 	C:\Program Files\Microsoft\jdk-17.0.8.7-hotspot\bin\VCRUNTIME140.dll
0x00007ffff6920000 - 0x00007ffff6937000 	C:\Program Files\Microsoft\jdk-17.0.8.7-hotspot\bin\jli.dll
0x00007fffd29d0000 - 0x00007fffd2c75000 	C:\Windows\WinSxS\amd64_microsoft.windows.common-controls_6595b64144ccf1df_6.0.22000.120_none_9d947278b86cc467\COMCTL32.dll
0x00007ffffc910000 - 0x00007ffffcabd000 	C:\Windows\System32\USER32.dll
0x00007ffffcb50000 - 0x00007ffffcbf3000 	C:\Windows\System32\msvcrt.dll
0x00007ffffb4d0000 - 0x00007ffffb4f6000 	C:\Windows\System32\win32u.dll
0x00007ffffc550000 - 0x00007ffffc57a000 	C:\Windows\System32\GDI32.dll
0x00007ffffb240000 - 0x00007ffffb35e000 	C:\Windows\System32\gdi32full.dll
0x00007ffffb1a0000 - 0x00007ffffb23d000 	C:\Windows\System32\msvcp_win.dll
0x00007ffffcd80000 - 0x00007ffffcdb1000 	C:\Windows\System32\IMM32.DLL
0x00007ffff68f0000 - 0x00007ffff68fc000 	C:\Program Files\Microsoft\jdk-17.0.8.7-hotspot\bin\vcruntime140_1.dll
0x00007ffff6860000 - 0x00007ffff68ed000 	C:\Program Files\Microsoft\jdk-17.0.8.7-hotspot\bin\msvcp140.dll
0x00007fff87620000 - 0x00007fff88285000 	C:\Program Files\Microsoft\jdk-17.0.8.7-hotspot\bin\server\jvm.dll
0x00007ffffccb0000 - 0x00007ffffcd5e000 	C:\Windows\System32\ADVAPI32.dll
0x00007ffffb930000 - 0x00007ffffb9ce000 	C:\Windows\System32\sechost.dll
0x00007ffffbbf0000 - 0x00007ffffbd11000 	C:\Windows\System32\RPCRT4.dll
0x00007ffffab00000 - 0x00007ffffab4d000 	C:\Windows\SYSTEM32\POWRPROF.dll
0x00007ffff6850000 - 0x00007ffff6859000 	C:\Windows\SYSTEM32\WSOCK32.dll
0x00007ffff05c0000 - 0x00007ffff05f3000 	C:\Windows\SYSTEM32\WINMM.dll
0x00007ffffd6f0000 - 0x00007ffffd75f000 	C:\Windows\System32\WS2_32.dll
0x00007ffff09e0000 - 0x00007ffff09ea000 	C:\Windows\SYSTEM32\VERSION.dll
0x00007ffffaae0000 - 0x00007ffffaaf3000 	C:\Windows\SYSTEM32\UMPDC.dll
0x00007ffff9c60000 - 0x00007ffff9c78000 	C:\Windows\SYSTEM32\kernel.appcore.dll
0x00007ffff6840000 - 0x00007ffff684a000 	C:\Program Files\Microsoft\jdk-17.0.8.7-hotspot\bin\jimage.dll
0x00007fffec4a0000 - 0x00007fffec6c1000 	C:\Windows\SYSTEM32\DBGHELP.DLL
0x00007fffec460000 - 0x00007fffec491000 	C:\Windows\SYSTEM32\dbgcore.DLL
0x00007ffffb570000 - 0x00007ffffb5ef000 	C:\Windows\System32\bcryptPrimitives.dll
0x00007ffff6810000 - 0x00007ffff6835000 	C:\Program Files\Microsoft\jdk-17.0.8.7-hotspot\bin\java.dll
0x00007fffd62a0000 - 0x00007fffd6377000 	C:\Program Files\Microsoft\jdk-17.0.8.7-hotspot\bin\jsvml.dll
0x00007ffffbd20000 - 0x00007ffffc4e5000 	C:\Windows\System32\SHELL32.dll
0x00007ffff8cc0000 - 0x00007ffff9522000 	C:\Windows\SYSTEM32\windows.storage.dll
0x00007ffffcdc0000 - 0x00007ffffd136000 	C:\Windows\System32\combase.dll
0x00007ffff8b50000 - 0x00007ffff8cb7000 	C:\Windows\SYSTEM32\wintypes.dll
0x00007ffffb5f0000 - 0x00007ffffb6da000 	C:\Windows\System32\SHCORE.dll
0x00007ffffb9d0000 - 0x00007ffffba2d000 	C:\Windows\System32\shlwapi.dll
0x00007ffffab60000 - 0x00007ffffab85000 	C:\Windows\SYSTEM32\profapi.dll
0x00007ffff67f0000 - 0x00007ffff6809000 	C:\Program Files\Microsoft\jdk-17.0.8.7-hotspot\bin\net.dll
0x00007ffff36f0000 - 0x00007ffff3804000 	C:\Windows\SYSTEM32\WINHTTP.dll
0x00007ffffa100000 - 0x00007ffffa167000 	C:\Windows\system32\mswsock.dll
0x00007ffff4970000 - 0x00007ffff4986000 	C:\Program Files\Microsoft\jdk-17.0.8.7-hotspot\bin\nio.dll
0x00007fffe53d0000 - 0x00007fffe53e8000 	C:\Program Files\Microsoft\jdk-17.0.8.7-hotspot\bin\zip.dll
0x00007ffff4960000 - 0x00007ffff4970000 	C:\Program Files\Microsoft\jdk-17.0.8.7-hotspot\bin\verify.dll
0x00007fffe3820000 - 0x00007fffe3847000 	C:\Users\lab_services_student\.gradle\native\e1d6ef7f7dcc3fd88c89a11ec53ec762bb8ba0a96d01ffa2cd45eb1d1d8dd5c5\windows-amd64\native-platform.dll
0x00007fffd4e10000 - 0x00007fffd4f54000 	C:\Users\lab_services_student\.gradle\native\5664cfc778a61ccfe75a443a1ab52a65af34e5dc3c78e0209fed803814484fcb\windows-amd64\native-platform-file-events.dll
0x00007fffe53b0000 - 0x00007fffe53b9000 	C:\Program Files\Microsoft\jdk-17.0.8.7-hotspot\bin\management.dll
0x00007fffe5350000 - 0x00007fffe535b000 	C:\Program Files\Microsoft\jdk-17.0.8.7-hotspot\bin\management_ext.dll
0x00007ffffd6e0000 - 0x00007ffffd6e8000 	C:\Windows\System32\PSAPI.DLL
0x00007ffffa3d0000 - 0x00007ffffa3e8000 	C:\Windows\SYSTEM32\CRYPTSP.dll
0x00007ffff9bc0000 - 0x00007ffff9bf5000 	C:\Windows\system32\rsaenh.dll
0x00007ffffa1a0000 - 0x00007ffffa1cc000 	C:\Windows\SYSTEM32\USERENV.dll
0x00007ffffa510000 - 0x00007ffffa537000 	C:\Windows\SYSTEM32\bcrypt.dll
0x00007ffffa2f0000 - 0x00007ffffa2fc000 	C:\Windows\SYSTEM32\CRYPTBASE.dll
0x00007ffff9770000 - 0x00007ffff979d000 	C:\Windows\SYSTEM32\IPHLPAPI.DLL
0x00007ffffc760000 - 0x00007ffffc769000 	C:\Windows\System32\NSI.dll
0x00007ffff4550000 - 0x00007ffff4569000 	C:\Windows\SYSTEM32\dhcpcsvc6.DLL
0x00007ffff45c0000 - 0x00007ffff45de000 	C:\Windows\SYSTEM32\dhcpcsvc.DLL
0x00007ffff97a0000 - 0x00007ffff9887000 	C:\Windows\SYSTEM32\DNSAPI.dll
0x00007fffe3810000 - 0x00007fffe381e000 	C:\Program Files\Microsoft\jdk-17.0.8.7-hotspot\bin\sunmscapi.dll
0x00007ffffb360000 - 0x00007ffffb4c2000 	C:\Windows\System32\CRYPT32.dll
0x00007ffffa4e0000 - 0x00007ffffa508000 	C:\Windows\SYSTEM32\ncrypt.dll
0x00007ffffa4a0000 - 0x00007ffffa4d7000 	C:\Windows\SYSTEM32\NTASN1.dll
0x00007fffd6da0000 - 0x00007fffd6da8000 	C:\Windows\system32\wshunix.dll
0x00007ffff1350000 - 0x00007ffff135a000 	C:\Windows\System32\rasadhlp.dll
0x00007ffff28b0000 - 0x00007ffff2931000 	C:\Windows\System32\fwpuclnt.dll
0x00007fffe4ea0000 - 0x00007fffe4eb7000 	C:\Windows\system32\napinsp.dll
0x00007fffe4e80000 - 0x00007fffe4e9b000 	C:\Windows\system32\pnrpnsp.dll
0x00007fffe4e60000 - 0x00007fffe4e72000 	C:\Windows\System32\winrnr.dll
0x00007fffe4e40000 - 0x00007fffe4e55000 	C:\Windows\system32\wshbth.dll
0x00007fffe4e20000 - 0x00007fffe4e3f000 	C:\Windows\system32\nlansp_c.dll

dbghelp: loaded successfully - version: 4.0.5 - missing functions: none
symbol engine: initialized successfully - sym options: 0x614 - pdb path: .;C:\Program Files\Microsoft\jdk-17.0.8.7-hotspot\bin;C:\Windows\SYSTEM32;C:\Windows\WinSxS\amd64_microsoft.windows.common-controls_6595b64144ccf1df_6.0.22000.120_none_9d947278b86cc467;C:\Program Files\Microsoft\jdk-17.0.8.7-hotspot\bin\server;C:\Users\lab_services_student\.gradle\native\e1d6ef7f7dcc3fd88c89a11ec53ec762bb8ba0a96d01ffa2cd45eb1d1d8dd5c5\windows-amd64;C:\Users\lab_services_student\.gradle\native\5664cfc778a61ccfe75a443a1ab52a65af34e5dc3c78e0209fed803814484fcb\windows-amd64

VM Arguments:
jvm_args: -XX:MaxMetaspaceSize=512m --add-opens=java.base/java.util=ALL-UNNAMED --add-opens=java.base/java.lang=ALL-UNNAMED --add-opens=java.base/java.lang.invoke=ALL-UNNAMED --add-opens=java.base/java.util=ALL-UNNAMED --add-opens=java.prefs/java.util.prefs=ALL-UNNAMED --add-opens=java.prefs/java.util.prefs=ALL-UNNAMED --add-opens=java.base/java.nio.charset=ALL-UNNAMED --add-opens=java.base/java.net=ALL-UNNAMED --add-opens=java.base/java.util.concurrent.atomic=ALL-UNNAMED -Xmx2048m -Dfile.encoding=windows-1252 -Duser.country=ZA -Duser.language=en -Duser.variant 
java_command: org.gradle.launcher.daemon.bootstrap.GradleDaemon 7.3.3
java_class_path (initial): C:\Users\lab_services_student\.gradle\wrapper\dists\gradle-7.3.3-all\4295vidhdd9hd3gbjyw1xqxpo\gradle-7.3.3\lib\gradle-launcher-7.3.3.jar
Launcher Type: SUN_STANDARD

[Global flags]
     intx CICompilerCount                          = 3                                         {product} {ergonomic}
   size_t CompressedClassSpaceSize                 = 436207616                                 {product} {ergonomic}
     uint ConcGCThreads                            = 1                                         {product} {ergonomic}
     uint G1ConcRefinementThreads                  = 4                                         {product} {ergonomic}
   size_t G1HeapRegionSize                         = 1048576                                   {product} {ergonomic}
    uintx GCDrainStackTargetSize                   = 64                                        {product} {ergonomic}
   size_t InitialHeapSize                          = 268435456                                 {product} {ergonomic}
   size_t MarkStackSize                            = 4194304                                   {product} {ergonomic}
   size_t MaxHeapSize                              = 2147483648                                {product} {command line}
   size_t MaxMetaspaceSize                         = 536870912                                 {product} {command line}
   size_t MaxNewSize                               = 1287651328                                {product} {ergonomic}
   size_t MinHeapDeltaBytes                        = 1048576                                   {product} {ergonomic}
   size_t MinHeapSize                              = 8388608                                   {product} {ergonomic}
    uintx NonNMethodCodeHeapSize                   = 5832780                                {pd product} {ergonomic}
    uintx NonProfiledCodeHeapSize                  = 122912730                              {pd product} {ergonomic}
    uintx ProfiledCodeHeapSize                     = 122912730                              {pd product} {ergonomic}
    uintx ReservedCodeCacheSize                    = 251658240                              {pd product} {ergonomic}
     bool SegmentedCodeCache                       = true                                      {product} {ergonomic}
   size_t SoftMaxHeapSize                          = 2147483648                             {manageable} {ergonomic}
     bool UseCompressedClassPointers               = true                           {product lp64_product} {ergonomic}
     bool UseCompressedOops                        = true                           {product lp64_product} {ergonomic}
     bool UseG1GC                                  = true                                      {product} {ergonomic}
     bool UseLargePagesIndividualAllocation        = false                                  {pd product} {ergonomic}

Logging:
Log output configuration:
 #0: stdout all=warning uptime,level,tags
 #1: stderr all=off uptime,level,tags

Environment Variables:
JAVA_HOME=C:\Program Files\Microsoft\jdk-17.0.8.7-hotspot\
CLASSPATH=C:\Users\lab_services_student\Desktop\VS PROJECTS\PART2\android\\gradle\wrapper\gradle-wrapper.jar
PATH=C:\Users\lab_services_student\Desktop\VS PROJECTS\PART2\android\node_modules\.bin;C:\Users\lab_services_student\Desktop\VS PROJECTS\PART2\node_modules\.bin;C:\Users\lab_services_student\Desktop\VS PROJECTS\node_modules\.bin;C:\Users\lab_services_student\Desktop\node_modules\.bin;C:\Users\lab_services_student\node_modules\.bin;C:\Users\node_modules\.bin;C:\node_modules\.bin;C:\Program Files\nodejs;C:\Users\lab_services_student\Desktop\VS PROJECTS\PART2\node_modules\.bin;C:\Users\lab_services_student\Desktop\VS PROJECTS\PART2\node_modules\.bin;C:\Users\lab_services_student\Desktop\VS PROJECTS\node_modules\.bin;C:\Users\lab_services_student\Desktop\node_modules\.bin;C:\Users\lab_services_student\node_modules\.bin;C:\Users\node_modules\.bin;C:\node_modules\.bin;C:\Users\lab_services_student\AppData\Roaming\npm\node_modules\npm\node_modules\@npmcli\run-script\lib\node-gyp-bin;C:\Program Files\Common Files\Oracle\Java\javapath;C:\Python312\Scripts\;C:\Python312\;C:\Program Files\Microsoft\jdk-17.0.8.7-hotspot\bin;C:\Windows\system32;C:\Windows;C:\Windows\System32\Wbem;C:\Windows\System32\WindowsPowerShell\v1.0\;C:\Windows\System32\OpenSSH\;C:\ProgramData\chocolatey\bin;C:\Program Files\Microsoft VS Code\bin;C:\Program Files\nodejs\;%LOCALAPPDATA%\Android\Sdk\platform-tools;C:\Program Files\Git\cmd;C:\Users\lab_services_student\AppData\Local\Microsoft\WindowsApps;C:\Users\lab_services_student\AppData\Roaming\npm;C:\Users\lab_services_student\AppData\Local\GitHubDesktop\bin;C:\Users\lab_services_student\AppData\Local\Pandoc\;C:\Users\lab_services_student\AppData\Local\Microsoft\WinGet\Links;
USERNAME=lab_services_student
LANG=en_US.UTF-8
OS=Windows_NT
PROCESSOR_IDENTIFIER=Intel64 Family 6 Model 85 Stepping 7, GenuineIntel
TMP=C:\Users\LAB_SE~1\AppData\Local\Temp
TEMP=C:\Users\LAB_SE~1\AppData\Local\Temp



---------------  S Y S T E M  ---------------

OS:
 Windows 11 , 64 bit Build 22000 (10.0.22000.2538)
OS uptime: 0 days 0:11 hours
Hyper-V role detected

CPU: total 4 (initial active 4) (2 cores per cpu, 2 threads per core) family 6 model 85 stepping 7 microcode 0xffffffff, cx8, cmov, fxsr, ht, mmx, 3dnowpref, sse, sse2, sse3, ssse3, sse4.1, sse4.2, popcnt, lzcnt, tsc, avx, avx2, aes, erms, clmul, bmi1, bmi2, rtm, adx, avx512f, avx512dq, avx512cd, avx512bw, avx512vl, fma, vzeroupper, avx512_vnni, clflush, clflushopt, clwb, hv
Processor Information for all 4 processors :
  Max Mhz: 2594, Current Mhz: 2594, Mhz Limit: 2594

Memory: 4k page, system-wide physical 16382M (9412M free)
TotalPageFile size 18814M (AvailPageFile size 10482M)
current process WorkingSet (physical memory assigned to process): 540M, peak: 540M
current process commit charge ("private bytes"): 581M, peak: 593M

vm_info: OpenJDK 64-Bit Server VM (17.0.8+7-LTS) for windows-amd64 JRE (17.0.8+7-LTS), built on Jul  7 2023 17:21:55 by "MicrosoftCorporation" with MS VC++ 16.10 / 16.11 (VS2019)

END.
