#
# A fatal error has been detected by the Java Runtime Environment:
#
#  EXCEPTION_ACCESS_VIOLATION (0xc0000005) at pc=0x00007ffab60de0a9, pid=11688, tid=5032
#
# JRE version: OpenJDK Runtime Environment Microsoft-8035246 (17.0.8+7) (build 17.0.8+7-LTS)
# Java VM: OpenJDK 64-Bit Server VM Microsoft-8035246 (17.0.8+7-LTS, mixed mode, sharing, tiered, compressed oops, compressed class ptrs, g1 gc, windows-amd64)
# Problematic frame:
# V  [jvm.dll+0x2be0a9]
#
# No core dump will be written. Minidumps are not enabled by default on client versions of Windows
#
# If you would like to submit a bug report, please visit:
#   https://github.com/microsoft/openjdk/issues
#

---------------  S U M M A R Y ------------

Command Line: -XX:MaxMetaspaceSize=512m --add-opens=java.base/java.util=ALL-UNNAMED --add-opens=java.base/java.lang=ALL-UNNAMED --add-opens=java.base/java.lang.invoke=ALL-UNNAMED --add-opens=java.base/java.util=ALL-UNNAMED --add-opens=java.prefs/java.util.prefs=ALL-UNNAMED --add-opens=java.prefs/java.util.prefs=ALL-UNNAMED --add-opens=java.base/java.nio.charset=ALL-UNNAMED --add-opens=java.base/java.net=ALL-UNNAMED --add-opens=java.base/java.util.concurrent.atomic=ALL-UNNAMED -Xmx2048m -Dfile.encoding=windows-1252 -Duser.country=ZA -Duser.language=en -Duser.variant org.gradle.launcher.daemon.bootstrap.GradleDaemon 7.3.3

Host: Intel(R) Xeon(R) Platinum 8272CL CPU @ 2.60GHz, 4 cores, 15G,  Windows 11 , 64 bit Build 22000 (10.0.22000.2538)
Time: Sun Oct  6 22:46:24 2024 South Africa Standard Time elapsed time: 43.135663 seconds (0d 0h 0m 43s)

---------------  T H R E A D  ---------------

Current thread (0x0000022e7b1a4b60):  JavaThread "C2 CompilerThread0" daemon [_thread_in_native, id=5032, stack(0x000000f6a8600000,0x000000f6a8700000)]


Current CompileTask:
C2:  43135 14317       4       org.gradle.cache.internal.CacheAccessWorker$1::call (10 bytes)

Stack: [0x000000f6a8600000,0x000000f6a8700000],  sp=0x000000f6a86fb670,  free space=1005k
Native frames: (J=compiled Java code, j=interpreted, Vv=VM code, C=native code)
V  [jvm.dll+0x2be0a9]
V  [jvm.dll+0x21ba8b]
V  [jvm.dll+0x21944b]
V  [jvm.dll+0x1a56b6]
V  [jvm.dll+0x2291ea]
V  [jvm.dll+0x22724c]
V  [jvm.dll+0x7efd0c]
V  [jvm.dll+0x7ea13a]
V  [jvm.dll+0x67ad85]
C  [ucrtbase.dll+0x26c0c]
C  [KERNEL32.DLL+0x153e0]
C  [ntdll.dll+0x485b]


siginfo: EXCEPTION_ACCESS_VIOLATION (0xc0000005), reading address 0x0000000000000028


Register to memory mapping:

RIP=0x00007ffab60de0a9 jvm.dll
RAX=0x0000022e2c081130 points into unknown readable memory: 0x0000000000000000 | 00 00 00 00 00 00 00 00
RBX=0x0000000000001749 is an unknown value
RCX=0x0 is NULL
RDX=0x0 is NULL
RSP=0x000000f6a86fb670 is pointing into the stack for thread: 0x0000022e7b1a4b60
RBP=0x000000f6a86fb6e0 is pointing into the stack for thread: 0x0000022e7b1a4b60
RSI=0x0 is NULL
RDI=0x0000000000000047 is an unknown value
R8 =0x000000000000ffe0 is an unknown value
R9 =0x0 is NULL
R10=0x00007ffadc340000 VCRUNTIME140.dll
R11=0x0000022e2c081150 points into unknown readable memory: 0x0000000000000000 | 00 00 00 00 00 00 00 00
R12=0x0000000000000050 is an unknown value
R13=0x0 is NULL
R14=0x0 is NULL
R15=0x000000f6a86fe890 is pointing into the stack for thread: 0x0000022e7b1a4b60


Registers:
RAX=0x0000022e2c081130, RBX=0x0000000000001749, RCX=0x0000000000000000, RDX=0x0000000000000000
RSP=0x000000f6a86fb670, RBP=0x000000f6a86fb6e0, RSI=0x0000000000000000, RDI=0x0000000000000047
R8 =0x000000000000ffe0, R9 =0x0000000000000000, R10=0x00007ffadc340000, R11=0x0000022e2c081150
R12=0x0000000000000050, R13=0x0000000000000000, R14=0x0000000000000000, R15=0x000000f6a86fe890
RIP=0x00007ffab60de0a9, EFLAGS=0x0000000000010202

Top of Stack: (sp=0x000000f6a86fb670)
0x000000f6a86fb670:   0000000000001749 0000000000000000
0x000000f6a86fb680:   000000f6a86fe890 00007ffab60438d1
0x000000f6a86fb690:   0000022e7b19faa0 00007ffa00002000
0x000000f6a86fb6a0:   0000022e2c081130 0000000000000000
0x000000f6a86fb6b0:   0000000000000002 0000022e2b46dea0
0x000000f6a86fb6c0:   0000000000000002 0000022e7b19faa0
0x000000f6a86fb6d0:   0000000000000000 0000000000000000
0x000000f6a86fb6e0:   0000022e7b185c80 0000022e5d5ab640
0x000000f6a86fb6f0:   0000000000000047 00007ffab6764c08
0x000000f6a86fb700:   000000f6a86fb810 00007ffab603ba8b
0x000000f6a86fb710:   000000f6a86fe890 00007ffab6764c08
0x000000f6a86fb720:   000000f6a86fe890 000000f6a86fb810
0x000000f6a86fb730:   000000f600000000 000000f6a86ff3f0
0x000000f6a86fb740:   000000f60000000f 000000f6a86fe890
0x000000f6a86fb750:   000000f6a86fb8c0 00007ffa00000000
0x000000f6a86fb760:   0000022e00000100 00007ffab6764c08 

Instructions: (pc=0x00007ffab60de0a9)
0x00007ffab60ddfa9:   3b d0 75 0b ff c1 41 3b c9 7c dc 48 8b c2 c3 33
0x00007ffab60ddfb9:   c0 c3 cc cc cc cc cc 48 89 5c 24 18 55 56 57 41
0x00007ffab60ddfc9:   55 41 57 48 8b ec 48 83 ec 70 65 48 8b 04 25 58
0x00007ffab60ddfd9:   00 00 00 48 8b f2 44 8b 05 d2 8b 90 00 4c 8b f9
0x00007ffab60ddfe9:   4a 8b 1c c0 b8 50 00 00 00 80 3c 18 00 75 05 e8
0x00007ffab60ddff9:   8b 6f 5d 00 b8 20 00 00 00 48 8b 04 18 48 8b 98
0x00007ffab60de009:   38 02 00 00 48 89 5d b0 c7 45 b8 04 00 00 00 48
0x00007ffab60de019:   8b 43 18 48 83 f8 df 76 18 4c 8d 05 37 a9 65 00
0x00007ffab60de029:   ba 20 00 00 00 48 8b cb e8 5a eb de ff 48 8b 43
0x00007ffab60de039:   18 48 8d 48 20 48 3b 4b 20 76 11 45 33 c0 48 8b
0x00007ffab60de049:   cb 41 8d 50 20 e8 fd e8 de ff eb 04 48 89 4b 18
0x00007ffab60de059:   44 8b 45 b8 33 d2 49 c1 e0 03 48 8b c8 48 89 45
0x00007ffab60de069:   c0 e8 e3 80 5d 00 45 33 ed 48 8d 4d d0 44 89 6d
0x00007ffab60de079:   c8 e8 01 59 56 00 41 8b 9f 40 02 00 00 41 2b 9f
0x00007ffab60de089:   68 02 00 00 44 89 6d f0 3b 5d b8 72 0b 8b d3 48
0x00007ffab60de099:   8d 4d b0 e8 6f b3 39 00 48 8b 45 c0 4c 89 2c d8
0x00007ffab60de0a9:   8b 7e 28 8b df c1 eb 05 3b 5d d0 72 0b 8b d3 48
0x00007ffab60de0b9:   8d 4d d0 e8 1f 59 56 00 48 8b 45 d8 83 e7 1f 48
0x00007ffab60de0c9:   8d 14 98 40 0f b6 cf 41 b8 01 00 00 00 41 d3 e0
0x00007ffab60de0d9:   8b 0a 8b c1 41 0b c0 89 02 41 85 c8 75 21 8b 5d
0x00007ffab60de0e9:   c8 8d 43 01 89 45 c8 3b 5d b8 72 0b 8b d3 48 8d
0x00007ffab60de0f9:   4d b0 e8 10 b3 39 00 48 8b 45 c0 48 89 34 d8 44
0x00007ffab60de109:   39 6d c8 0f 86 77 01 00 00 4c 89 a4 24 a0 00 00
0x00007ffab60de119:   00 4c 89 b4 24 a8 00 00 00 48 8b 45 c0 41 8b cd
0x00007ffab60de129:   48 8b 34 c8 8b 46 2c 25 ff 1f 00 00 3d 04 10 00
0x00007ffab60de139:   00 0f 85 a7 00 00 00 bb 01 00 00 00 39 5e 18 76
0x00007ffab60de149:   39 66 0f 1f 44 00 00 48 8b 46 08 8b cb 48 8b 14
0x00007ffab60de159:   c8 48 85 d2 74 1d 48 83 7a 10 00 74 16 80 7a 2c
0x00007ffab60de169:   84 74 10 e8 7f 7e ee ff 48 8b d0 49 8b cf e8 a4
0x00007ffab60de179:   61 f6 ff ff c3 3b 5e 18 72 cd 48 8b 5e 10 8b 46
0x00007ffab60de189:   20 4c 8d 34 c3 49 3b de 73 54 48 8b 3b 8b 47 2c
0x00007ffab60de199:   83 e0 03 3c 03 75 2e 48 8b 07 48 8b cf ff 90 88 


Stack slot to memory mapping:
stack at sp + 0 slots: 0x0000000000001749 is an unknown value
stack at sp + 1 slots: 0x0 is NULL
stack at sp + 2 slots: 0x000000f6a86fe890 is pointing into the stack for thread: 0x0000022e7b1a4b60
stack at sp + 3 slots: 0x00007ffab60438d1 jvm.dll
stack at sp + 4 slots: 0x0000022e7b19faa0 points into unknown readable memory: 0x0000022e00000006 | 06 00 00 00 2e 02 00 00
stack at sp + 5 slots: 0x00007ffa00002000 is an unknown value
stack at sp + 6 slots: 0x0000022e2c081130 points into unknown readable memory: 0x0000000000000000 | 00 00 00 00 00 00 00 00
stack at sp + 7 slots: 0x0 is NULL


---------------  P R O C E S S  ---------------

Threads class SMR info:
_java_thread_list=0x0000022e2421d6b0, length=90, elements={
0x0000022e5d594cf0, 0x0000022e7b188ed0, 0x0000022e7b189890, 0x0000022e7b1a0070,
0x0000022e7b1a0a30, 0x0000022e7b1a13f0, 0x0000022e7b1a3dc0, 0x0000022e7b1a4b60,
0x0000022e7b1a8b10, 0x0000022e7b1ad520, 0x0000022e1f237100, 0x0000022e1f23b810,
0x0000022e207ae4e0, 0x0000022e2077ee20, 0x0000022e20b07700, 0x0000022e20aa3040,
0x0000022e209a78a0, 0x0000022e20ac6620, 0x0000022e20ac6b30, 0x0000022e20ac7f70,
0x0000022e20ac7a60, 0x0000022e20ac7040, 0x0000022e20ac8480, 0x0000022e20ac8990,
0x0000022e20ac7550, 0x0000022e20ac51e0, 0x0000022e20ac56f0, 0x0000022e20ac5c00,
0x0000022e21844b90, 0x0000022e21846f00, 0x0000022e218450a0, 0x0000022e218464e0,
0x0000022e21843750, 0x0000022e218409c0, 0x0000022e21841e00, 0x0000022e21840ed0,
0x0000022e218418f0, 0x0000022e21843c60, 0x0000022e21844170, 0x0000022e21844680,
0x0000022e21842820, 0x0000022e21845fd0, 0x0000022e21847410, 0x0000022e21843240,
0x0000022e21847920, 0x0000022e218404b0, 0x0000022e21847e30, 0x0000022e218413e0,
0x0000022e21842310, 0x0000022e21842d30, 0x0000022e217cd310, 0x0000022e217cbed0,
0x0000022e217c9140, 0x0000022e217c9650, 0x0000022e217c8210, 0x0000022e217cc3e0,
0x0000022e217cc8f0, 0x0000022e217cce00, 0x0000022e217c9b60, 0x0000022e217cd820,
0x0000022e217cdd30, 0x0000022e217c77f0, 0x0000022e217caa90, 0x0000022e217c68c0,
0x0000022e217cafa0, 0x0000022e217cb9c0, 0x0000022e217c8720, 0x0000022e217c8c30,
0x0000022e217cb4b0, 0x0000022e217c6dd0, 0x0000022e217ce240, 0x0000022e217c72e0,
0x0000022e217ca070, 0x0000022e217ca580, 0x0000022e217c7d00, 0x0000022e219b7160,
0x0000022e219b43d0, 0x0000022e219b85a0, 0x0000022e219b8ab0, 0x0000022e219b94d0,
0x0000022e219b34a0, 0x0000022e219b48e0, 0x0000022e219b2060, 0x0000022e219b8fc0,
0x0000022e219b4df0, 0x0000022e21595400, 0x0000022e219b2a80, 0x0000022e219b6230,
0x0000022e219b3ec0, 0x0000022e219b2f90
}

Java Threads: ( => current thread )
  0x0000022e5d594cf0 JavaThread "main" [_thread_blocked, id=4016, stack(0x000000f6a7900000,0x000000f6a7a00000)]
  0x0000022e7b188ed0 JavaThread "Reference Handler" daemon [_thread_blocked, id=4004, stack(0x000000f6a8000000,0x000000f6a8100000)]
  0x0000022e7b189890 JavaThread "Finalizer" daemon [_thread_blocked, id=6164, stack(0x000000f6a8100000,0x000000f6a8200000)]
  0x0000022e7b1a0070 JavaThread "Signal Dispatcher" daemon [_thread_blocked, id=1196, stack(0x000000f6a8200000,0x000000f6a8300000)]
  0x0000022e7b1a0a30 JavaThread "Attach Listener" daemon [_thread_blocked, id=3932, stack(0x000000f6a8300000,0x000000f6a8400000)]
  0x0000022e7b1a13f0 JavaThread "Service Thread" daemon [_thread_blocked, id=12116, stack(0x000000f6a8400000,0x000000f6a8500000)]
  0x0000022e7b1a3dc0 JavaThread "Monitor Deflation Thread" daemon [_thread_blocked, id=5100, stack(0x000000f6a8500000,0x000000f6a8600000)]
=>0x0000022e7b1a4b60 JavaThread "C2 CompilerThread0" daemon [_thread_in_native, id=5032, stack(0x000000f6a8600000,0x000000f6a8700000)]
  0x0000022e7b1a8b10 JavaThread "C1 CompilerThread0" daemon [_thread_blocked, id=1740, stack(0x000000f6a8700000,0x000000f6a8800000)]
  0x0000022e7b1ad520 JavaThread "Sweeper thread" daemon [_thread_blocked, id=5632, stack(0x000000f6a8800000,0x000000f6a8900000)]
  0x0000022e1f237100 JavaThread "Common-Cleaner" daemon [_thread_blocked, id=7984, stack(0x000000f6a8900000,0x000000f6a8a00000)]
  0x0000022e1f23b810 JavaThread "Notification Thread" daemon [_thread_blocked, id=1292, stack(0x000000f6a8a00000,0x000000f6a8b00000)]
  0x0000022e207ae4e0 JavaThread "Daemon health stats" [_thread_in_Java, id=6376, stack(0x000000f6a8c00000,0x000000f6a8d00000)]
  0x0000022e2077ee20 JavaThread "Incoming local TCP Connector on port 50362" [_thread_in_native, id=12128, stack(0x000000f6a9000000,0x000000f6a9100000)]
  0x0000022e20b07700 JavaThread "Daemon periodic checks" [_thread_blocked, id=6264, stack(0x000000f6a9100000,0x000000f6a9200000)]
  0x0000022e20aa3040 JavaThread "Daemon" [_thread_blocked, id=12180, stack(0x000000f6a9200000,0x000000f6a9300000)]
  0x0000022e209a78a0 JavaThread "Handler for socket connection from /127.0.0.1:50362 to /127.0.0.1:50363" [_thread_in_native, id=10024, stack(0x000000f6a9300000,0x000000f6a9400000)]
  0x0000022e20ac6620 JavaThread "Cancel handler" [_thread_blocked, id=7044, stack(0x000000f6a9400000,0x000000f6a9500000)]
  0x0000022e20ac6b30 JavaThread "Daemon worker" [_thread_blocked, id=11720, stack(0x000000f6a9500000,0x000000f6a9600000)]
  0x0000022e20ac7f70 JavaThread "Asynchronous log dispatcher for DefaultDaemonConnection: socket connection from /127.0.0.1:50362 to /127.0.0.1:50363" [_thread_blocked, id=8444, stack(0x000000f6a9600000,0x000000f6a9700000)]
  0x0000022e20ac7a60 JavaThread "Stdin handler" [_thread_blocked, id=9736, stack(0x000000f6a9700000,0x000000f6a9800000)]
  0x0000022e20ac7040 JavaThread "Daemon client event forwarder" [_thread_blocked, id=9716, stack(0x000000f6a9800000,0x000000f6a9900000)]
  0x0000022e20ac8480 JavaThread "Cache worker for journal cache (C:\Users\lab_services_student\.gradle\caches\journal-1)" [_thread_blocked, id=1360, stack(0x000000f6a9900000,0x000000f6a9a00000)]
  0x0000022e20ac8990 JavaThread "File lock request listener" [_thread_in_native, id=3288, stack(0x000000f6a9a00000,0x000000f6a9b00000)]
  0x0000022e20ac7550 JavaThread "Cache worker for file hash cache (C:\Users\lab_services_student\.gradle\caches\7.3.3\fileHashes)" [_thread_blocked, id=10696, stack(0x000000f6a9b00000,0x000000f6a9c00000)]
  0x0000022e20ac51e0 JavaThread "Cache worker for file hash cache (C:\Users\lab_services_student\Desktop\VS PROJECTS\PART2\android\.gradle\7.3.3\fileHashes)" [_thread_blocked, id=8448, stack(0x000000f6a9d00000,0x000000f6a9e00000)]
  0x0000022e20ac56f0 JavaThread "File watcher server" daemon [_thread_in_native, id=11804, stack(0x000000f6a9e00000,0x000000f6a9f00000)]
  0x0000022e20ac5c00 JavaThread "File watcher consumer" daemon [_thread_blocked, id=6740, stack(0x000000f6a9f00000,0x000000f6aa000000)]
  0x0000022e21844b90 JavaThread "Cache worker for checksums cache (C:\Users\lab_services_student\Desktop\VS PROJECTS\PART2\android\.gradle\7.3.3\checksums)" [_thread_blocked, id=11744, stack(0x000000f6aa000000,0x000000f6aa100000)]
  0x0000022e21846f00 JavaThread "Cache worker for cache directory md-supplier (C:\Users\lab_services_student\.gradle\caches\7.3.3\md-supplier)" [_thread_blocked, id=9864, stack(0x000000f6aa100000,0x000000f6aa200000)]
  0x0000022e218450a0 JavaThread "Cache worker for cache directory md-rule (C:\Users\lab_services_student\.gradle\caches\7.3.3\md-rule)" [_thread_blocked, id=8008, stack(0x000000f6a9c00000,0x000000f6a9d00000)]
  0x0000022e218464e0 JavaThread "Cache worker for execution history cache (C:\Users\lab_services_student\.gradle\caches\7.3.3\executionHistory)" [_thread_in_native, id=10004, stack(0x000000f6aa200000,0x000000f6aa300000)]
  0x0000022e21843750 JavaThread "jar transforms" [_thread_blocked, id=6744, stack(0x000000f6aa400000,0x000000f6aa500000)]
  0x0000022e218409c0 JavaThread "jar transforms Thread 2" [_thread_blocked, id=624, stack(0x000000f6aa500000,0x000000f6aa600000)]
  0x0000022e21841e00 JavaThread "Cache worker for file content cache (C:\Users\lab_services_student\.gradle\caches\7.3.3\fileContent)" [_thread_blocked, id=7032, stack(0x000000f6aa600000,0x000000f6aa700000)]
  0x0000022e21840ed0 JavaThread "jar transforms Thread 3" [_thread_blocked, id=8872, stack(0x000000f6aa700000,0x000000f6aa800000)]
  0x0000022e218418f0 JavaThread "jar transforms Thread 4" [_thread_blocked, id=8456, stack(0x000000f6aa800000,0x000000f6aa900000)]
  0x0000022e21843c60 JavaThread "Cache worker for kotlin-dsl (C:\Users\lab_services_student\.gradle\caches\7.3.3\kotlin-dsl)" [_thread_blocked, id=11400, stack(0x000000f6aa900000,0x000000f6aaa00000)]
  0x0000022e21844170 JavaThread "Cache worker for dependencies-accessors (C:\Users\lab_services_student\Desktop\VS PROJECTS\PART2\android\.gradle\7.3.3\dependencies-accessors)" [_thread_blocked, id=3420, stack(0x000000f6aaa00000,0x000000f6aab00000)]
  0x0000022e21844680 JavaThread "Cache worker for Build Output Cleanup Cache (C:\Users\lab_services_student\Desktop\VS PROJECTS\PART2\node_modules\react-native-gradle-plugin\.gradle\buildOutputCleanup)" [_thread_blocked, id=3388, stack(0x000000f6aab00000,0x000000f6aac00000)]
  0x0000022e21842820 JavaThread "Unconstrained build operations" [_thread_blocked, id=10016, stack(0x000000f6aac00000,0x000000f6aad00000)]
  0x0000022e21845fd0 JavaThread "Unconstrained build operations Thread 2" [_thread_blocked, id=5924, stack(0x000000f6aad00000,0x000000f6aae00000)]
  0x0000022e21847410 JavaThread "Unconstrained build operations Thread 3" [_thread_blocked, id=11352, stack(0x000000f6aae00000,0x000000f6aaf00000)]
  0x0000022e21843240 JavaThread "Unconstrained build operations Thread 4" [_thread_blocked, id=3324, stack(0x000000f6aaf00000,0x000000f6ab000000)]
  0x0000022e21847920 JavaThread "Unconstrained build operations Thread 5" [_thread_blocked, id=2732, stack(0x000000f6ab000000,0x000000f6ab100000)]
  0x0000022e218404b0 JavaThread "Unconstrained build operations Thread 6" [_thread_blocked, id=7928, stack(0x000000f6ab100000,0x000000f6ab200000)]
  0x0000022e21847e30 JavaThread "Unconstrained build operations Thread 7" [_thread_blocked, id=12188, stack(0x000000f6ab200000,0x000000f6ab300000)]
  0x0000022e218413e0 JavaThread "Unconstrained build operations Thread 8" [_thread_blocked, id=8924, stack(0x000000f6ab300000,0x000000f6ab400000)]
  0x0000022e21842310 JavaThread "Unconstrained build operations Thread 9" [_thread_in_native, id=8000, stack(0x000000f6ab400000,0x000000f6ab500000)]
  0x0000022e21842d30 JavaThread "Unconstrained build operations Thread 10" [_thread_blocked, id=4560, stack(0x000000f6ab500000,0x000000f6ab600000)]
  0x0000022e217cd310 JavaThread "Unconstrained build operations Thread 11" [_thread_blocked, id=3212, stack(0x000000f6ab600000,0x000000f6ab700000)]
  0x0000022e217cbed0 JavaThread "Unconstrained build operations Thread 12" [_thread_blocked, id=528, stack(0x000000f6ab700000,0x000000f6ab800000)]
  0x0000022e217c9140 JavaThread "Unconstrained build operations Thread 13" [_thread_blocked, id=2224, stack(0x000000f6ab800000,0x000000f6ab900000)]
  0x0000022e217c9650 JavaThread "Unconstrained build operations Thread 14" [_thread_blocked, id=2720, stack(0x000000f6ab900000,0x000000f6aba00000)]
  0x0000022e217c8210 JavaThread "Unconstrained build operations Thread 15" [_thread_blocked, id=11676, stack(0x000000f6aba00000,0x000000f6abb00000)]
  0x0000022e217cc3e0 JavaThread "Unconstrained build operations Thread 16" [_thread_blocked, id=11800, stack(0x000000f6abb00000,0x000000f6abc00000)]
  0x0000022e217cc8f0 JavaThread "Unconstrained build operations Thread 17" [_thread_blocked, id=4376, stack(0x000000f6abc00000,0x000000f6abd00000)]
  0x0000022e217cce00 JavaThread "Unconstrained build operations Thread 18" [_thread_blocked, id=2912, stack(0x000000f6abd00000,0x000000f6abe00000)]
  0x0000022e217c9b60 JavaThread "Unconstrained build operations Thread 19" [_thread_blocked, id=6784, stack(0x000000f6abe00000,0x000000f6abf00000)]
  0x0000022e217cd820 JavaThread "Unconstrained build operations Thread 20" [_thread_blocked, id=11068, stack(0x000000f6abf00000,0x000000f6ac000000)]
  0x0000022e217cdd30 JavaThread "Unconstrained build operations Thread 21" [_thread_blocked, id=1576, stack(0x000000f6ac000000,0x000000f6ac100000)]
  0x0000022e217c77f0 JavaThread "Unconstrained build operations Thread 22" [_thread_blocked, id=10564, stack(0x000000f6ac100000,0x000000f6ac200000)]
  0x0000022e217caa90 JavaThread "Unconstrained build operations Thread 23" [_thread_blocked, id=7152, stack(0x000000f6ac200000,0x000000f6ac300000)]
  0x0000022e217c68c0 JavaThread "Unconstrained build operations Thread 24" [_thread_blocked, id=6236, stack(0x000000f6ac300000,0x000000f6ac400000)]
  0x0000022e217cafa0 JavaThread "Unconstrained build operations Thread 25" [_thread_blocked, id=10388, stack(0x000000f6ac400000,0x000000f6ac500000)]
  0x0000022e217cb9c0 JavaThread "Unconstrained build operations Thread 26" [_thread_blocked, id=7000, stack(0x000000f6ac500000,0x000000f6ac600000)]
  0x0000022e217c8720 JavaThread "Unconstrained build operations Thread 27" [_thread_blocked, id=6240, stack(0x000000f6ac600000,0x000000f6ac700000)]
  0x0000022e217c8c30 JavaThread "Unconstrained build operations Thread 28" [_thread_blocked, id=10232, stack(0x000000f6ac700000,0x000000f6ac800000)]
  0x0000022e217cb4b0 JavaThread "Unconstrained build operations Thread 29" [_thread_blocked, id=6440, stack(0x000000f6ac800000,0x000000f6ac900000)]
  0x0000022e217c6dd0 JavaThread "Unconstrained build operations Thread 30" [_thread_blocked, id=11592, stack(0x000000f6ac900000,0x000000f6aca00000)]
  0x0000022e217ce240 JavaThread "Unconstrained build operations Thread 31" [_thread_blocked, id=10572, stack(0x000000f6aca00000,0x000000f6acb00000)]
  0x0000022e217c72e0 JavaThread "Unconstrained build operations Thread 32" [_thread_blocked, id=8932, stack(0x000000f6acb00000,0x000000f6acc00000)]
  0x0000022e217ca070 JavaThread "Unconstrained build operations Thread 33" [_thread_blocked, id=3540, stack(0x000000f6acc00000,0x000000f6acd00000)]
  0x0000022e217ca580 JavaThread "build event listener" [_thread_blocked, id=11216, stack(0x000000f6aa300000,0x000000f6aa400000)]
  0x0000022e217c7d00 JavaThread "Memory manager" [_thread_blocked, id=7840, stack(0x000000f6acd00000,0x000000f6ace00000)]
  0x0000022e219b7160 JavaThread "Cache worker for Build Output Cleanup Cache (C:\Users\lab_services_student\Desktop\VS PROJECTS\PART2\android\.gradle\buildOutputCleanup)" [_thread_blocked, id=2948, stack(0x000000f6ace00000,0x000000f6acf00000)]
  0x0000022e219b43d0 JavaThread "included builds" [_thread_blocked, id=8280, stack(0x000000f6acf00000,0x000000f6ad000000)]
  0x0000022e219b85a0 JavaThread "Cache worker for execution history cache (C:\Users\lab_services_student\Desktop\VS PROJECTS\PART2\node_modules\react-native-gradle-plugin\.gradle\7.3.3\executionHistory)" [_thread_blocked, id=12076, stack(0x000000f6ad300000,0x000000f6ad400000)]
  0x0000022e219b8ab0 JavaThread "Unconstrained build operations Thread 34" [_thread_blocked, id=7076, stack(0x000000f6ad400000,0x000000f6ad500000)]
  0x0000022e219b94d0 JavaThread "Unconstrained build operations Thread 35" [_thread_blocked, id=6196, stack(0x000000f6ad500000,0x000000f6ad600000)]
  0x0000022e219b34a0 JavaThread "Unconstrained build operations Thread 36" [_thread_blocked, id=4720, stack(0x000000f6ad600000,0x000000f6ad700000)]
  0x0000022e219b48e0 JavaThread "Unconstrained build operations Thread 37" [_thread_blocked, id=11056, stack(0x000000f6ad700000,0x000000f6ad800000)]
  0x0000022e219b2060 JavaThread "Unconstrained build operations Thread 38" [_thread_blocked, id=6768, stack(0x000000f6ad800000,0x000000f6ad900000)]
  0x0000022e219b8fc0 JavaThread "Unconstrained build operations Thread 39" [_thread_blocked, id=1280, stack(0x000000f6ad900000,0x000000f6ada00000)]
  0x0000022e219b4df0 JavaThread "Unconstrained build operations Thread 40" [_thread_blocked, id=3264, stack(0x000000f6ada00000,0x000000f6adb00000)]
  0x0000022e21595400 JavaThread "C2 CompilerThread1" daemon [_thread_in_native, id=11500, stack(0x000000f6ad200000,0x000000f6ad300000)]
  0x0000022e219b2a80 JavaThread "Execution worker for ':'" [_thread_blocked, id=9404, stack(0x000000f6adc00000,0x000000f6add00000)]
  0x0000022e219b6230 JavaThread "Execution worker for ':' Thread 2" [_thread_blocked, id=11028, stack(0x000000f6add00000,0x000000f6ade00000)]
  0x0000022e219b3ec0 JavaThread "Execution worker for ':' Thread 3" [_thread_blocked, id=8412, stack(0x000000f6ade00000,0x000000f6adf00000)]
  0x0000022e219b2f90 JavaThread "Cache worker for execution history cache (C:\Users\lab_services_student\Desktop\VS PROJECTS\PART2\android\.gradle\7.3.3\executionHistory)" [_thread_blocked, id=10908, stack(0x000000f6adf00000,0x000000f6ae000000)]

Other Threads:
  0x0000022e7b185970 VMThread "VM Thread" [stack: 0x000000f6a7f00000,0x000000f6a8000000] [id=8776]
  0x0000022e1f23bcf0 WatcherThread [stack: 0x000000f6a8b00000,0x000000f6a8c00000] [id=5264]
  0x0000022e5d5ee7f0 GCTaskThread "GC Thread#0" [stack: 0x000000f6a7a00000,0x000000f6a7b00000] [id=12064]
  0x0000022e1f9d31f0 GCTaskThread "GC Thread#1" [stack: 0x000000f6a8d00000,0x000000f6a8e00000] [id=2772]
  0x0000022e1f9fb540 GCTaskThread "GC Thread#2" [stack: 0x000000f6a8e00000,0x000000f6a8f00000] [id=9316]
  0x0000022e1f9fb800 GCTaskThread "GC Thread#3" [stack: 0x000000f6a8f00000,0x000000f6a9000000] [id=1148]
  0x0000022e5d5ff640 ConcurrentGCThread "G1 Main Marker" [stack: 0x000000f6a7b00000,0x000000f6a7c00000] [id=2020]
  0x0000022e5d5fff50 ConcurrentGCThread "G1 Conc#0" [stack: 0x000000f6a7c00000,0x000000f6a7d00000] [id=2604]
  0x0000022e5d64e950 ConcurrentGCThread "G1 Refine#0" [stack: 0x000000f6a7d00000,0x000000f6a7e00000] [id=2944]
  0x0000022e7b03c5a0 ConcurrentGCThread "G1 Service" [stack: 0x000000f6a7e00000,0x000000f6a7f00000] [id=11040]

Threads with active compile tasks:
C2 CompilerThread0    43188 14317       4       org.gradle.cache.internal.CacheAccessWorker$1::call (10 bytes)
C1 CompilerThread0    43188 14339       3       org.gradle.internal.execution.steps.CaptureStateBeforeExecutionStep::captureExecutionState (49 bytes)
C2 CompilerThread1    43188 14328       4       java.util.Arrays::sort (47 bytes)

VM state: not at safepoint (normal execution)

VM Mutex/Monitor currently owned by a thread: None

Heap address: 0x0000000080000000, size: 2048 MB, Compressed Oops mode: 32-bit

CDS archive(s) mapped at: [0x0000022e00000000-0x0000022e00bd0000-0x0000022e00bd0000), size 12386304, SharedBaseAddress: 0x0000022e00000000, ArchiveRelocationMode: 1.
Compressed class space mapped at: 0x0000022e01000000-0x0000022e1b000000, reserved size: 436207616
Narrow klass base: 0x0000022e00000000, Narrow klass shift: 0, Narrow klass range: 0x100000000

GC Precious Log:
 CPUs: 4 total, 4 available
 Memory: 16382M
 Large Page Support: Disabled
 NUMA Support: Disabled
 Compressed Oops: Enabled (32-bit)
 Heap Region Size: 1M
 Heap Min Capacity: 8M
 Heap Initial Capacity: 256M
 Heap Max Capacity: 2G
 Pre-touch: Disabled
 Parallel Workers: 4
 Concurrent Workers: 1
 Concurrent Refinement Workers: 4
 Periodic GC: Disabled

Heap:
 garbage-first heap   total 253952K, used 171898K [0x0000000080000000, 0x0000000100000000)
  region size 1024K, 29 young (29696K), 5 survivors (5120K)
 Metaspace       used 98597K, committed 99584K, reserved 557056K
  class space    used 13419K, committed 13888K, reserved 425984K

Heap Regions: E=young(eden), S=young(survivor), O=old, HS=humongous(starts), HC=humongous(continues), CS=collection set, F=free, OA=open archive, CA=closed archive, TAMS=top-at-mark-start (previous, next)
|   0|0x0000000080000000, 0x0000000080100000, 0x0000000080100000|100%|HS|  |TAMS 0x0000000080100000, 0x0000000080000000| Complete 
|   1|0x0000000080100000, 0x0000000080200000, 0x0000000080200000|100%|HC|  |TAMS 0x0000000080200000, 0x0000000080100000| Complete 
|   2|0x0000000080200000, 0x0000000080300000, 0x0000000080300000|100%|HC|  |TAMS 0x0000000080300000, 0x0000000080200000| Complete 
|   3|0x0000000080300000, 0x0000000080400000, 0x0000000080400000|100%| O|  |TAMS 0x0000000080400000, 0x0000000080300000| Untracked 
|   4|0x0000000080400000, 0x0000000080500000, 0x0000000080500000|100%| O|  |TAMS 0x0000000080500000, 0x0000000080400000| Untracked 
|   5|0x0000000080500000, 0x0000000080600000, 0x0000000080600000|100%| O|  |TAMS 0x0000000080600000, 0x0000000080500000| Untracked 
|   6|0x0000000080600000, 0x0000000080700000, 0x0000000080700000|100%| O|  |TAMS 0x0000000080700000, 0x0000000080600000| Untracked 
|   7|0x0000000080700000, 0x0000000080800000, 0x0000000080800000|100%| O|  |TAMS 0x0000000080800000, 0x0000000080700000| Untracked 
|   8|0x0000000080800000, 0x0000000080900000, 0x0000000080900000|100%| O|  |TAMS 0x0000000080900000, 0x0000000080800000| Untracked 
|   9|0x0000000080900000, 0x0000000080a00000, 0x0000000080a00000|100%| O|  |TAMS 0x0000000080a00000, 0x0000000080900000| Untracked 
|  10|0x0000000080a00000, 0x0000000080b00000, 0x0000000080b00000|100%| O|  |TAMS 0x0000000080b00000, 0x0000000080a00000| Untracked 
|  11|0x0000000080b00000, 0x0000000080c00000, 0x0000000080c00000|100%| O|  |TAMS 0x0000000080c00000, 0x0000000080b00000| Untracked 
|  12|0x0000000080c00000, 0x0000000080d00000, 0x0000000080d00000|100%| O|  |TAMS 0x0000000080d00000, 0x0000000080c00000| Untracked 
|  13|0x0000000080d00000, 0x0000000080e00000, 0x0000000080e00000|100%| O|  |TAMS 0x0000000080e00000, 0x0000000080d00000| Untracked 
|  14|0x0000000080e00000, 0x0000000080f00000, 0x0000000080f00000|100%| O|  |TAMS 0x0000000080f00000, 0x0000000080e00000| Untracked 
|  15|0x0000000080f00000, 0x0000000081000000, 0x0000000081000000|100%| O|  |TAMS 0x0000000081000000, 0x0000000080f00000| Untracked 
|  16|0x0000000081000000, 0x0000000081100000, 0x0000000081100000|100%| O|  |TAMS 0x0000000081100000, 0x0000000081000000| Untracked 
|  17|0x0000000081100000, 0x0000000081200000, 0x0000000081200000|100%| O|  |TAMS 0x0000000081200000, 0x0000000081100000| Untracked 
|  18|0x0000000081200000, 0x0000000081300000, 0x0000000081300000|100%| O|  |TAMS 0x0000000081300000, 0x0000000081200000| Untracked 
|  19|0x0000000081300000, 0x0000000081400000, 0x0000000081400000|100%| O|  |TAMS 0x0000000081400000, 0x0000000081300000| Untracked 
|  20|0x0000000081400000, 0x0000000081500000, 0x0000000081500000|100%| O|  |TAMS 0x0000000081500000, 0x0000000081400000| Untracked 
|  21|0x0000000081500000, 0x0000000081600000, 0x0000000081600000|100%| O|  |TAMS 0x0000000081600000, 0x0000000081500000| Untracked 
|  22|0x0000000081600000, 0x0000000081700000, 0x0000000081700000|100%| O|  |TAMS 0x0000000081700000, 0x0000000081600000| Untracked 
|  23|0x0000000081700000, 0x0000000081800000, 0x0000000081800000|100%| O|  |TAMS 0x0000000081800000, 0x0000000081700000| Untracked 
|  24|0x0000000081800000, 0x0000000081900000, 0x0000000081900000|100%| O|  |TAMS 0x0000000081900000, 0x0000000081800000| Untracked 
|  25|0x0000000081900000, 0x0000000081a00000, 0x0000000081a00000|100%| O|  |TAMS 0x0000000081a00000, 0x0000000081900000| Untracked 
|  26|0x0000000081a00000, 0x0000000081b00000, 0x0000000081b00000|100%| O|  |TAMS 0x0000000081b00000, 0x0000000081a00000| Untracked 
|  27|0x0000000081b00000, 0x0000000081c00000, 0x0000000081c00000|100%| O|  |TAMS 0x0000000081c00000, 0x0000000081b00000| Untracked 
|  28|0x0000000081c00000, 0x0000000081d00000, 0x0000000081d00000|100%| O|  |TAMS 0x0000000081d00000, 0x0000000081c00000| Untracked 
|  29|0x0000000081d00000, 0x0000000081e00000, 0x0000000081e00000|100%| O|  |TAMS 0x0000000081e00000, 0x0000000081d00000| Untracked 
|  30|0x0000000081e00000, 0x0000000081f00000, 0x0000000081f00000|100%|HS|  |TAMS 0x0000000081f00000, 0x0000000081e00000| Complete 
|  31|0x0000000081f00000, 0x0000000082000000, 0x0000000082000000|100%|HS|  |TAMS 0x0000000082000000, 0x0000000081f00000| Complete 
|  32|0x0000000082000000, 0x0000000082100000, 0x0000000082100000|100%|HC|  |TAMS 0x0000000082100000, 0x0000000082000000| Complete 
|  33|0x0000000082100000, 0x0000000082200000, 0x0000000082200000|100%|HC|  |TAMS 0x0000000082200000, 0x0000000082100000| Complete 
|  34|0x0000000082200000, 0x0000000082300000, 0x0000000082300000|100%| O|  |TAMS 0x0000000082300000, 0x0000000082200000| Untracked 
|  35|0x0000000082300000, 0x0000000082400000, 0x0000000082400000|100%| O|  |TAMS 0x0000000082400000, 0x0000000082300000| Untracked 
|  36|0x0000000082400000, 0x0000000082500000, 0x0000000082500000|100%| O|  |TAMS 0x0000000082500000, 0x0000000082400000| Untracked 
|  37|0x0000000082500000, 0x0000000082600000, 0x0000000082600000|100%| O|  |TAMS 0x0000000082600000, 0x0000000082500000| Untracked 
|  38|0x0000000082600000, 0x0000000082700000, 0x0000000082700000|100%| O|  |TAMS 0x0000000082700000, 0x0000000082600000| Untracked 
|  39|0x0000000082700000, 0x0000000082800000, 0x0000000082800000|100%| O|  |TAMS 0x0000000082800000, 0x0000000082700000| Untracked 
|  40|0x0000000082800000, 0x00000000828c6c00, 0x0000000082900000| 77%| O|  |TAMS 0x00000000828c6c00, 0x0000000082800000| Untracked 
|  41|0x0000000082900000, 0x0000000082a00000, 0x0000000082a00000|100%|HS|  |TAMS 0x0000000082a00000, 0x0000000082900000| Complete 
|  42|0x0000000082a00000, 0x0000000082b00000, 0x0000000082b00000|100%|HS|  |TAMS 0x0000000082b00000, 0x0000000082a00000| Complete 
|  43|0x0000000082b00000, 0x0000000082c00000, 0x0000000082c00000|100%|HS|  |TAMS 0x0000000082c00000, 0x0000000082b00000| Complete 
|  44|0x0000000082c00000, 0x0000000082d00000, 0x0000000082d00000|100%|HC|  |TAMS 0x0000000082d00000, 0x0000000082c00000| Complete 
|  45|0x0000000082d00000, 0x0000000082e00000, 0x0000000082e00000|100%| O|  |TAMS 0x0000000082e00000, 0x0000000082d00000| Untracked 
|  46|0x0000000082e00000, 0x0000000082f00000, 0x0000000082f00000|100%| O|  |TAMS 0x0000000082f00000, 0x0000000082e00000| Untracked 
|  47|0x0000000082f00000, 0x0000000083000000, 0x0000000083000000|100%| O|  |TAMS 0x0000000083000000, 0x0000000082f00000| Untracked 
|  48|0x0000000083000000, 0x0000000083100000, 0x0000000083100000|100%| O|  |TAMS 0x0000000083100000, 0x0000000083000000| Untracked 
|  49|0x0000000083100000, 0x0000000083200000, 0x0000000083200000|100%| O|  |TAMS 0x0000000083200000, 0x0000000083100000| Untracked 
|  50|0x0000000083200000, 0x0000000083300000, 0x0000000083300000|100%| O|  |TAMS 0x0000000083300000, 0x0000000083200000| Untracked 
|  51|0x0000000083300000, 0x0000000083400000, 0x0000000083400000|100%| O|  |TAMS 0x0000000083400000, 0x0000000083300000| Untracked 
|  52|0x0000000083400000, 0x0000000083500000, 0x0000000083500000|100%| O|  |TAMS 0x0000000083500000, 0x0000000083400000| Untracked 
|  53|0x0000000083500000, 0x0000000083600000, 0x0000000083600000|100%| O|  |TAMS 0x0000000083600000, 0x0000000083500000| Untracked 
|  54|0x0000000083600000, 0x0000000083700000, 0x0000000083700000|100%| O|  |TAMS 0x0000000083700000, 0x0000000083600000| Untracked 
|  55|0x0000000083700000, 0x0000000083800000, 0x0000000083800000|100%| O|  |TAMS 0x0000000083800000, 0x0000000083700000| Untracked 
|  56|0x0000000083800000, 0x0000000083900000, 0x0000000083900000|100%| O|  |TAMS 0x0000000083900000, 0x0000000083800000| Untracked 
|  57|0x0000000083900000, 0x0000000083a00000, 0x0000000083a00000|100%| O|  |TAMS 0x0000000083a00000, 0x0000000083900000| Untracked 
|  58|0x0000000083a00000, 0x0000000083b00000, 0x0000000083b00000|100%| O|  |TAMS 0x0000000083b00000, 0x0000000083a00000| Untracked 
|  59|0x0000000083b00000, 0x0000000083c00000, 0x0000000083c00000|100%| O|  |TAMS 0x0000000083c00000, 0x0000000083b00000| Untracked 
|  60|0x0000000083c00000, 0x0000000083d00000, 0x0000000083d00000|100%| O|  |TAMS 0x0000000083d00000, 0x0000000083c00000| Untracked 
|  61|0x0000000083d00000, 0x0000000083e00000, 0x0000000083e00000|100%| O|  |TAMS 0x0000000083e00000, 0x0000000083d00000| Untracked 
|  62|0x0000000083e00000, 0x0000000083f00000, 0x0000000083f00000|100%| O|  |TAMS 0x0000000083f00000, 0x0000000083e00000| Untracked 
|  63|0x0000000083f00000, 0x0000000084000000, 0x0000000084000000|100%| O|  |TAMS 0x0000000084000000, 0x0000000083f00000| Untracked 
|  64|0x0000000084000000, 0x0000000084100000, 0x0000000084100000|100%| O|  |TAMS 0x0000000084100000, 0x0000000084000000| Untracked 
|  65|0x0000000084100000, 0x0000000084200000, 0x0000000084200000|100%| O|  |TAMS 0x0000000084200000, 0x0000000084100000| Untracked 
|  66|0x0000000084200000, 0x0000000084300000, 0x0000000084300000|100%| O|  |TAMS 0x0000000084300000, 0x0000000084200000| Untracked 
|  67|0x0000000084300000, 0x0000000084400000, 0x0000000084400000|100%| O|  |TAMS 0x0000000084400000, 0x0000000084300000| Untracked 
|  68|0x0000000084400000, 0x0000000084500000, 0x0000000084500000|100%| O|  |TAMS 0x0000000084500000, 0x0000000084400000| Untracked 
|  69|0x0000000084500000, 0x0000000084600000, 0x0000000084600000|100%| O|  |TAMS 0x0000000084600000, 0x0000000084500000| Untracked 
|  70|0x0000000084600000, 0x0000000084700000, 0x0000000084700000|100%| O|  |TAMS 0x0000000084700000, 0x0000000084600000| Untracked 
|  71|0x0000000084700000, 0x0000000084800000, 0x0000000084800000|100%| O|  |TAMS 0x0000000084800000, 0x0000000084700000| Untracked 
|  72|0x0000000084800000, 0x0000000084900000, 0x0000000084900000|100%| O|  |TAMS 0x0000000084900000, 0x0000000084800000| Untracked 
|  73|0x0000000084900000, 0x0000000084a00000, 0x0000000084a00000|100%| O|  |TAMS 0x0000000084a00000, 0x0000000084900000| Untracked 
|  74|0x0000000084a00000, 0x0000000084b00000, 0x0000000084b00000|100%| O|  |TAMS 0x0000000084b00000, 0x0000000084a00000| Untracked 
|  75|0x0000000084b00000, 0x0000000084c00000, 0x0000000084c00000|100%| O|  |TAMS 0x0000000084b00000, 0x0000000084b00000| Untracked 
|  76|0x0000000084c00000, 0x0000000084d00000, 0x0000000084d00000|100%| O|  |TAMS 0x0000000084d00000, 0x0000000084c00000| Untracked 
|  77|0x0000000084d00000, 0x0000000084e00000, 0x0000000084e00000|100%| O|  |TAMS 0x0000000084e00000, 0x0000000084d00000| Untracked 
|  78|0x0000000084e00000, 0x0000000084f00000, 0x0000000084f00000|100%| O|  |TAMS 0x0000000084f00000, 0x0000000084e00000| Untracked 
|  79|0x0000000084f00000, 0x0000000085000000, 0x0000000085000000|100%| O|  |TAMS 0x0000000085000000, 0x0000000084f00000| Untracked 
|  80|0x0000000085000000, 0x0000000085100000, 0x0000000085100000|100%| O|  |TAMS 0x0000000085100000, 0x0000000085000000| Untracked 
|  81|0x0000000085100000, 0x0000000085200000, 0x0000000085200000|100%| O|  |TAMS 0x0000000085100000, 0x0000000085100000| Untracked 
|  82|0x0000000085200000, 0x0000000085300000, 0x0000000085300000|100%|HS|  |TAMS 0x0000000085300000, 0x0000000085200000| Complete 
|  83|0x0000000085300000, 0x0000000085400000, 0x0000000085400000|100%|HS|  |TAMS 0x0000000085400000, 0x0000000085300000| Complete 
|  84|0x0000000085400000, 0x0000000085500000, 0x0000000085500000|100%|HS|  |TAMS 0x0000000085500000, 0x0000000085400000| Complete 
|  85|0x0000000085500000, 0x0000000085600000, 0x0000000085600000|100%|HS|  |TAMS 0x0000000085600000, 0x0000000085500000| Complete 
|  86|0x0000000085600000, 0x0000000085700000, 0x0000000085700000|100%|HS|  |TAMS 0x0000000085700000, 0x0000000085600000| Complete 
|  87|0x0000000085700000, 0x0000000085800000, 0x0000000085800000|100%|HS|  |TAMS 0x0000000085800000, 0x0000000085700000| Complete 
|  88|0x0000000085800000, 0x0000000085900000, 0x0000000085900000|100%|HC|  |TAMS 0x0000000085900000, 0x0000000085800000| Complete 
|  89|0x0000000085900000, 0x0000000085a00000, 0x0000000085a00000|100%|HC|  |TAMS 0x0000000085a00000, 0x0000000085900000| Complete 
|  90|0x0000000085a00000, 0x0000000085b00000, 0x0000000085b00000|100%| O|  |TAMS 0x0000000085b00000, 0x0000000085a00000| Untracked 
|  91|0x0000000085b00000, 0x0000000085c00000, 0x0000000085c00000|100%| O|  |TAMS 0x0000000085c00000, 0x0000000085b00000| Untracked 
|  92|0x0000000085c00000, 0x0000000085d00000, 0x0000000085d00000|100%| O|  |TAMS 0x0000000085d00000, 0x0000000085c00000| Untracked 
|  93|0x0000000085d00000, 0x0000000085e00000, 0x0000000085e00000|100%| O|  |TAMS 0x0000000085e00000, 0x0000000085d00000| Untracked 
|  94|0x0000000085e00000, 0x0000000085f00000, 0x0000000085f00000|100%| O|  |TAMS 0x0000000085f00000, 0x0000000085e00000| Untracked 
|  95|0x0000000085f00000, 0x0000000086000000, 0x0000000086000000|100%| O|  |TAMS 0x0000000086000000, 0x0000000085f00000| Untracked 
|  96|0x0000000086000000, 0x0000000086100000, 0x0000000086100000|100%| O|  |TAMS 0x0000000086100000, 0x0000000086000000| Untracked 
|  97|0x0000000086100000, 0x0000000086200000, 0x0000000086200000|100%| O|  |TAMS 0x0000000086200000, 0x0000000086100000| Untracked 
|  98|0x0000000086200000, 0x0000000086300000, 0x0000000086300000|100%| O|  |TAMS 0x0000000086300000, 0x0000000086200000| Untracked 
|  99|0x0000000086300000, 0x0000000086400000, 0x0000000086400000|100%| O|  |TAMS 0x0000000086400000, 0x0000000086300000| Untracked 
| 100|0x0000000086400000, 0x0000000086500000, 0x0000000086500000|100%| O|  |TAMS 0x0000000086500000, 0x0000000086400000| Untracked 
| 101|0x0000000086500000, 0x0000000086600000, 0x0000000086600000|100%| O|  |TAMS 0x0000000086600000, 0x0000000086500000| Untracked 
| 102|0x0000000086600000, 0x0000000086700000, 0x0000000086700000|100%| O|  |TAMS 0x0000000086700000, 0x0000000086600000| Untracked 
| 103|0x0000000086700000, 0x0000000086800000, 0x0000000086800000|100%| O|  |TAMS 0x0000000086700000, 0x0000000086700000| Untracked 
| 104|0x0000000086800000, 0x0000000086900000, 0x0000000086900000|100%|HS|  |TAMS 0x0000000086900000, 0x0000000086800000| Complete 
| 105|0x0000000086900000, 0x0000000086a00000, 0x0000000086a00000|100%|HC|  |TAMS 0x0000000086a00000, 0x0000000086900000| Complete 
| 106|0x0000000086a00000, 0x0000000086b00000, 0x0000000086b00000|100%|HS|  |TAMS 0x0000000086b00000, 0x0000000086a00000| Complete 
| 107|0x0000000086b00000, 0x0000000086c00000, 0x0000000086c00000|100%|HS|  |TAMS 0x0000000086c00000, 0x0000000086b00000| Complete 
| 108|0x0000000086c00000, 0x0000000086d00000, 0x0000000086d00000|100%|HC|  |TAMS 0x0000000086d00000, 0x0000000086c00000| Complete 
| 109|0x0000000086d00000, 0x0000000086e00000, 0x0000000086e00000|100%|HC|  |TAMS 0x0000000086e00000, 0x0000000086d00000| Complete 
| 110|0x0000000086e00000, 0x0000000086f00000, 0x0000000086f00000|100%|HC|  |TAMS 0x0000000086f00000, 0x0000000086e00000| Complete 
| 111|0x0000000086f00000, 0x0000000087000000, 0x0000000087000000|100%| O|  |TAMS 0x0000000087000000, 0x0000000086f00000| Untracked 
| 112|0x0000000087000000, 0x0000000087100000, 0x0000000087100000|100%| O|  |TAMS 0x0000000087100000, 0x0000000087000000| Untracked 
| 113|0x0000000087100000, 0x0000000087200000, 0x0000000087200000|100%| O|  |TAMS 0x0000000087200000, 0x0000000087100000| Untracked 
| 114|0x0000000087200000, 0x0000000087300000, 0x0000000087300000|100%| O|  |TAMS 0x0000000087300000, 0x0000000087200000| Untracked 
| 115|0x0000000087300000, 0x0000000087400000, 0x0000000087400000|100%| O|  |TAMS 0x0000000087400000, 0x0000000087300000| Untracked 
| 116|0x0000000087400000, 0x0000000087500000, 0x0000000087500000|100%| O|  |TAMS 0x0000000087500000, 0x0000000087400000| Untracked 
| 117|0x0000000087500000, 0x0000000087600000, 0x0000000087600000|100%| O|  |TAMS 0x0000000087600000, 0x0000000087500000| Untracked 
| 118|0x0000000087600000, 0x0000000087700000, 0x0000000087700000|100%| O|  |TAMS 0x0000000087700000, 0x0000000087600000| Untracked 
| 119|0x0000000087700000, 0x0000000087800000, 0x0000000087800000|100%| O|  |TAMS 0x0000000087800000, 0x0000000087700000| Untracked 
| 120|0x0000000087800000, 0x0000000087900000, 0x0000000087900000|100%| O|  |TAMS 0x0000000087900000, 0x0000000087800000| Untracked 
| 121|0x0000000087900000, 0x0000000087a00000, 0x0000000087a00000|100%| O|  |TAMS 0x0000000087900000, 0x0000000087900000| Untracked 
| 122|0x0000000087a00000, 0x0000000087b00000, 0x0000000087b00000|100%| O|  |TAMS 0x0000000087a00000, 0x0000000087a00000| Untracked 
| 123|0x0000000087b00000, 0x0000000087c00000, 0x0000000087c00000|100%| O|  |TAMS 0x0000000087b00000, 0x0000000087b00000| Untracked 
| 124|0x0000000087c00000, 0x0000000087d00000, 0x0000000087d00000|100%| O|  |TAMS 0x0000000087c00000, 0x0000000087c00000| Untracked 
| 125|0x0000000087d00000, 0x0000000087e00000, 0x0000000087e00000|100%| O|  |TAMS 0x0000000087d00000, 0x0000000087d00000| Untracked 
| 126|0x0000000087e00000, 0x0000000087f00000, 0x0000000087f00000|100%| O|  |TAMS 0x0000000087e00000, 0x0000000087e00000| Untracked 
| 127|0x0000000087f00000, 0x0000000088000000, 0x0000000088000000|100%| O|  |TAMS 0x0000000087f00000, 0x0000000087f00000| Untracked 
| 128|0x0000000088000000, 0x0000000088100000, 0x0000000088100000|100%| O|  |TAMS 0x0000000088000000, 0x0000000088000000| Untracked 
| 129|0x0000000088100000, 0x0000000088200000, 0x0000000088200000|100%| O|  |TAMS 0x0000000088100000, 0x0000000088100000| Untracked 
| 130|0x0000000088200000, 0x0000000088300000, 0x0000000088300000|100%| O|  |TAMS 0x0000000088200000, 0x0000000088200000| Untracked 
| 131|0x0000000088300000, 0x0000000088400000, 0x0000000088400000|100%| O|  |TAMS 0x0000000088300000, 0x0000000088300000| Untracked 
| 132|0x0000000088400000, 0x0000000088500000, 0x0000000088500000|100%| O|  |TAMS 0x0000000088400000, 0x0000000088400000| Untracked 
| 133|0x0000000088500000, 0x0000000088600000, 0x0000000088600000|100%| O|  |TAMS 0x0000000088500000, 0x0000000088500000| Untracked 
| 134|0x0000000088600000, 0x0000000088700000, 0x0000000088700000|100%| O|  |TAMS 0x0000000088600000, 0x0000000088600000| Untracked 
| 135|0x0000000088700000, 0x0000000088800000, 0x0000000088800000|100%| O|  |TAMS 0x0000000088700000, 0x0000000088700000| Untracked 
| 136|0x0000000088800000, 0x0000000088900000, 0x0000000088900000|100%| O|  |TAMS 0x0000000088800000, 0x0000000088800000| Untracked 
| 137|0x0000000088900000, 0x0000000088a00000, 0x0000000088a00000|100%| O|  |TAMS 0x0000000088900000, 0x0000000088900000| Untracked 
| 138|0x0000000088a00000, 0x0000000088b00000, 0x0000000088b00000|100%| O|  |TAMS 0x0000000088a00000, 0x0000000088a00000| Untracked 
| 139|0x0000000088b00000, 0x0000000088c00000, 0x0000000088c00000|100%| O|  |TAMS 0x0000000088b00000, 0x0000000088b00000| Untracked 
| 140|0x0000000088c00000, 0x0000000088d00000, 0x0000000088d00000|100%| O|  |TAMS 0x0000000088c00000, 0x0000000088c00000| Untracked 
| 141|0x0000000088d00000, 0x0000000088d95800, 0x0000000088e00000| 58%| O|  |TAMS 0x0000000088d00000, 0x0000000088d00000| Untracked 
| 142|0x0000000088e00000, 0x0000000088e00000, 0x0000000088f00000|  0%| F|  |TAMS 0x0000000088e00000, 0x0000000088e00000| Untracked 
| 143|0x0000000088f00000, 0x0000000088f00000, 0x0000000089000000|  0%| F|  |TAMS 0x0000000088f00000, 0x0000000088f00000| Untracked 
| 144|0x0000000089000000, 0x0000000089000000, 0x0000000089100000|  0%| F|  |TAMS 0x0000000089000000, 0x0000000089000000| Untracked 
| 145|0x0000000089100000, 0x0000000089100000, 0x0000000089200000|  0%| F|  |TAMS 0x0000000089100000, 0x0000000089100000| Untracked 
| 146|0x0000000089200000, 0x0000000089200000, 0x0000000089300000|  0%| F|  |TAMS 0x0000000089200000, 0x0000000089200000| Untracked 
| 147|0x0000000089300000, 0x0000000089300000, 0x0000000089400000|  0%| F|  |TAMS 0x0000000089300000, 0x0000000089300000| Untracked 
| 148|0x0000000089400000, 0x0000000089400000, 0x0000000089500000|  0%| F|  |TAMS 0x0000000089400000, 0x0000000089400000| Untracked 
| 149|0x0000000089500000, 0x0000000089500000, 0x0000000089600000|  0%| F|  |TAMS 0x0000000089500000, 0x0000000089500000| Untracked 
| 150|0x0000000089600000, 0x0000000089600000, 0x0000000089700000|  0%| F|  |TAMS 0x0000000089600000, 0x0000000089600000| Untracked 
| 151|0x0000000089700000, 0x0000000089700000, 0x0000000089800000|  0%| F|  |TAMS 0x0000000089700000, 0x0000000089700000| Untracked 
| 152|0x0000000089800000, 0x0000000089800000, 0x0000000089900000|  0%| F|  |TAMS 0x0000000089800000, 0x0000000089800000| Untracked 
| 153|0x0000000089900000, 0x0000000089900000, 0x0000000089a00000|  0%| F|  |TAMS 0x0000000089900000, 0x0000000089900000| Untracked 
| 154|0x0000000089a00000, 0x0000000089a00000, 0x0000000089b00000|  0%| F|  |TAMS 0x0000000089a00000, 0x0000000089a00000| Untracked 
| 155|0x0000000089b00000, 0x0000000089b00000, 0x0000000089c00000|  0%| F|  |TAMS 0x0000000089b00000, 0x0000000089b00000| Untracked 
| 156|0x0000000089c00000, 0x0000000089c00000, 0x0000000089d00000|  0%| F|  |TAMS 0x0000000089c00000, 0x0000000089c00000| Untracked 
| 157|0x0000000089d00000, 0x0000000089d00000, 0x0000000089e00000|  0%| F|  |TAMS 0x0000000089d00000, 0x0000000089d00000| Untracked 
| 158|0x0000000089e00000, 0x0000000089e00000, 0x0000000089f00000|  0%| F|  |TAMS 0x0000000089e00000, 0x0000000089e00000| Untracked 
| 159|0x0000000089f00000, 0x0000000089f00000, 0x000000008a000000|  0%| F|  |TAMS 0x0000000089f00000, 0x0000000089f00000| Untracked 
| 160|0x000000008a000000, 0x000000008a000000, 0x000000008a100000|  0%| F|  |TAMS 0x000000008a000000, 0x000000008a000000| Untracked 
| 161|0x000000008a100000, 0x000000008a100000, 0x000000008a200000|  0%| F|  |TAMS 0x000000008a100000, 0x000000008a100000| Untracked 
| 162|0x000000008a200000, 0x000000008a200000, 0x000000008a300000|  0%| F|  |TAMS 0x000000008a200000, 0x000000008a200000| Untracked 
| 163|0x000000008a300000, 0x000000008a300000, 0x000000008a400000|  0%| F|  |TAMS 0x000000008a300000, 0x000000008a300000| Untracked 
| 164|0x000000008a400000, 0x000000008a400000, 0x000000008a500000|  0%| F|  |TAMS 0x000000008a400000, 0x000000008a400000| Untracked 
| 165|0x000000008a500000, 0x000000008a500000, 0x000000008a600000|  0%| F|  |TAMS 0x000000008a500000, 0x000000008a500000| Untracked 
| 166|0x000000008a600000, 0x000000008a600000, 0x000000008a700000|  0%| F|  |TAMS 0x000000008a600000, 0x000000008a600000| Untracked 
| 167|0x000000008a700000, 0x000000008a700000, 0x000000008a800000|  0%| F|  |TAMS 0x000000008a700000, 0x000000008a700000| Untracked 
| 168|0x000000008a800000, 0x000000008a800000, 0x000000008a900000|  0%| F|  |TAMS 0x000000008a800000, 0x000000008a800000| Untracked 
| 169|0x000000008a900000, 0x000000008a900000, 0x000000008aa00000|  0%| F|  |TAMS 0x000000008a900000, 0x000000008a900000| Untracked 
| 170|0x000000008aa00000, 0x000000008aa00000, 0x000000008ab00000|  0%| F|  |TAMS 0x000000008aa00000, 0x000000008aa00000| Untracked 
| 171|0x000000008ab00000, 0x000000008ab00000, 0x000000008ac00000|  0%| F|  |TAMS 0x000000008ab00000, 0x000000008ab00000| Untracked 
| 172|0x000000008ac00000, 0x000000008ac00000, 0x000000008ad00000|  0%| F|  |TAMS 0x000000008ac00000, 0x000000008ac00000| Untracked 
| 173|0x000000008ad00000, 0x000000008ad00000, 0x000000008ae00000|  0%| F|  |TAMS 0x000000008ad00000, 0x000000008ad00000| Untracked 
| 174|0x000000008ae00000, 0x000000008ae00000, 0x000000008af00000|  0%| F|  |TAMS 0x000000008ae00000, 0x000000008ae00000| Untracked 
| 175|0x000000008af00000, 0x000000008af00000, 0x000000008b000000|  0%| F|  |TAMS 0x000000008af00000, 0x000000008af00000| Untracked 
| 176|0x000000008b000000, 0x000000008b000000, 0x000000008b100000|  0%| F|  |TAMS 0x000000008b000000, 0x000000008b000000| Untracked 
| 177|0x000000008b100000, 0x000000008b100000, 0x000000008b200000|  0%| F|  |TAMS 0x000000008b100000, 0x000000008b100000| Untracked 
| 178|0x000000008b200000, 0x000000008b200000, 0x000000008b300000|  0%| F|  |TAMS 0x000000008b200000, 0x000000008b200000| Untracked 
| 179|0x000000008b300000, 0x000000008b382720, 0x000000008b400000| 50%| S|CS|TAMS 0x000000008b300000, 0x000000008b300000| Complete 
| 180|0x000000008b400000, 0x000000008b500000, 0x000000008b500000|100%| S|CS|TAMS 0x000000008b400000, 0x000000008b400000| Complete 
| 181|0x000000008b500000, 0x000000008b600000, 0x000000008b600000|100%| S|CS|TAMS 0x000000008b500000, 0x000000008b500000| Complete 
| 182|0x000000008b600000, 0x000000008b600000, 0x000000008b700000|  0%| F|  |TAMS 0x000000008b600000, 0x000000008b600000| Untracked 
| 183|0x000000008b700000, 0x000000008b700000, 0x000000008b800000|  0%| F|  |TAMS 0x000000008b700000, 0x000000008b700000| Untracked 
| 184|0x000000008b800000, 0x000000008b800000, 0x000000008b900000|  0%| F|  |TAMS 0x000000008b800000, 0x000000008b800000| Untracked 
| 185|0x000000008b900000, 0x000000008b900000, 0x000000008ba00000|  0%| F|  |TAMS 0x000000008b900000, 0x000000008b900000| Untracked 
| 186|0x000000008ba00000, 0x000000008ba00000, 0x000000008bb00000|  0%| F|  |TAMS 0x000000008ba00000, 0x000000008ba00000| Untracked 
| 187|0x000000008bb00000, 0x000000008bc00000, 0x000000008bc00000|100%| S|CS|TAMS 0x000000008bb00000, 0x000000008bb00000| Complete 
| 188|0x000000008bc00000, 0x000000008bd00000, 0x000000008bd00000|100%| S|CS|TAMS 0x000000008bc00000, 0x000000008bc00000| Complete 
| 189|0x000000008bd00000, 0x000000008bd00000, 0x000000008be00000|  0%| F|  |TAMS 0x000000008bd00000, 0x000000008bd00000| Untracked 
| 190|0x000000008be00000, 0x000000008be00000, 0x000000008bf00000|  0%| F|  |TAMS 0x000000008be00000, 0x000000008be00000| Untracked 
| 191|0x000000008bf00000, 0x000000008bf00000, 0x000000008c000000|  0%| F|  |TAMS 0x000000008bf00000, 0x000000008bf00000| Untracked 
| 192|0x000000008c000000, 0x000000008c000000, 0x000000008c100000|  0%| F|  |TAMS 0x000000008c000000, 0x000000008c000000| Untracked 
| 193|0x000000008c100000, 0x000000008c100000, 0x000000008c200000|  0%| F|  |TAMS 0x000000008c100000, 0x000000008c100000| Untracked 
| 194|0x000000008c200000, 0x000000008c200000, 0x000000008c300000|  0%| F|  |TAMS 0x000000008c200000, 0x000000008c200000| Untracked 
| 195|0x000000008c300000, 0x000000008c300000, 0x000000008c400000|  0%| F|  |TAMS 0x000000008c300000, 0x000000008c300000| Untracked 
| 196|0x000000008c400000, 0x000000008c400000, 0x000000008c500000|  0%| F|  |TAMS 0x000000008c400000, 0x000000008c400000| Untracked 
| 197|0x000000008c500000, 0x000000008c500000, 0x000000008c600000|  0%| F|  |TAMS 0x000000008c500000, 0x000000008c500000| Untracked 
| 198|0x000000008c600000, 0x000000008c600000, 0x000000008c700000|  0%| F|  |TAMS 0x000000008c600000, 0x000000008c600000| Untracked 
| 199|0x000000008c700000, 0x000000008c700000, 0x000000008c800000|  0%| F|  |TAMS 0x000000008c700000, 0x000000008c700000| Untracked 
| 200|0x000000008c800000, 0x000000008c800000, 0x000000008c900000|  0%| F|  |TAMS 0x000000008c800000, 0x000000008c800000| Untracked 
| 201|0x000000008c900000, 0x000000008c900000, 0x000000008ca00000|  0%| F|  |TAMS 0x000000008c900000, 0x000000008c900000| Untracked 
| 202|0x000000008ca00000, 0x000000008ca00000, 0x000000008cb00000|  0%| F|  |TAMS 0x000000008ca00000, 0x000000008ca00000| Untracked 
| 203|0x000000008cb00000, 0x000000008cb00000, 0x000000008cc00000|  0%| F|  |TAMS 0x000000008cb00000, 0x000000008cb00000| Untracked 
| 204|0x000000008cc00000, 0x000000008cc00000, 0x000000008cd00000|  0%| F|  |TAMS 0x000000008cc00000, 0x000000008cc00000| Untracked 
| 205|0x000000008cd00000, 0x000000008cd00000, 0x000000008ce00000|  0%| F|  |TAMS 0x000000008cd00000, 0x000000008cd00000| Untracked 
| 206|0x000000008ce00000, 0x000000008ce00000, 0x000000008cf00000|  0%| F|  |TAMS 0x000000008ce00000, 0x000000008ce00000| Untracked 
| 207|0x000000008cf00000, 0x000000008cf00000, 0x000000008d000000|  0%| F|  |TAMS 0x000000008cf00000, 0x000000008cf00000| Untracked 
| 208|0x000000008d000000, 0x000000008d000000, 0x000000008d100000|  0%| F|  |TAMS 0x000000008d000000, 0x000000008d000000| Untracked 
| 209|0x000000008d100000, 0x000000008d100000, 0x000000008d200000|  0%| F|  |TAMS 0x000000008d100000, 0x000000008d100000| Untracked 
| 210|0x000000008d200000, 0x000000008d200000, 0x000000008d300000|  0%| F|  |TAMS 0x000000008d200000, 0x000000008d200000| Untracked 
| 211|0x000000008d300000, 0x000000008d300000, 0x000000008d400000|  0%| F|  |TAMS 0x000000008d300000, 0x000000008d300000| Untracked 
| 212|0x000000008d400000, 0x000000008d400000, 0x000000008d500000|  0%| F|  |TAMS 0x000000008d400000, 0x000000008d400000| Untracked 
| 213|0x000000008d500000, 0x000000008d500000, 0x000000008d600000|  0%| F|  |TAMS 0x000000008d500000, 0x000000008d500000| Untracked 
| 214|0x000000008d600000, 0x000000008d600000, 0x000000008d700000|  0%| F|  |TAMS 0x000000008d600000, 0x000000008d600000| Untracked 
| 215|0x000000008d700000, 0x000000008d700000, 0x000000008d800000|  0%| F|  |TAMS 0x000000008d700000, 0x000000008d700000| Untracked 
| 216|0x000000008d800000, 0x000000008d800000, 0x000000008d900000|  0%| F|  |TAMS 0x000000008d800000, 0x000000008d800000| Untracked 
| 217|0x000000008d900000, 0x000000008d900000, 0x000000008da00000|  0%| F|  |TAMS 0x000000008d900000, 0x000000008d900000| Untracked 
| 218|0x000000008da00000, 0x000000008da00000, 0x000000008db00000|  0%| F|  |TAMS 0x000000008da00000, 0x000000008da00000| Untracked 
| 219|0x000000008db00000, 0x000000008db00000, 0x000000008dc00000|  0%| F|  |TAMS 0x000000008db00000, 0x000000008db00000| Untracked 
| 220|0x000000008dc00000, 0x000000008dc00000, 0x000000008dd00000|  0%| F|  |TAMS 0x000000008dc00000, 0x000000008dc00000| Untracked 
| 221|0x000000008dd00000, 0x000000008dd00000, 0x000000008de00000|  0%| F|  |TAMS 0x000000008dd00000, 0x000000008dd00000| Untracked 
| 222|0x000000008de00000, 0x000000008de00000, 0x000000008df00000|  0%| F|  |TAMS 0x000000008de00000, 0x000000008de00000| Untracked 
| 223|0x000000008df00000, 0x000000008df3f130, 0x000000008e000000| 24%| E|  |TAMS 0x000000008df00000, 0x000000008df00000| Complete 
| 224|0x000000008e000000, 0x000000008e100000, 0x000000008e100000|100%| E|CS|TAMS 0x000000008e000000, 0x000000008e000000| Complete 
| 225|0x000000008e100000, 0x000000008e200000, 0x000000008e200000|100%| E|CS|TAMS 0x000000008e100000, 0x000000008e100000| Complete 
| 226|0x000000008e200000, 0x000000008e300000, 0x000000008e300000|100%| E|CS|TAMS 0x000000008e200000, 0x000000008e200000| Complete 
| 227|0x000000008e300000, 0x000000008e400000, 0x000000008e400000|100%| E|CS|TAMS 0x000000008e300000, 0x000000008e300000| Complete 
| 228|0x000000008e400000, 0x000000008e500000, 0x000000008e500000|100%| E|  |TAMS 0x000000008e400000, 0x000000008e400000| Complete 
| 229|0x000000008e500000, 0x000000008e600000, 0x000000008e600000|100%| E|CS|TAMS 0x000000008e500000, 0x000000008e500000| Complete 
| 230|0x000000008e600000, 0x000000008e700000, 0x000000008e700000|100%| E|CS|TAMS 0x000000008e600000, 0x000000008e600000| Complete 
| 231|0x000000008e700000, 0x000000008e800000, 0x000000008e800000|100%| E|CS|TAMS 0x000000008e700000, 0x000000008e700000| Complete 
| 232|0x000000008e800000, 0x000000008e900000, 0x000000008e900000|100%| E|CS|TAMS 0x000000008e800000, 0x000000008e800000| Complete 
| 233|0x000000008e900000, 0x000000008ea00000, 0x000000008ea00000|100%| E|CS|TAMS 0x000000008e900000, 0x000000008e900000| Complete 
| 234|0x000000008ea00000, 0x000000008eb00000, 0x000000008eb00000|100%| E|CS|TAMS 0x000000008ea00000, 0x000000008ea00000| Complete 
| 235|0x000000008eb00000, 0x000000008ec00000, 0x000000008ec00000|100%| E|CS|TAMS 0x000000008eb00000, 0x000000008eb00000| Complete 
| 236|0x000000008ec00000, 0x000000008ed00000, 0x000000008ed00000|100%| E|CS|TAMS 0x000000008ec00000, 0x000000008ec00000| Complete 
| 237|0x000000008ed00000, 0x000000008ee00000, 0x000000008ee00000|100%| E|CS|TAMS 0x000000008ed00000, 0x000000008ed00000| Complete 
| 238|0x000000008ee00000, 0x000000008ef00000, 0x000000008ef00000|100%| E|CS|TAMS 0x000000008ee00000, 0x000000008ee00000| Complete 
| 239|0x000000008ef00000, 0x000000008f000000, 0x000000008f000000|100%| E|CS|TAMS 0x000000008ef00000, 0x000000008ef00000| Complete 
| 240|0x000000008f000000, 0x000000008f100000, 0x000000008f100000|100%| E|CS|TAMS 0x000000008f000000, 0x000000008f000000| Complete 
| 241|0x000000008f100000, 0x000000008f200000, 0x000000008f200000|100%| E|CS|TAMS 0x000000008f100000, 0x000000008f100000| Complete 
| 242|0x000000008f200000, 0x000000008f300000, 0x000000008f300000|100%| E|CS|TAMS 0x000000008f200000, 0x000000008f200000| Complete 
| 243|0x000000008f300000, 0x000000008f400000, 0x000000008f400000|100%| E|CS|TAMS 0x000000008f300000, 0x000000008f300000| Complete 
| 244|0x000000008f400000, 0x000000008f500000, 0x000000008f500000|100%| E|CS|TAMS 0x000000008f400000, 0x000000008f400000| Complete 
| 245|0x000000008f500000, 0x000000008f600000, 0x000000008f600000|100%| E|CS|TAMS 0x000000008f500000, 0x000000008f500000| Complete 
| 254|0x000000008fe00000, 0x000000008ff00000, 0x000000008ff00000|100%| E|CS|TAMS 0x000000008fe00000, 0x000000008fe00000| Complete 
| 255|0x000000008ff00000, 0x0000000090000000, 0x0000000090000000|100%| E|CS|TAMS 0x000000008ff00000, 0x000000008ff00000| Complete 

Card table byte_map: [0x0000022e74490000,0x0000022e74890000] _byte_map_base: 0x0000022e74090000

Marking Bits (Prev, Next): (CMBitMap*) 0x0000022e5d5eed10, (CMBitMap*) 0x0000022e5d5eed50
 Prev Bits: [0x0000022e74c90000, 0x0000022e76c90000)
 Next Bits: [0x0000022e76c90000, 0x0000022e78c90000)

Polling page: 0x0000022e5b570000

Metaspace:

Usage:
  Non-class:     83.18 MB used.
      Class:     13.10 MB used.
       Both:     96.29 MB used.

Virtual space:
  Non-class space:      128.00 MB reserved,      83.69 MB ( 65%) committed,  2 nodes.
      Class space:      416.00 MB reserved,      13.56 MB (  3%) committed,  1 nodes.
             Both:      544.00 MB reserved,      97.25 MB ( 18%) committed. 

Chunk freelists:
   Non-Class:  12.34 MB
       Class:  2.35 MB
        Both:  14.69 MB

MaxMetaspaceSize: 512.00 MB
CompressedClassSpaceSize: 416.00 MB
Initial GC threshold: 21.00 MB
Current GC threshold: 137.81 MB
CDS: on
MetaspaceReclaimPolicy: balanced
 - commit_granule_bytes: 65536.
 - commit_granule_words: 8192.
 - virtual_space_node_default_size: 8388608.
 - enlarge_chunks_in_place: 1.
 - new_chunks_are_fully_committed: 0.
 - uncommit_free_chunks: 1.
 - use_allocation_guard: 0.
 - handle_deallocations: 1.


Internal statistics:

num_allocs_failed_limit: 6.
num_arena_births: 1090.
num_arena_deaths: 0.
num_vsnodes_births: 3.
num_vsnodes_deaths: 0.
num_space_committed: 1556.
num_space_uncommitted: 0.
num_chunks_returned_to_freelist: 6.
num_chunks_taken_from_freelist: 5154.
num_chunk_merges: 6.
num_chunk_splits: 3366.
num_chunks_enlarged: 2178.
num_inconsistent_stats: 0.

CodeHeap 'non-profiled nmethods': size=120000Kb used=8619Kb max_used=8619Kb free=111380Kb
 bounds [0x0000022e6cb60000, 0x0000022e6d3d0000, 0x0000022e74090000]
CodeHeap 'profiled nmethods': size=120000Kb used=25337Kb max_used=25337Kb free=94662Kb
 bounds [0x0000022e65090000, 0x0000022e66960000, 0x0000022e6c5c0000]
CodeHeap 'non-nmethods': size=5760Kb used=2448Kb max_used=2525Kb free=3312Kb
 bounds [0x0000022e6c5c0000, 0x0000022e6c850000, 0x0000022e6cb60000]
 total_blobs=13629 nmethods=12652 adapters=889
 compilation: enabled
              stopped_count=0, restarted_count=0
 full_count=0

Compilation events (20 events):
Event: 42.972 Thread 0x0000022e7b1a4b60 14307       4       java.lang.String::encode (48 bytes)
Event: 42.975 Thread 0x0000022e7b1a8b10 14308       3       org.gradle.api.internal.artifacts.ivyservice.ivyresolve.CachingModuleComponentRepository::access$1200 (6 bytes)
Event: 42.975 Thread 0x0000022e7b1a8b10 nmethod 14308 0x0000022e6693c310 code [0x0000022e6693c4e0, 0x0000022e6693c8e8]
Event: 42.975 Thread 0x0000022e7b1a8b10 14309       3       org.gradle.api.internal.artifacts.ivyservice.ivyresolve.CachingModuleComponentRepository::artifactCacheKey (18 bytes)
Event: 42.976 Thread 0x0000022e7b1a8b10 nmethod 14309 0x0000022e6693ca90 code [0x0000022e6693cc40, 0x0000022e6693d008]
Event: 42.978 Thread 0x0000022e21595400 14310       4       org.gradle.cache.internal.btree.FileBackedBlockStore::flush (1 bytes)
Event: 42.979 Thread 0x0000022e21595400 nmethod 14310 0x0000022e6d3be010 code [0x0000022e6d3be180, 0x0000022e6d3be1f8]
Event: 42.984 Thread 0x0000022e21595400 14311   !   4       com.google.common.cache.LocalCache$Segment::storeLoadedValue (371 bytes)
Event: 42.987 Thread 0x0000022e7b1a4b60 nmethod 14307 0x0000022e6d3be310 code [0x0000022e6d3be5e0, 0x0000022e6d3bf598]
Event: 42.987 Thread 0x0000022e7b1a4b60 14312       4       com.google.common.cache.LocalCache$LoadingValueReference::notifyNewValue (21 bytes)
Event: 42.992 Thread 0x0000022e7b1a4b60 nmethod 14312 0x0000022e6d3c0010 code [0x0000022e6d3c01a0, 0x0000022e6d3c0558]
Event: 42.999 Thread 0x0000022e7b1a4b60 14313       4       com.google.common.collect.ImmutableSortedMap$1EntrySet$1::get (39 bytes)
Event: 43.000 Thread 0x0000022e7b1a8b10 14315       3       org.gradle.api.internal.artifacts.ivyservice.ivyresolve.CachingModuleComponentRepository$LocateInCacheRepositoryAccess::resolveArtifactFromCache (295 bytes)
Event: 43.003 Thread 0x0000022e7b1a8b10 nmethod 14315 0x0000022e6693d190 code [0x0000022e6693d640, 0x0000022e6693ff18]
Event: 43.007 Thread 0x0000022e7b1a4b60 nmethod 14313 0x0000022e6d3c0790 code [0x0000022e6d3c0960, 0x0000022e6d3c1078]
Event: 43.007 Thread 0x0000022e7b1a4b60 14314       4       com.google.common.collect.ImmutableSortedMap$1EntrySet$1::get (6 bytes)
Event: 43.017 Thread 0x0000022e7b1a4b60 nmethod 14314 0x0000022e6d3c1590 code [0x0000022e6d3c1760, 0x0000022e6d3c1e78]
Event: 43.024 Thread 0x0000022e7b1a4b60 14316       4       org.gradle.internal.file.impl.DefaultFileMetadata::file (15 bytes)
Event: 43.025 Thread 0x0000022e7b1a4b60 nmethod 14316 0x0000022e6d3c2410 code [0x0000022e6d3c25a0, 0x0000022e6d3c2678]
Event: 43.032 Thread 0x0000022e7b1a4b60 14317       4       org.gradle.cache.internal.CacheAccessWorker$1::call (10 bytes)

GC Heap History (20 events):
Event: 33.519 GC heap before
{Heap before GC invocations=24 (full 0):
 garbage-first heap   total 163840K, used 106541K [0x0000000080000000, 0x0000000100000000)
  region size 1024K, 8 young (8192K), 6 survivors (6144K)
 Metaspace       used 77843K, committed 78656K, reserved 557056K
  class space    used 10777K, committed 11136K, reserved 425984K
}
Event: 33.527 GC heap after
{Heap after GC invocations=25 (full 0):
 garbage-first heap   total 163840K, used 105462K [0x0000000080000000, 0x0000000100000000)
  region size 1024K, 1 young (1024K), 1 survivors (1024K)
 Metaspace       used 77843K, committed 78656K, reserved 557056K
  class space    used 10777K, committed 11136K, reserved 425984K
}
Event: 34.271 GC heap before
{Heap before GC invocations=25 (full 0):
 garbage-first heap   total 163840K, used 134134K [0x0000000080000000, 0x0000000100000000)
  region size 1024K, 29 young (29696K), 1 survivors (1024K)
 Metaspace       used 79704K, committed 80512K, reserved 557056K
  class space    used 11006K, committed 11392K, reserved 425984K
}
Event: 34.279 GC heap after
{Heap after GC invocations=26 (full 0):
 garbage-first heap   total 163840K, used 109736K [0x0000000080000000, 0x0000000100000000)
  region size 1024K, 4 young (4096K), 4 survivors (4096K)
 Metaspace       used 79704K, committed 80512K, reserved 557056K
  class space    used 11006K, committed 11392K, reserved 425984K
}
Event: 35.425 GC heap before
{Heap before GC invocations=27 (full 0):
 garbage-first heap   total 196608K, used 137384K [0x0000000080000000, 0x0000000100000000)
  region size 1024K, 25 young (25600K), 4 survivors (4096K)
 Metaspace       used 80035K, committed 80896K, reserved 557056K
  class space    used 11052K, committed 11456K, reserved 425984K
}
Event: 35.434 GC heap after
{Heap after GC invocations=28 (full 0):
 garbage-first heap   total 196608K, used 123121K [0x0000000080000000, 0x0000000100000000)
  region size 1024K, 4 young (4096K), 4 survivors (4096K)
 Metaspace       used 80035K, committed 80896K, reserved 557056K
  class space    used 11052K, committed 11456K, reserved 425984K
}
Event: 35.603 GC heap before
{Heap before GC invocations=28 (full 0):
 garbage-first heap   total 196608K, used 127217K [0x0000000080000000, 0x0000000100000000)
  region size 1024K, 9 young (9216K), 4 survivors (4096K)
 Metaspace       used 80669K, committed 81472K, reserved 557056K
  class space    used 11134K, committed 11520K, reserved 425984K
}
Event: 35.607 GC heap after
{Heap after GC invocations=29 (full 0):
 garbage-first heap   total 196608K, used 123169K [0x0000000080000000, 0x0000000100000000)
  region size 1024K, 1 young (1024K), 1 survivors (1024K)
 Metaspace       used 80669K, committed 81472K, reserved 557056K
  class space    used 11134K, committed 11520K, reserved 425984K
}
Event: 36.300 GC heap before
{Heap before GC invocations=29 (full 0):
 garbage-first heap   total 196608K, used 159009K [0x0000000080000000, 0x0000000100000000)
  region size 1024K, 36 young (36864K), 1 survivors (1024K)
 Metaspace       used 83145K, committed 83968K, reserved 557056K
  class space    used 11452K, committed 11840K, reserved 425984K
}
Event: 36.310 GC heap after
{Heap after GC invocations=30 (full 0):
 garbage-first heap   total 253952K, used 127117K [0x0000000080000000, 0x0000000100000000)
  region size 1024K, 5 young (5120K), 5 survivors (5120K)
 Metaspace       used 83145K, committed 83968K, reserved 557056K
  class space    used 11452K, committed 11840K, reserved 425984K
}
Event: 38.377 GC heap before
{Heap before GC invocations=31 (full 0):
 garbage-first heap   total 253952K, used 194701K [0x0000000080000000, 0x0000000100000000)
  region size 1024K, 71 young (72704K), 5 survivors (5120K)
 Metaspace       used 89572K, committed 90432K, reserved 557056K
  class space    used 12312K, committed 12736K, reserved 425984K
}
Event: 38.394 GC heap after
{Heap after GC invocations=32 (full 0):
 garbage-first heap   total 253952K, used 132833K [0x0000000080000000, 0x0000000100000000)
  region size 1024K, 9 young (9216K), 9 survivors (9216K)
 Metaspace       used 89572K, committed 90432K, reserved 557056K
  class space    used 12312K, committed 12736K, reserved 425984K
}
Event: 38.515 GC heap before
{Heap before GC invocations=32 (full 0):
 garbage-first heap   total 253952K, used 135905K [0x0000000080000000, 0x0000000100000000)
  region size 1024K, 12 young (12288K), 9 survivors (9216K)
 Metaspace       used 90063K, committed 91008K, reserved 557056K
  class space    used 12366K, committed 12800K, reserved 425984K
}
Event: 38.530 GC heap after
{Heap after GC invocations=33 (full 0):
 garbage-first heap   total 253952K, used 132916K [0x0000000080000000, 0x0000000100000000)
  region size 1024K, 2 young (2048K), 2 survivors (2048K)
 Metaspace       used 90063K, committed 91008K, reserved 557056K
  class space    used 12366K, committed 12800K, reserved 425984K
}
Event: 40.415 GC heap before
{Heap before GC invocations=33 (full 0):
 garbage-first heap   total 253952K, used 198452K [0x0000000080000000, 0x0000000100000000)
  region size 1024K, 66 young (67584K), 2 survivors (2048K)
 Metaspace       used 96854K, committed 97728K, reserved 557056K
  class space    used 13194K, committed 13632K, reserved 425984K
}
Event: 40.427 GC heap after
{Heap after GC invocations=34 (full 0):
 garbage-first heap   total 253952K, used 139311K [0x0000000080000000, 0x0000000100000000)
  region size 1024K, 8 young (8192K), 8 survivors (8192K)
 Metaspace       used 96854K, committed 97728K, reserved 557056K
  class space    used 13194K, committed 13632K, reserved 425984K
}
Event: 41.629 GC heap before
{Heap before GC invocations=34 (full 0):
 garbage-first heap   total 253952K, used 200751K [0x0000000080000000, 0x0000000100000000)
  region size 1024K, 69 young (70656K), 8 survivors (8192K)
 Metaspace       used 98142K, committed 99072K, reserved 557056K
  class space    used 13404K, committed 13824K, reserved 425984K
}
Event: 41.647 GC heap after
{Heap after GC invocations=35 (full 0):
 garbage-first heap   total 253952K, used 144646K [0x0000000080000000, 0x0000000100000000)
  region size 1024K, 6 young (6144K), 6 survivors (6144K)
 Metaspace       used 98142K, committed 99072K, reserved 557056K
  class space    used 13404K, committed 13824K, reserved 425984K
}
Event: 42.744 GC heap before
{Heap before GC invocations=35 (full 0):
 garbage-first heap   total 253952K, used 204038K [0x0000000080000000, 0x0000000100000000)
  region size 1024K, 65 young (66560K), 6 survivors (6144K)
 Metaspace       used 98539K, committed 99520K, reserved 557056K
  class space    used 13415K, committed 13888K, reserved 425984K
}
Event: 42.762 GC heap after
{Heap after GC invocations=36 (full 0):
 garbage-first heap   total 253952K, used 149370K [0x0000000080000000, 0x0000000100000000)
  region size 1024K, 5 young (5120K), 5 survivors (5120K)
 Metaspace       used 98539K, committed 99520K, reserved 557056K
  class space    used 13415K, committed 13888K, reserved 425984K
}

Dll operation events (12 events):
Event: 0.008 Loaded shared library C:\Program Files\Microsoft\jdk-17.0.8.7-hotspot\bin\java.dll
Event: 0.037 Loaded shared library C:\Program Files\Microsoft\jdk-17.0.8.7-hotspot\bin\jsvml.dll
Event: 0.090 Loaded shared library C:\Program Files\Microsoft\jdk-17.0.8.7-hotspot\bin\net.dll
Event: 0.091 Loaded shared library C:\Program Files\Microsoft\jdk-17.0.8.7-hotspot\bin\nio.dll
Event: 0.096 Loaded shared library C:\Program Files\Microsoft\jdk-17.0.8.7-hotspot\bin\zip.dll
Event: 0.287 Loaded shared library C:\Program Files\Microsoft\jdk-17.0.8.7-hotspot\bin\jimage.dll
Event: 0.359 Loaded shared library C:\Program Files\Microsoft\jdk-17.0.8.7-hotspot\bin\verify.dll
Event: 0.571 Loaded shared library C:\Users\lab_services_student\.gradle\native\e1d6ef7f7dcc3fd88c89a11ec53ec762bb8ba0a96d01ffa2cd45eb1d1d8dd5c5\windows-amd64\native-platform.dll
Event: 0.594 Loaded shared library C:\Users\lab_services_student\.gradle\native\5664cfc778a61ccfe75a443a1ab52a65af34e5dc3c78e0209fed803814484fcb\windows-amd64\native-platform-file-events.dll
Event: 3.094 Loaded shared library C:\Program Files\Microsoft\jdk-17.0.8.7-hotspot\bin\management.dll
Event: 3.096 Loaded shared library C:\Program Files\Microsoft\jdk-17.0.8.7-hotspot\bin\management_ext.dll
Event: 3.587 Loaded shared library C:\Program Files\Microsoft\jdk-17.0.8.7-hotspot\bin\sunmscapi.dll

Deoptimization events (20 events):
Event: 42.676 Thread 0x0000022e219b3ec0 DEOPT PACKING pc=0x0000022e6d39f8cc sp=0x000000f6adefb2d0
Event: 42.676 Thread 0x0000022e219b3ec0 DEOPT UNPACKING pc=0x0000022e6c61a1a3 sp=0x000000f6adefb188 mode 2
Event: 42.676 Thread 0x0000022e219b3ec0 Uncommon trap: trap_request=0xffffffd6 fr.pc=0x0000022e6d39f8cc relative=0x0000000000001a6c
Event: 42.676 Thread 0x0000022e219b3ec0 Uncommon trap: reason=array_check action=maybe_recompile pc=0x0000022e6d39f8cc method=java.util.TimSort.reverseRange([Ljava/lang/Object;II)V @ 20 c2
Event: 42.676 Thread 0x0000022e219b3ec0 DEOPT PACKING pc=0x0000022e6d39f8cc sp=0x000000f6adefb2d0
Event: 42.676 Thread 0x0000022e219b3ec0 DEOPT UNPACKING pc=0x0000022e6c61a1a3 sp=0x000000f6adefb188 mode 2
Event: 42.677 Thread 0x0000022e219b3ec0 Uncommon trap: trap_request=0xffffffd6 fr.pc=0x0000022e6d39f8cc relative=0x0000000000001a6c
Event: 42.677 Thread 0x0000022e219b3ec0 Uncommon trap: reason=array_check action=maybe_recompile pc=0x0000022e6d39f8cc method=java.util.TimSort.reverseRange([Ljava/lang/Object;II)V @ 20 c2
Event: 42.677 Thread 0x0000022e219b3ec0 DEOPT PACKING pc=0x0000022e6d39f8cc sp=0x000000f6adefb5f0
Event: 42.677 Thread 0x0000022e219b3ec0 DEOPT UNPACKING pc=0x0000022e6c61a1a3 sp=0x000000f6adefb4a8 mode 2
Event: 42.822 Thread 0x0000022e217ce240 DEOPT PACKING pc=0x0000022e65eb3632 sp=0x000000f6acafe570
Event: 42.822 Thread 0x0000022e217ce240 DEOPT UNPACKING pc=0x0000022e6c61ace3 sp=0x000000f6acafda98 mode 0
Event: 42.824 Thread 0x0000022e219b8fc0 Uncommon trap: trap_request=0xffffff45 fr.pc=0x0000022e6d3a1acc relative=0x000000000000030c
Event: 42.824 Thread 0x0000022e219b8fc0 Uncommon trap: reason=unstable_if action=reinterpret pc=0x0000022e6d3a1acc method=java.util.concurrent.ConcurrentHashMap.addCount(JI)V @ 171 c2
Event: 42.825 Thread 0x0000022e219b8fc0 DEOPT PACKING pc=0x0000022e6d3a1acc sp=0x000000f6ad9fe790
Event: 42.825 Thread 0x0000022e219b8fc0 DEOPT UNPACKING pc=0x0000022e6c61a1a3 sp=0x000000f6ad9fe6d0 mode 2
Event: 42.921 Thread 0x0000022e20ac7550 Uncommon trap: trap_request=0xffffff45 fr.pc=0x0000022e6d3ac0ec relative=0x0000000000000e0c
Event: 42.921 Thread 0x0000022e20ac7550 Uncommon trap: reason=unstable_if action=reinterpret pc=0x0000022e6d3ac0ec method=java.util.concurrent.ArrayBlockingQueue.dequeue()Ljava/lang/Object; @ 32 c2
Event: 42.921 Thread 0x0000022e20ac7550 DEOPT PACKING pc=0x0000022e6d3ac0ec sp=0x000000f6a9bfeaf0
Event: 42.921 Thread 0x0000022e20ac7550 DEOPT UNPACKING pc=0x0000022e6c61a1a3 sp=0x000000f6a9bfea60 mode 2

Classes unloaded (0 events):
No events

Classes redefined (0 events):
No events

Internal exceptions (20 events):
Event: 38.530 Thread 0x0000022e7b189890 Implicit null exception at 0x0000022e6d0fba00 to 0x0000022e6d0fc08c
Event: 38.683 Thread 0x0000022e20ac6b30 Implicit null exception at 0x0000022e6cd0154b to 0x0000022e6cd01570
Event: 38.778 Thread 0x0000022e20ac6b30 Exception <a 'sun/nio/fs/WindowsException'{0x000000008eb26820}> (0x000000008eb26820) 
thrown [s\src\hotspot\share\prims\jni.cpp, line 516]
Event: 40.659 Thread 0x0000022e20ac6b30 Implicit null exception at 0x0000022e6d1f26a8 to 0x0000022e6d1f7bec
Event: 40.672 Thread 0x0000022e20ac6b30 Exception <a 'java/lang/NoSuchMethodError'{0x000000008d9bb880}: 'void java.lang.invoke.DirectMethodHandle$Holder.invokeVirtual(java.lang.Object, java.lang.Object)'> (0x000000008d9bb880) 
thrown [s\src\hotspot\share\interpreter\linkResolver.cpp, line 759]
Event: 40.704 Thread 0x0000022e20ac6b30 Exception <a 'java/lang/ClassNotFoundException'{0x000000008d76e500}: groovy/util/FileTreeBuilderBeanInfo> (0x000000008d76e500) 
thrown [s\src\hotspot\share\classfile\systemDictionary.cpp, line 256]
Event: 40.705 Thread 0x0000022e20ac6b30 Exception <a 'java/lang/ClassNotFoundException'{0x000000008d7d51e8}: groovy/util/FileTreeBuilderCustomizer> (0x000000008d7d51e8) 
thrown [s\src\hotspot\share\classfile\systemDictionary.cpp, line 256]
Event: 40.710 Thread 0x0000022e20ac6b30 Exception <a 'java/lang/ClassNotFoundException'{0x000000008d612ea0}: java/io/BufferedWriterBeanInfo> (0x000000008d612ea0) 
thrown [s\src\hotspot\share\classfile\systemDictionary.cpp, line 256]
Event: 40.711 Thread 0x0000022e20ac6b30 Exception <a 'java/lang/ClassNotFoundException'{0x000000008d61b2c8}: java/io/WriterBeanInfo> (0x000000008d61b2c8) 
thrown [s\src\hotspot\share\classfile\systemDictionary.cpp, line 256]
Event: 40.711 Thread 0x0000022e20ac6b30 Exception <a 'java/lang/ClassNotFoundException'{0x000000008d6231c0}: java/io/WriterCustomizer> (0x000000008d6231c0) 
thrown [s\src\hotspot\share\classfile\systemDictionary.cpp, line 256]
Event: 40.712 Thread 0x0000022e20ac6b30 Exception <a 'java/lang/ClassNotFoundException'{0x000000008d633ac8}: java/io/BufferedWriterCustomizer> (0x000000008d633ac8) 
thrown [s\src\hotspot\share\classfile\systemDictionary.cpp, line 256]
Event: 40.807 Thread 0x0000022e20ac6b30 Exception <a 'java/lang/NoSuchMethodError'{0x000000008d4447a8}: static Lcom/android/build/api/variant/BuildConfigField;.<clinit>()V> (0x000000008d4447a8) 
thrown [s\src\hotspot\share\prims\jni.cpp, line 1107]
Event: 40.870 Thread 0x0000022e20ac6b30 Exception <a 'java/lang/NoSuchMethodError'{0x000000008d326128}: 'void java.lang.invoke.DirectMethodHandle$Holder.invokeStatic(java.lang.Object, java.lang.Object, java.lang.Object, java.lang.Object, int, java.lang.Object, java.lang.Object)'> (0x000000008d326128) 
thrown [s\src\hotspot\share\interpreter\linkResolver.cpp, line 759]
Event: 40.887 Thread 0x0000022e217cc3e0 Implicit null exception at 0x0000022e6d1e140c to 0x0000022e6d1e64f8
Event: 40.909 Thread 0x0000022e217c9140 Exception <a 'java/lang/NoSuchMethodError'{0x000000008d17afd8}: 'java.lang.Object java.lang.invoke.DirectMethodHandle$Holder.invokeSpecialIFC(java.lang.Object, java.lang.Object, java.lang.Object)'> (0x000000008d17afd8) 
thrown [s\src\hotspot\share\interpreter\linkResolver.cpp, line 759]
Event: 40.909 Thread 0x0000022e217cb4b0 Exception <a 'java/lang/NoSuchMethodError'{0x000000008d1780d8}: 'java.lang.Object java.lang.invoke.DirectMethodHandle$Holder.invokeSpecialIFC(java.lang.Object, java.lang.Object, java.lang.Object)'> (0x000000008d1780d8) 
thrown [s\src\hotspot\share\interpreter\linkResolver.cpp, line 759]
Event: 40.909 Thread 0x0000022e20ac6b30 Exception <a 'java/lang/NoSuchMethodError'{0x000000008d3ebde0}: 'java.lang.Object java.lang.invoke.DirectMethodHandle$Holder.invokeSpecialIFC(java.lang.Object, java.lang.Object, java.lang.Object)'> (0x000000008d3ebde0) 
thrown [s\src\hotspot\share\interpreter\linkResolver.cpp, line 759]
Event: 40.910 Thread 0x0000022e217cc3e0 Exception <a 'java/lang/NoSuchMethodError'{0x000000008d172f30}: 'java.lang.Object java.lang.invoke.DirectMethodHandle$Holder.invokeSpecialIFC(java.lang.Object, java.lang.Object, java.lang.Object)'> (0x000000008d172f30) 
thrown [s\src\hotspot\share\interpreter\linkResolver.cpp, line 759]
Event: 42.330 Thread 0x0000022e219b3ec0 Exception <a 'java/lang/NoSuchMethodError'{0x000000008d256588}: static Lcom/android/build/api/variant/impl/ResValueKeyImpl;.<clinit>()V> (0x000000008d256588) 
thrown [s\src\hotspot\share\prims\jni.cpp, line 1107]
Event: 42.331 Thread 0x0000022e219b3ec0 Exception <a 'java/lang/NoSuchMethodError'{0x000000008d281a58}: static Lcom/android/build/api/variant/ResValue;.<clinit>()V> (0x000000008d281a58) 
thrown [s\src\hotspot\share\prims\jni.cpp, line 1107]

VM Operations (20 events):
Event: 40.956 Executing VM operation: HandshakeAllThreads
Event: 40.956 Executing VM operation: HandshakeAllThreads done
Event: 41.301 Executing VM operation: ICBufferFull
Event: 41.301 Executing VM operation: ICBufferFull done
Event: 41.629 Executing VM operation: G1CollectForAllocation
Event: 41.647 Executing VM operation: G1CollectForAllocation done
Event: 42.109 Executing VM operation: HandshakeAllThreads
Event: 42.109 Executing VM operation: HandshakeAllThreads done
Event: 42.111 Executing VM operation: HandshakeAllThreads
Event: 42.112 Executing VM operation: HandshakeAllThreads done
Event: 42.121 Executing VM operation: ICBufferFull
Event: 42.121 Executing VM operation: ICBufferFull done
Event: 42.344 Executing VM operation: ICBufferFull
Event: 42.344 Executing VM operation: ICBufferFull done
Event: 42.356 Executing VM operation: HandshakeAllThreads
Event: 42.356 Executing VM operation: HandshakeAllThreads done
Event: 42.672 Executing VM operation: ICBufferFull
Event: 42.673 Executing VM operation: ICBufferFull done
Event: 42.744 Executing VM operation: G1CollectForAllocation
Event: 42.763 Executing VM operation: G1CollectForAllocation done

Events (20 events):
Event: 40.712 loading class java/io/BufferedWriterCustomizer
Event: 40.712 loading class java/io/BufferedWriterCustomizer done
Event: 40.712 loading class java/io/BufferedWriterCustomizer
Event: 40.712 loading class java/io/BufferedWriterCustomizer done
Event: 40.814 loading class java/net/HttpURLConnection
Event: 40.814 loading class java/net/HttpURLConnection done
Event: 40.815 loading class sun/net/ProgressMonitor
Event: 40.815 loading class sun/net/ProgressMonitor done
Event: 40.815 loading class sun/net/DefaultProgressMeteringPolicy
Event: 40.815 loading class sun/net/ProgressMeteringPolicy
Event: 40.815 loading class sun/net/ProgressMeteringPolicy done
Event: 40.816 loading class sun/net/DefaultProgressMeteringPolicy done
Event: 42.346 loading class java/util/stream/SortedOps
Event: 42.351 loading class java/util/stream/SortedOps done
Event: 42.351 loading class java/util/stream/SortedOps$OfRef
Event: 42.354 loading class java/util/stream/SortedOps$OfRef done
Event: 42.357 loading class java/util/stream/SortedOps$SizedRefSortingSink
Event: 42.360 loading class java/util/stream/SortedOps$AbstractRefSortingSink
Event: 42.363 loading class java/util/stream/SortedOps$AbstractRefSortingSink done
Event: 42.363 loading class java/util/stream/SortedOps$SizedRefSortingSink done


Dynamic libraries:
0x00007ff756d40000 - 0x00007ff756d4e000 	C:\Program Files\Microsoft\jdk-17.0.8.7-hotspot\bin\java.exe
0x00007ffb2b9e0000 - 0x00007ffb2bbe9000 	C:\Windows\SYSTEM32\ntdll.dll
0x00007ffb2ab80000 - 0x00007ffb2ac3d000 	C:\Windows\System32\KERNEL32.DLL
0x00007ffb293e0000 - 0x00007ffb29764000 	C:\Windows\System32\KERNELBASE.dll
0x00007ffb290d0000 - 0x00007ffb291e1000 	C:\Windows\System32\ucrtbase.dll
0x00007ffadc360000 - 0x00007ffadc377000 	C:\Program Files\Microsoft\jdk-17.0.8.7-hotspot\bin\jli.dll
0x00007ffadc340000 - 0x00007ffadc35b000 	C:\Program Files\Microsoft\jdk-17.0.8.7-hotspot\bin\VCRUNTIME140.dll
0x00007ffb2a700000 - 0x00007ffb2a8ad000 	C:\Windows\System32\USER32.dll
0x00007ffb00d70000 - 0x00007ffb01015000 	C:\Windows\WinSxS\amd64_microsoft.windows.common-controls_6595b64144ccf1df_6.0.22000.120_none_9d947278b86cc467\COMCTL32.dll
0x00007ffb28e70000 - 0x00007ffb28e96000 	C:\Windows\System32\win32u.dll
0x00007ffb2aad0000 - 0x00007ffb2ab73000 	C:\Windows\System32\msvcrt.dll
0x00007ffb2b690000 - 0x00007ffb2b6ba000 	C:\Windows\System32\GDI32.dll
0x00007ffb28fb0000 - 0x00007ffb290ce000 	C:\Windows\System32\gdi32full.dll
0x00007ffb28ea0000 - 0x00007ffb28f3d000 	C:\Windows\System32\msvcp_win.dll
0x00007ffb2b560000 - 0x00007ffb2b591000 	C:\Windows\System32\IMM32.DLL
0x00007ffb08f60000 - 0x00007ffb08f6c000 	C:\Program Files\Microsoft\jdk-17.0.8.7-hotspot\bin\vcruntime140_1.dll
0x00007ffadc2b0000 - 0x00007ffadc33d000 	C:\Program Files\Microsoft\jdk-17.0.8.7-hotspot\bin\msvcp140.dll
0x00007ffab5e20000 - 0x00007ffab6a85000 	C:\Program Files\Microsoft\jdk-17.0.8.7-hotspot\bin\server\jvm.dll
0x00007ffb2a3a0000 - 0x00007ffb2a44e000 	C:\Windows\System32\ADVAPI32.dll
0x00007ffb2acd0000 - 0x00007ffb2ad6e000 	C:\Windows\System32\sechost.dll
0x00007ffb2b6c0000 - 0x00007ffb2b7e1000 	C:\Windows\System32\RPCRT4.dll
0x00007ffb28d40000 - 0x00007ffb28d8d000 	C:\Windows\SYSTEM32\POWRPROF.dll
0x00007ffb1ebd0000 - 0x00007ffb1ec03000 	C:\Windows\SYSTEM32\WINMM.dll
0x00007ffadc2a0000 - 0x00007ffadc2a9000 	C:\Windows\SYSTEM32\WSOCK32.dll
0x00007ffb2ac50000 - 0x00007ffb2acbf000 	C:\Windows\System32\WS2_32.dll
0x00007ffb19380000 - 0x00007ffb1938a000 	C:\Windows\SYSTEM32\VERSION.dll
0x00007ffb28d20000 - 0x00007ffb28d33000 	C:\Windows\SYSTEM32\UMPDC.dll
0x00007ffb27ea0000 - 0x00007ffb27eb8000 	C:\Windows\SYSTEM32\kernel.appcore.dll
0x00007ffadc290000 - 0x00007ffadc29a000 	C:\Program Files\Microsoft\jdk-17.0.8.7-hotspot\bin\jimage.dll
0x00007ffb1a4a0000 - 0x00007ffb1a6c1000 	C:\Windows\SYSTEM32\DBGHELP.DLL
0x00007ffb1a460000 - 0x00007ffb1a491000 	C:\Windows\SYSTEM32\dbgcore.DLL
0x00007ffb291f0000 - 0x00007ffb2926f000 	C:\Windows\System32\bcryptPrimitives.dll
0x00007ffadc260000 - 0x00007ffadc285000 	C:\Program Files\Microsoft\jdk-17.0.8.7-hotspot\bin\java.dll
0x00007ffad93a0000 - 0x00007ffad9477000 	C:\Program Files\Microsoft\jdk-17.0.8.7-hotspot\bin\jsvml.dll
0x00007ffb2ad90000 - 0x00007ffb2b555000 	C:\Windows\System32\SHELL32.dll
0x00007ffb26f00000 - 0x00007ffb27762000 	C:\Windows\SYSTEM32\windows.storage.dll
0x00007ffb29cb0000 - 0x00007ffb2a026000 	C:\Windows\System32\combase.dll
0x00007ffb26d90000 - 0x00007ffb26ef7000 	C:\Windows\SYSTEM32\wintypes.dll
0x00007ffb2a610000 - 0x00007ffb2a6fa000 	C:\Windows\System32\SHCORE.dll
0x00007ffb2a030000 - 0x00007ffb2a08d000 	C:\Windows\System32\shlwapi.dll
0x00007ffb28da0000 - 0x00007ffb28dc5000 	C:\Windows\SYSTEM32\profapi.dll
0x00007ffadc240000 - 0x00007ffadc259000 	C:\Program Files\Microsoft\jdk-17.0.8.7-hotspot\bin\net.dll
0x00007ffb21950000 - 0x00007ffb21a64000 	C:\Windows\SYSTEM32\WINHTTP.dll
0x00007ffb28340000 - 0x00007ffb283a7000 	C:\Windows\system32\mswsock.dll
0x00007ffadc220000 - 0x00007ffadc236000 	C:\Program Files\Microsoft\jdk-17.0.8.7-hotspot\bin\nio.dll
0x00007ffadc200000 - 0x00007ffadc218000 	C:\Program Files\Microsoft\jdk-17.0.8.7-hotspot\bin\zip.dll
0x00007ffadc1f0000 - 0x00007ffadc200000 	C:\Program Files\Microsoft\jdk-17.0.8.7-hotspot\bin\verify.dll
0x00007ffad94f0000 - 0x00007ffad9517000 	C:\Users\lab_services_student\.gradle\native\e1d6ef7f7dcc3fd88c89a11ec53ec762bb8ba0a96d01ffa2cd45eb1d1d8dd5c5\windows-amd64\native-platform.dll
0x00007ffab7ac0000 - 0x00007ffab7c04000 	C:\Users\lab_services_student\.gradle\native\5664cfc778a61ccfe75a443a1ab52a65af34e5dc3c78e0209fed803814484fcb\windows-amd64\native-platform-file-events.dll
0x00007ffadc1d0000 - 0x00007ffadc1d9000 	C:\Program Files\Microsoft\jdk-17.0.8.7-hotspot\bin\management.dll
0x00007ffad94e0000 - 0x00007ffad94eb000 	C:\Program Files\Microsoft\jdk-17.0.8.7-hotspot\bin\management_ext.dll
0x00007ffb2a920000 - 0x00007ffb2a928000 	C:\Windows\System32\PSAPI.DLL
0x00007ffb28610000 - 0x00007ffb28628000 	C:\Windows\SYSTEM32\CRYPTSP.dll
0x00007ffb27e00000 - 0x00007ffb27e35000 	C:\Windows\system32\rsaenh.dll
0x00007ffb283e0000 - 0x00007ffb2840c000 	C:\Windows\SYSTEM32\USERENV.dll
0x00007ffb28750000 - 0x00007ffb28777000 	C:\Windows\SYSTEM32\bcrypt.dll
0x00007ffb28530000 - 0x00007ffb2853c000 	C:\Windows\SYSTEM32\CRYPTBASE.dll
0x00007ffb27a50000 - 0x00007ffb27a7d000 	C:\Windows\SYSTEM32\IPHLPAPI.DLL
0x00007ffb2ac40000 - 0x00007ffb2ac49000 	C:\Windows\System32\NSI.dll
0x00007ffb21930000 - 0x00007ffb21949000 	C:\Windows\SYSTEM32\dhcpcsvc6.DLL
0x00007ffb228b0000 - 0x00007ffb228ce000 	C:\Windows\SYSTEM32\dhcpcsvc.DLL
0x00007ffb27a80000 - 0x00007ffb27b67000 	C:\Windows\SYSTEM32\DNSAPI.dll
0x00007ffad94d0000 - 0x00007ffad94de000 	C:\Program Files\Microsoft\jdk-17.0.8.7-hotspot\bin\sunmscapi.dll
0x00007ffb29270000 - 0x00007ffb293d2000 	C:\Windows\System32\CRYPT32.dll
0x00007ffb28720000 - 0x00007ffb28748000 	C:\Windows\SYSTEM32\ncrypt.dll
0x00007ffb286e0000 - 0x00007ffb28717000 	C:\Windows\SYSTEM32\NTASN1.dll
0x00007ffb057b0000 - 0x00007ffb057b8000 	C:\Windows\system32\wshunix.dll
0x00007ffb20160000 - 0x00007ffb2016a000 	C:\Windows\System32\rasadhlp.dll
0x00007ffb20af0000 - 0x00007ffb20b71000 	C:\Windows\System32\fwpuclnt.dll
0x00007ffb11bb0000 - 0x00007ffb11bc7000 	C:\Windows\system32\napinsp.dll
0x00007ffb11b90000 - 0x00007ffb11bab000 	C:\Windows\system32\pnrpnsp.dll
0x00007ffb11b70000 - 0x00007ffb11b82000 	C:\Windows\System32\winrnr.dll
0x00007ffb11b50000 - 0x00007ffb11b65000 	C:\Windows\system32\wshbth.dll
0x00007ffb11b30000 - 0x00007ffb11b4f000 	C:\Windows\system32\nlansp_c.dll

dbghelp: loaded successfully - version: 4.0.5 - missing functions: none
symbol engine: initialized successfully - sym options: 0x614 - pdb path: .;C:\Program Files\Microsoft\jdk-17.0.8.7-hotspot\bin;C:\Windows\SYSTEM32;C:\Windows\WinSxS\amd64_microsoft.windows.common-controls_6595b64144ccf1df_6.0.22000.120_none_9d947278b86cc467;C:\Program Files\Microsoft\jdk-17.0.8.7-hotspot\bin\server;C:\Users\lab_services_student\.gradle\native\e1d6ef7f7dcc3fd88c89a11ec53ec762bb8ba0a96d01ffa2cd45eb1d1d8dd5c5\windows-amd64;C:\Users\lab_services_student\.gradle\native\5664cfc778a61ccfe75a443a1ab52a65af34e5dc3c78e0209fed803814484fcb\windows-amd64

VM Arguments:
jvm_args: -XX:MaxMetaspaceSize=512m --add-opens=java.base/java.util=ALL-UNNAMED --add-opens=java.base/java.lang=ALL-UNNAMED --add-opens=java.base/java.lang.invoke=ALL-UNNAMED --add-opens=java.base/java.util=ALL-UNNAMED --add-opens=java.prefs/java.util.prefs=ALL-UNNAMED --add-opens=java.prefs/java.util.prefs=ALL-UNNAMED --add-opens=java.base/java.nio.charset=ALL-UNNAMED --add-opens=java.base/java.net=ALL-UNNAMED --add-opens=java.base/java.util.concurrent.atomic=ALL-UNNAMED -Xmx2048m -Dfile.encoding=windows-1252 -Duser.country=ZA -Duser.language=en -Duser.variant 
java_command: org.gradle.launcher.daemon.bootstrap.GradleDaemon 7.3.3
java_class_path (initial): C:\Users\lab_services_student\.gradle\wrapper\dists\gradle-7.3.3-all\4295vidhdd9hd3gbjyw1xqxpo\gradle-7.3.3\lib\gradle-launcher-7.3.3.jar
Launcher Type: SUN_STANDARD

[Global flags]
     intx CICompilerCount                          = 3                                         {product} {ergonomic}
   size_t CompressedClassSpaceSize                 = 436207616                                 {product} {ergonomic}
     uint ConcGCThreads                            = 1                                         {product} {ergonomic}
     uint G1ConcRefinementThreads                  = 4                                         {product} {ergonomic}
   size_t G1HeapRegionSize                         = 1048576                                   {product} {ergonomic}
    uintx GCDrainStackTargetSize                   = 64                                        {product} {ergonomic}
   size_t InitialHeapSize                          = 268435456                                 {product} {ergonomic}
   size_t MarkStackSize                            = 4194304                                   {product} {ergonomic}
   size_t MaxHeapSize                              = 2147483648                                {product} {command line}
   size_t MaxMetaspaceSize                         = 536870912                                 {product} {command line}
   size_t MaxNewSize                               = 1287651328                                {product} {ergonomic}
   size_t MinHeapDeltaBytes                        = 1048576                                   {product} {ergonomic}
   size_t MinHeapSize                              = 8388608                                   {product} {ergonomic}
    uintx NonNMethodCodeHeapSize                   = 5832780                                {pd product} {ergonomic}
    uintx NonProfiledCodeHeapSize                  = 122912730                              {pd product} {ergonomic}
    uintx ProfiledCodeHeapSize                     = 122912730                              {pd product} {ergonomic}
    uintx ReservedCodeCacheSize                    = 251658240                              {pd product} {ergonomic}
     bool SegmentedCodeCache                       = true                                      {product} {ergonomic}
   size_t SoftMaxHeapSize                          = 2147483648                             {manageable} {ergonomic}
     bool UseCompressedClassPointers               = true                           {product lp64_product} {ergonomic}
     bool UseCompressedOops                        = true                           {product lp64_product} {ergonomic}
     bool UseG1GC                                  = true                                      {product} {ergonomic}
     bool UseLargePagesIndividualAllocation        = false                                  {pd product} {ergonomic}

Logging:
Log output configuration:
 #0: stdout all=warning uptime,level,tags
 #1: stderr all=off uptime,level,tags

Environment Variables:
JAVA_HOME=C:\Program Files\Microsoft\jdk-17.0.8.7-hotspot\
CLASSPATH=C:\Users\lab_services_student\Desktop\VS PROJECTS\PART2\android\\gradle\wrapper\gradle-wrapper.jar
PATH=C:\Users\lab_services_student\Desktop\VS PROJECTS\PART2\android\node_modules\.bin;C:\Users\lab_services_student\Desktop\VS PROJECTS\PART2\node_modules\.bin;C:\Users\lab_services_student\Desktop\VS PROJECTS\node_modules\.bin;C:\Users\lab_services_student\Desktop\node_modules\.bin;C:\Users\lab_services_student\node_modules\.bin;C:\Users\node_modules\.bin;C:\node_modules\.bin;C:\Program Files\nodejs;C:\Users\lab_services_student\Desktop\VS PROJECTS\PART2\node_modules\.bin;C:\Users\lab_services_student\Desktop\VS PROJECTS\PART2\node_modules\.bin;C:\Users\lab_services_student\Desktop\VS PROJECTS\node_modules\.bin;C:\Users\lab_services_student\Desktop\node_modules\.bin;C:\Users\lab_services_student\node_modules\.bin;C:\Users\node_modules\.bin;C:\node_modules\.bin;C:\Users\lab_services_student\AppData\Roaming\npm\node_modules\npm\node_modules\@npmcli\run-script\lib\node-gyp-bin;C:\Program Files\Common Files\Oracle\Java\javapath;C:\Python312\Scripts\;C:\Python312\;C:\Program Files\Microsoft\jdk-17.0.8.7-hotspot\bin;C:\Windows\system32;C:\Windows;C:\Windows\System32\Wbem;C:\Windows\System32\WindowsPowerShell\v1.0\;C:\Windows\System32\OpenSSH\;C:\ProgramData\chocolatey\bin;C:\Program Files\Microsoft VS Code\bin;C:\Program Files\nodejs\;%LOCALAPPDATA%\Android\Sdk\platform-tools;C:\Program Files\Git\cmd;C:\Users\lab_services_student\AppData\Local\Microsoft\WindowsApps;C:\Users\lab_services_student\AppData\Roaming\npm;C:\Users\lab_services_student\AppData\Local\GitHubDesktop\bin;C:\Users\lab_services_student\AppData\Local\Pandoc\;C:\Users\lab_services_student\AppData\Local\Microsoft\WinGet\Links;
USERNAME=lab_services_student
LANG=en_US.UTF-8
OS=Windows_NT
PROCESSOR_IDENTIFIER=Intel64 Family 6 Model 85 Stepping 7, GenuineIntel
TMP=C:\Users\LAB_SE~1\AppData\Local\Temp
TEMP=C:\Users\LAB_SE~1\AppData\Local\Temp



---------------  S Y S T E M  ---------------

OS:
 Windows 11 , 64 bit Build 22000 (10.0.22000.2538)
OS uptime: 0 days 0:09 hours
Hyper-V role detected

CPU: total 4 (initial active 4) (2 cores per cpu, 2 threads per core) family 6 model 85 stepping 7 microcode 0xffffffff, cx8, cmov, fxsr, ht, mmx, 3dnowpref, sse, sse2, sse3, ssse3, sse4.1, sse4.2, popcnt, lzcnt, tsc, avx, avx2, aes, erms, clmul, bmi1, bmi2, rtm, adx, avx512f, avx512dq, avx512cd, avx512bw, avx512vl, fma, vzeroupper, avx512_vnni, clflush, clflushopt, clwb, hv
Processor Information for all 4 processors :
  Max Mhz: 2594, Current Mhz: 2594, Mhz Limit: 2594

Memory: 4k page, system-wide physical 16382M (9047M free)
TotalPageFile size 18814M (AvailPageFile size 10133M)
current process WorkingSet (physical memory assigned to process): 543M, peak: 545M
current process commit charge ("private bytes"): 578M, peak: 581M

vm_info: OpenJDK 64-Bit Server VM (17.0.8+7-LTS) for windows-amd64 JRE (17.0.8+7-LTS), built on Jul  7 2023 17:21:55 by "MicrosoftCorporation" with MS VC++ 16.10 / 16.11 (VS2019)

END.
